[DEBUG] 2018-10-03 12:07:27.872 [main] IntegratorServiceImpl - Adding Integrator [org.hibernate.cfg.beanvalidation.BeanValidationIntegrator].
[DEBUG] 2018-10-03 12:07:27.882 [main] IntegratorServiceImpl - Adding Integrator [org.hibernate.secure.spi.JaccIntegrator].
[DEBUG] 2018-10-03 12:07:27.885 [main] IntegratorServiceImpl - Adding Integrator [org.hibernate.cache.internal.CollectionCacheInvalidator].
[INFO ] 2018-10-03 12:07:27.946 [main] Version - HHH000412: Hibernate Core {5.2.12.Final}
[INFO ] 2018-10-03 12:07:27.947 [main] Environment - HHH000206: hibernate.properties not found
[DEBUG] 2018-10-03 12:07:28.010 [main] LocalXmlResourceResolver - Interpreting public/system identifier : [-//Hibernate/Hibernate Configuration DTD//EN] - [http://www.hibernate.org/dtd/hibernate-configuration-3.0.dtd]
[DEBUG] 2018-10-03 12:07:28.011 [main] LocalXmlResourceResolver - Recognized hibernate-configuration identifier; attempting to resolve on classpath under org/hibernate/
[DEBUG] 2018-10-03 12:07:28.017 [main] JaxbCfgProcessor - cfg.xml document did not define namespaces; wrapping in custom event reader to introduce namespace information
[DEBUG] 2018-10-03 12:07:28.201 [main] ServiceBinding - Overriding existing service binding [org.hibernate.secure.spi.JaccService]
[DEBUG] 2018-10-03 12:07:28.221 [main] RegionFactoryInitiator - Cache region factory : org.hibernate.cache.internal.NoCachingRegionFactory
[INFO ] 2018-10-03 12:07:28.229 [main] Version - HCANN000001: Hibernate Commons Annotations {5.0.1.Final}
[DEBUG] 2018-10-03 12:07:28.249 [main] BasicTypeRegistry - Adding type registration boolean -> org.hibernate.type.BooleanType@1051817b
[DEBUG] 2018-10-03 12:07:28.250 [main] BasicTypeRegistry - Adding type registration boolean -> org.hibernate.type.BooleanType@1051817b
[DEBUG] 2018-10-03 12:07:28.250 [main] BasicTypeRegistry - Adding type registration java.lang.Boolean -> org.hibernate.type.BooleanType@1051817b
[DEBUG] 2018-10-03 12:07:28.250 [main] BasicTypeRegistry - Adding type registration numeric_boolean -> org.hibernate.type.NumericBooleanType@41beb473
[DEBUG] 2018-10-03 12:07:28.251 [main] BasicTypeRegistry - Adding type registration true_false -> org.hibernate.type.TrueFalseType@677dbd89
[DEBUG] 2018-10-03 12:07:28.252 [main] BasicTypeRegistry - Adding type registration yes_no -> org.hibernate.type.YesNoType@2ca47471
[DEBUG] 2018-10-03 12:07:28.253 [main] BasicTypeRegistry - Adding type registration byte -> org.hibernate.type.ByteType@3a0807b7
[DEBUG] 2018-10-03 12:07:28.253 [main] BasicTypeRegistry - Adding type registration byte -> org.hibernate.type.ByteType@3a0807b7
[DEBUG] 2018-10-03 12:07:28.253 [main] BasicTypeRegistry - Adding type registration java.lang.Byte -> org.hibernate.type.ByteType@3a0807b7
[DEBUG] 2018-10-03 12:07:28.254 [main] BasicTypeRegistry - Adding type registration character -> org.hibernate.type.CharacterType@5489c777
[DEBUG] 2018-10-03 12:07:28.254 [main] BasicTypeRegistry - Adding type registration char -> org.hibernate.type.CharacterType@5489c777
[DEBUG] 2018-10-03 12:07:28.254 [main] BasicTypeRegistry - Adding type registration java.lang.Character -> org.hibernate.type.CharacterType@5489c777
[DEBUG] 2018-10-03 12:07:28.256 [main] BasicTypeRegistry - Adding type registration short -> org.hibernate.type.ShortType@5707c1cb
[DEBUG] 2018-10-03 12:07:28.256 [main] BasicTypeRegistry - Adding type registration short -> org.hibernate.type.ShortType@5707c1cb
[DEBUG] 2018-10-03 12:07:28.256 [main] BasicTypeRegistry - Adding type registration java.lang.Short -> org.hibernate.type.ShortType@5707c1cb
[DEBUG] 2018-10-03 12:07:28.257 [main] BasicTypeRegistry - Adding type registration integer -> org.hibernate.type.IntegerType@72efb5c1
[DEBUG] 2018-10-03 12:07:28.257 [main] BasicTypeRegistry - Adding type registration int -> org.hibernate.type.IntegerType@72efb5c1
[DEBUG] 2018-10-03 12:07:28.257 [main] BasicTypeRegistry - Adding type registration java.lang.Integer -> org.hibernate.type.IntegerType@72efb5c1
[DEBUG] 2018-10-03 12:07:28.258 [main] BasicTypeRegistry - Adding type registration long -> org.hibernate.type.LongType@5bd73d1a
[DEBUG] 2018-10-03 12:07:28.258 [main] BasicTypeRegistry - Adding type registration long -> org.hibernate.type.LongType@5bd73d1a
[DEBUG] 2018-10-03 12:07:28.258 [main] BasicTypeRegistry - Adding type registration java.lang.Long -> org.hibernate.type.LongType@5bd73d1a
[DEBUG] 2018-10-03 12:07:28.260 [main] BasicTypeRegistry - Adding type registration float -> org.hibernate.type.FloatType@40bffbca
[DEBUG] 2018-10-03 12:07:28.260 [main] BasicTypeRegistry - Adding type registration float -> org.hibernate.type.FloatType@40bffbca
[DEBUG] 2018-10-03 12:07:28.260 [main] BasicTypeRegistry - Adding type registration java.lang.Float -> org.hibernate.type.FloatType@40bffbca
[DEBUG] 2018-10-03 12:07:28.261 [main] BasicTypeRegistry - Adding type registration double -> org.hibernate.type.DoubleType@408b35bf
[DEBUG] 2018-10-03 12:07:28.261 [main] BasicTypeRegistry - Adding type registration double -> org.hibernate.type.DoubleType@408b35bf
[DEBUG] 2018-10-03 12:07:28.261 [main] BasicTypeRegistry - Adding type registration java.lang.Double -> org.hibernate.type.DoubleType@408b35bf
[DEBUG] 2018-10-03 12:07:28.262 [main] BasicTypeRegistry - Adding type registration big_decimal -> org.hibernate.type.BigDecimalType@51650883
[DEBUG] 2018-10-03 12:07:28.263 [main] BasicTypeRegistry - Adding type registration java.math.BigDecimal -> org.hibernate.type.BigDecimalType@51650883
[DEBUG] 2018-10-03 12:07:28.263 [main] BasicTypeRegistry - Adding type registration big_integer -> org.hibernate.type.BigIntegerType@241a53ef
[DEBUG] 2018-10-03 12:07:28.264 [main] BasicTypeRegistry - Adding type registration java.math.BigInteger -> org.hibernate.type.BigIntegerType@241a53ef
[DEBUG] 2018-10-03 12:07:28.264 [main] BasicTypeRegistry - Adding type registration string -> org.hibernate.type.StringType@31500940
[DEBUG] 2018-10-03 12:07:28.264 [main] BasicTypeRegistry - Adding type registration java.lang.String -> org.hibernate.type.StringType@31500940
[DEBUG] 2018-10-03 12:07:28.265 [main] BasicTypeRegistry - Adding type registration nstring -> org.hibernate.type.StringNVarcharType@200606de
[DEBUG] 2018-10-03 12:07:28.266 [main] BasicTypeRegistry - Adding type registration ncharacter -> org.hibernate.type.CharacterNCharType@1e11bc55
[DEBUG] 2018-10-03 12:07:28.267 [main] BasicTypeRegistry - Adding type registration url -> org.hibernate.type.UrlType@82c57b3
[DEBUG] 2018-10-03 12:07:28.267 [main] BasicTypeRegistry - Adding type registration java.net.URL -> org.hibernate.type.UrlType@82c57b3
[DEBUG] 2018-10-03 12:07:28.268 [main] BasicTypeRegistry - Adding type registration Duration -> org.hibernate.type.DurationType@1734f68
[DEBUG] 2018-10-03 12:07:28.268 [main] BasicTypeRegistry - Adding type registration java.time.Duration -> org.hibernate.type.DurationType@1734f68
[DEBUG] 2018-10-03 12:07:28.281 [main] BasicTypeRegistry - Adding type registration Instant -> org.hibernate.type.InstantType@27f9e982
[DEBUG] 2018-10-03 12:07:28.281 [main] BasicTypeRegistry - Adding type registration java.time.Instant -> org.hibernate.type.InstantType@27f9e982
[DEBUG] 2018-10-03 12:07:28.283 [main] BasicTypeRegistry - Adding type registration LocalDateTime -> org.hibernate.type.LocalDateTimeType@1d572e62
[DEBUG] 2018-10-03 12:07:28.283 [main] BasicTypeRegistry - Adding type registration java.time.LocalDateTime -> org.hibernate.type.LocalDateTimeType@1d572e62
[DEBUG] 2018-10-03 12:07:28.285 [main] BasicTypeRegistry - Adding type registration LocalDate -> org.hibernate.type.LocalDateType@547e29a4
[DEBUG] 2018-10-03 12:07:28.285 [main] BasicTypeRegistry - Adding type registration java.time.LocalDate -> org.hibernate.type.LocalDateType@547e29a4
[DEBUG] 2018-10-03 12:07:28.286 [main] BasicTypeRegistry - Adding type registration LocalTime -> org.hibernate.type.LocalTimeType@2024293c
[DEBUG] 2018-10-03 12:07:28.286 [main] BasicTypeRegistry - Adding type registration java.time.LocalTime -> org.hibernate.type.LocalTimeType@2024293c
[DEBUG] 2018-10-03 12:07:28.287 [main] BasicTypeRegistry - Adding type registration OffsetDateTime -> org.hibernate.type.OffsetDateTimeType@2a2bb0eb
[DEBUG] 2018-10-03 12:07:28.287 [main] BasicTypeRegistry - Adding type registration java.time.OffsetDateTime -> org.hibernate.type.OffsetDateTimeType@2a2bb0eb
[DEBUG] 2018-10-03 12:07:28.288 [main] BasicTypeRegistry - Adding type registration OffsetTime -> org.hibernate.type.OffsetTimeType@1cfd1875
[DEBUG] 2018-10-03 12:07:28.289 [main] BasicTypeRegistry - Adding type registration java.time.OffsetTime -> org.hibernate.type.OffsetTimeType@1cfd1875
[DEBUG] 2018-10-03 12:07:28.292 [main] BasicTypeRegistry - Adding type registration ZonedDateTime -> org.hibernate.type.ZonedDateTimeType@3a7b503d
[DEBUG] 2018-10-03 12:07:28.292 [main] BasicTypeRegistry - Adding type registration java.time.ZonedDateTime -> org.hibernate.type.ZonedDateTimeType@3a7b503d
[DEBUG] 2018-10-03 12:07:28.293 [main] BasicTypeRegistry - Adding type registration date -> org.hibernate.type.DateType@4d0402b
[DEBUG] 2018-10-03 12:07:28.293 [main] BasicTypeRegistry - Adding type registration java.sql.Date -> org.hibernate.type.DateType@4d0402b
[DEBUG] 2018-10-03 12:07:28.295 [main] BasicTypeRegistry - Adding type registration time -> org.hibernate.type.TimeType@10b3df93
[DEBUG] 2018-10-03 12:07:28.295 [main] BasicTypeRegistry - Adding type registration java.sql.Time -> org.hibernate.type.TimeType@10b3df93
[DEBUG] 2018-10-03 12:07:28.296 [main] BasicTypeRegistry - Adding type registration timestamp -> org.hibernate.type.TimestampType@3abd581e
[DEBUG] 2018-10-03 12:07:28.296 [main] BasicTypeRegistry - Adding type registration java.sql.Timestamp -> org.hibernate.type.TimestampType@3abd581e
[DEBUG] 2018-10-03 12:07:28.296 [main] BasicTypeRegistry - Adding type registration java.util.Date -> org.hibernate.type.TimestampType@3abd581e
[DEBUG] 2018-10-03 12:07:28.297 [main] BasicTypeRegistry - Adding type registration dbtimestamp -> org.hibernate.type.DbTimestampType@3fabf088
[DEBUG] 2018-10-03 12:07:28.298 [main] BasicTypeRegistry - Adding type registration calendar -> org.hibernate.type.CalendarType@6831d8fd
[DEBUG] 2018-10-03 12:07:28.298 [main] BasicTypeRegistry - Adding type registration java.util.Calendar -> org.hibernate.type.CalendarType@6831d8fd
[DEBUG] 2018-10-03 12:07:28.298 [main] BasicTypeRegistry - Adding type registration java.util.GregorianCalendar -> org.hibernate.type.CalendarType@6831d8fd
[DEBUG] 2018-10-03 12:07:28.299 [main] BasicTypeRegistry - Adding type registration calendar_date -> org.hibernate.type.CalendarDateType@18e8473e
[DEBUG] 2018-10-03 12:07:28.300 [main] BasicTypeRegistry - Adding type registration locale -> org.hibernate.type.LocaleType@3bb9efbc
[DEBUG] 2018-10-03 12:07:28.300 [main] BasicTypeRegistry - Adding type registration java.util.Locale -> org.hibernate.type.LocaleType@3bb9efbc
[DEBUG] 2018-10-03 12:07:28.301 [main] BasicTypeRegistry - Adding type registration currency -> org.hibernate.type.CurrencyType@50d68830
[DEBUG] 2018-10-03 12:07:28.301 [main] BasicTypeRegistry - Adding type registration java.util.Currency -> org.hibernate.type.CurrencyType@50d68830
[DEBUG] 2018-10-03 12:07:28.302 [main] BasicTypeRegistry - Adding type registration timezone -> org.hibernate.type.TimeZoneType@a23a01d
[DEBUG] 2018-10-03 12:07:28.302 [main] BasicTypeRegistry - Adding type registration java.util.TimeZone -> org.hibernate.type.TimeZoneType@a23a01d
[DEBUG] 2018-10-03 12:07:28.302 [main] BasicTypeRegistry - Adding type registration class -> org.hibernate.type.ClassType@57a4d5ee
[DEBUG] 2018-10-03 12:07:28.302 [main] BasicTypeRegistry - Adding type registration java.lang.Class -> org.hibernate.type.ClassType@57a4d5ee
[DEBUG] 2018-10-03 12:07:28.304 [main] BasicTypeRegistry - Adding type registration uuid-binary -> org.hibernate.type.UUIDBinaryType@10ad20cb
[DEBUG] 2018-10-03 12:07:28.304 [main] BasicTypeRegistry - Adding type registration java.util.UUID -> org.hibernate.type.UUIDBinaryType@10ad20cb
[DEBUG] 2018-10-03 12:07:28.304 [main] BasicTypeRegistry - Adding type registration uuid-char -> org.hibernate.type.UUIDCharType@7bfc3126
[DEBUG] 2018-10-03 12:07:28.305 [main] BasicTypeRegistry - Adding type registration binary -> org.hibernate.type.BinaryType@1968a49c
[DEBUG] 2018-10-03 12:07:28.305 [main] BasicTypeRegistry - Adding type registration byte[] -> org.hibernate.type.BinaryType@1968a49c
[DEBUG] 2018-10-03 12:07:28.305 [main] BasicTypeRegistry - Adding type registration [B -> org.hibernate.type.BinaryType@1968a49c
[DEBUG] 2018-10-03 12:07:28.306 [main] BasicTypeRegistry - Adding type registration wrapper-binary -> org.hibernate.type.WrapperBinaryType@6b739528
[DEBUG] 2018-10-03 12:07:28.306 [main] BasicTypeRegistry - Adding type registration Byte[] -> org.hibernate.type.WrapperBinaryType@6b739528
[DEBUG] 2018-10-03 12:07:28.307 [main] BasicTypeRegistry - Adding type registration [Ljava.lang.Byte; -> org.hibernate.type.WrapperBinaryType@6b739528
[DEBUG] 2018-10-03 12:07:28.307 [main] BasicTypeRegistry - Adding type registration row_version -> org.hibernate.type.RowVersionType@6a175569
[DEBUG] 2018-10-03 12:07:28.308 [main] BasicTypeRegistry - Adding type registration image -> org.hibernate.type.ImageType@5b69fd74
[DEBUG] 2018-10-03 12:07:28.309 [main] BasicTypeRegistry - Adding type registration characters -> org.hibernate.type.CharArrayType@271f18d3
[DEBUG] 2018-10-03 12:07:28.309 [main] BasicTypeRegistry - Adding type registration char[] -> org.hibernate.type.CharArrayType@271f18d3
[DEBUG] 2018-10-03 12:07:28.309 [main] BasicTypeRegistry - Adding type registration [C -> org.hibernate.type.CharArrayType@271f18d3
[DEBUG] 2018-10-03 12:07:28.310 [main] BasicTypeRegistry - Adding type registration wrapper-characters -> org.hibernate.type.CharacterArrayType@3fc08eec
[DEBUG] 2018-10-03 12:07:28.310 [main] BasicTypeRegistry - Adding type registration [Ljava.lang.Character; -> org.hibernate.type.CharacterArrayType@3fc08eec
[DEBUG] 2018-10-03 12:07:28.310 [main] BasicTypeRegistry - Adding type registration Character[] -> org.hibernate.type.CharacterArrayType@3fc08eec
[DEBUG] 2018-10-03 12:07:28.310 [main] BasicTypeRegistry - Adding type registration text -> org.hibernate.type.TextType@467f77a5
[DEBUG] 2018-10-03 12:07:28.311 [main] BasicTypeRegistry - Adding type registration ntext -> org.hibernate.type.NTextType@58cd06cb
[DEBUG] 2018-10-03 12:07:28.315 [main] BasicTypeRegistry - Adding type registration blob -> org.hibernate.type.BlobType@d71adc2
[DEBUG] 2018-10-03 12:07:28.315 [main] BasicTypeRegistry - Adding type registration java.sql.Blob -> org.hibernate.type.BlobType@d71adc2
[DEBUG] 2018-10-03 12:07:28.315 [main] BasicTypeRegistry - Adding type registration materialized_blob -> org.hibernate.type.MaterializedBlobType@159e366
[DEBUG] 2018-10-03 12:07:28.319 [main] BasicTypeRegistry - Adding type registration clob -> org.hibernate.type.ClobType@75201592
[DEBUG] 2018-10-03 12:07:28.319 [main] BasicTypeRegistry - Adding type registration java.sql.Clob -> org.hibernate.type.ClobType@75201592
[DEBUG] 2018-10-03 12:07:28.321 [main] BasicTypeRegistry - Adding type registration nclob -> org.hibernate.type.NClobType@50cf5a23
[DEBUG] 2018-10-03 12:07:28.322 [main] BasicTypeRegistry - Adding type registration java.sql.NClob -> org.hibernate.type.NClobType@50cf5a23
[DEBUG] 2018-10-03 12:07:28.322 [main] BasicTypeRegistry - Adding type registration materialized_clob -> org.hibernate.type.MaterializedClobType@1af1347d
[DEBUG] 2018-10-03 12:07:28.322 [main] BasicTypeRegistry - Adding type registration materialized_nclob -> org.hibernate.type.MaterializedNClobType@2899a8db
[DEBUG] 2018-10-03 12:07:28.323 [main] BasicTypeRegistry - Adding type registration serializable -> org.hibernate.type.SerializableType@5710768a
[DEBUG] 2018-10-03 12:07:28.326 [main] BasicTypeRegistry - Adding type registration object -> org.hibernate.type.ObjectType@26f3d90c
[DEBUG] 2018-10-03 12:07:28.326 [main] BasicTypeRegistry - Adding type registration java.lang.Object -> org.hibernate.type.ObjectType@26f3d90c
[DEBUG] 2018-10-03 12:07:28.327 [main] BasicTypeRegistry - Adding type registration imm_date -> org.hibernate.type.AdaptedImmutableType@4c5204af
[DEBUG] 2018-10-03 12:07:28.327 [main] BasicTypeRegistry - Adding type registration imm_time -> org.hibernate.type.AdaptedImmutableType@3f3ddbd9
[DEBUG] 2018-10-03 12:07:28.327 [main] BasicTypeRegistry - Adding type registration imm_timestamp -> org.hibernate.type.AdaptedImmutableType@14c053c6
[DEBUG] 2018-10-03 12:07:28.327 [main] BasicTypeRegistry - Adding type registration imm_dbtimestamp -> org.hibernate.type.AdaptedImmutableType@6c2d4cc6
[DEBUG] 2018-10-03 12:07:28.327 [main] BasicTypeRegistry - Adding type registration imm_calendar -> org.hibernate.type.AdaptedImmutableType@30865a90
[DEBUG] 2018-10-03 12:07:28.327 [main] BasicTypeRegistry - Adding type registration imm_calendar_date -> org.hibernate.type.AdaptedImmutableType@6134ac4a
[DEBUG] 2018-10-03 12:07:28.327 [main] BasicTypeRegistry - Adding type registration imm_binary -> org.hibernate.type.AdaptedImmutableType@777c9dc9
[DEBUG] 2018-10-03 12:07:28.327 [main] BasicTypeRegistry - Adding type registration imm_serializable -> org.hibernate.type.AdaptedImmutableType@71b1a49c
[INFO ] 2018-10-03 12:07:28.374 [main] C3P0ConnectionProvider - HHH010002: C3P0 using driver: com.mysql.jdbc.Driver at URL: jdbc:mysql://localhost:3306/WorldOfDarknessTest
[INFO ] 2018-10-03 12:07:28.374 [main] C3P0ConnectionProvider - HHH10001001: Connection properties: {user=root, password=****}
[INFO ] 2018-10-03 12:07:28.374 [main] C3P0ConnectionProvider - HHH10001003: Autocommit mode: false
[INFO ] 2018-10-03 12:07:28.491 [main] C3P0ConnectionProvider - HHH10001007: JDBC isolation level: <unknown>
[DEBUG] 2018-10-03 12:07:28.782 [main] JdbcEnvironmentInitiator - Database ->
       name : MySQL
    version : 5.7.23-0ubuntu0.16.04.1
      major : 5
      minor : 7
[DEBUG] 2018-10-03 12:07:28.783 [main] JdbcEnvironmentInitiator - Driver ->
       name : MySQL Connector Java
    version : mysql-connector-java-5.1.39 ( Revision: 3289a357af6d09ecc1a10fd3c26e95183e5790ad )
      major : 5
      minor : 1
[DEBUG] 2018-10-03 12:07:28.783 [main] JdbcEnvironmentInitiator - JDBC version : 4.0
[INFO ] 2018-10-03 12:07:28.806 [main] Dialect - HHH000400: Using dialect: org.hibernate.dialect.MySQL5Dialect
[DEBUG] 2018-10-03 12:07:28.838 [main] IdentifierHelperBuilder - JDBC driver metadata reported database stores quoted identifiers in more than one case
[DEBUG] 2018-10-03 12:07:28.839 [main] IdentifierHelperBuilder - IdentifierCaseStrategy for both quoted and unquoted identifiers was set to the same strategy [MIXED]; that will likely lead to problems in schema update and validation if using quoted identifiers
[DEBUG] 2018-10-03 12:07:28.880 [main] DefaultIdentifierGeneratorFactory - Registering IdentifierGenerator strategy [uuid2] -> [org.hibernate.id.UUIDGenerator]
[DEBUG] 2018-10-03 12:07:28.880 [main] DefaultIdentifierGeneratorFactory - Registering IdentifierGenerator strategy [guid] -> [org.hibernate.id.GUIDGenerator]
[DEBUG] 2018-10-03 12:07:28.881 [main] DefaultIdentifierGeneratorFactory - Registering IdentifierGenerator strategy [uuid] -> [org.hibernate.id.UUIDHexGenerator]
[DEBUG] 2018-10-03 12:07:28.881 [main] DefaultIdentifierGeneratorFactory - Registering IdentifierGenerator strategy [uuid.hex] -> [org.hibernate.id.UUIDHexGenerator]
[DEBUG] 2018-10-03 12:07:28.881 [main] DefaultIdentifierGeneratorFactory - Registering IdentifierGenerator strategy [assigned] -> [org.hibernate.id.Assigned]
[DEBUG] 2018-10-03 12:07:28.882 [main] DefaultIdentifierGeneratorFactory - Registering IdentifierGenerator strategy [identity] -> [org.hibernate.id.IdentityGenerator]
[DEBUG] 2018-10-03 12:07:28.882 [main] DefaultIdentifierGeneratorFactory - Registering IdentifierGenerator strategy [select] -> [org.hibernate.id.SelectGenerator]
[DEBUG] 2018-10-03 12:07:28.883 [main] DefaultIdentifierGeneratorFactory - Registering IdentifierGenerator strategy [sequence] -> [org.hibernate.id.enhanced.SequenceStyleGenerator]
[DEBUG] 2018-10-03 12:07:28.884 [main] DefaultIdentifierGeneratorFactory - Registering IdentifierGenerator strategy [seqhilo] -> [org.hibernate.id.SequenceHiLoGenerator]
[DEBUG] 2018-10-03 12:07:28.884 [main] DefaultIdentifierGeneratorFactory - Registering IdentifierGenerator strategy [increment] -> [org.hibernate.id.IncrementGenerator]
[DEBUG] 2018-10-03 12:07:28.885 [main] DefaultIdentifierGeneratorFactory - Registering IdentifierGenerator strategy [foreign] -> [org.hibernate.id.ForeignGenerator]
[DEBUG] 2018-10-03 12:07:28.885 [main] DefaultIdentifierGeneratorFactory - Registering IdentifierGenerator strategy [sequence-identity] -> [org.hibernate.id.SequenceIdentityGenerator]
[DEBUG] 2018-10-03 12:07:28.885 [main] DefaultIdentifierGeneratorFactory - Registering IdentifierGenerator strategy [enhanced-sequence] -> [org.hibernate.id.enhanced.SequenceStyleGenerator]
[DEBUG] 2018-10-03 12:07:28.886 [main] DefaultIdentifierGeneratorFactory - Registering IdentifierGenerator strategy [enhanced-table] -> [org.hibernate.id.enhanced.TableGenerator]
[DEBUG] 2018-10-03 12:07:28.912 [main] Namespace - Created database namespace [logicalName=Name{catalog=null, schema=null}, physicalName=Name{catalog=null, schema=null}]
[DEBUG] 2018-10-03 12:07:28.933 [main] AnnotationBinder - Binding entity from annotated class: sescheraun.WorldOfFutureDarkness.generator.User
[DEBUG] 2018-10-03 12:07:28.953 [main] Ejb3Column - Binding column: Ejb3DiscriminatorColumn{logicalColumnName'DTYPE', discriminatorTypeName='string'}
[DEBUG] 2018-10-03 12:07:28.958 [main] EntityBinder - Import with entity name User
[DEBUG] 2018-10-03 12:07:28.961 [main] EntityBinder - Bind entity sescheraun.WorldOfFutureDarkness.generator.User on table user
[DEBUG] 2018-10-03 12:07:28.983 [main] Ejb3Column - Binding column: Ejb3Column{table=org.hibernate.mapping.Table(user), mappingColumn=id, insertable=true, updatable=true, unique=false}
[DEBUG] 2018-10-03 12:07:28.986 [main] PropertyBinder - MetadataSourceProcessor property id with lazy=false
[DEBUG] 2018-10-03 12:07:28.987 [main] AbstractPropertyHolder - Attempting to locate auto-apply AttributeConverter for property [sescheraun.WorldOfFutureDarkness.generator.User:id]
[DEBUG] 2018-10-03 12:07:28.988 [main] SimpleValueBinder - building SimpleValue for id
[DEBUG] 2018-10-03 12:07:28.990 [main] PropertyBinder - Building property id
[DEBUG] 2018-10-03 12:07:28.994 [main] Ejb3Column - Binding column: Ejb3Column{table=org.hibernate.mapping.Table(user), mappingColumn=authenticator, insertable=true, updatable=true, unique=false}
[DEBUG] 2018-10-03 12:07:28.994 [main] PropertyBinder - MetadataSourceProcessor property authenticator with lazy=false
[DEBUG] 2018-10-03 12:07:28.994 [main] AbstractPropertyHolder - Attempting to locate auto-apply AttributeConverter for property [sescheraun.WorldOfFutureDarkness.generator.User:authenticator]
[DEBUG] 2018-10-03 12:07:28.994 [main] SimpleValueBinder - building SimpleValue for authenticator
[DEBUG] 2018-10-03 12:07:28.994 [main] PropertyBinder - Building property authenticator
[DEBUG] 2018-10-03 12:07:28.995 [main] Ejb3Column - Binding column: Ejb3Column{table=org.hibernate.mapping.Table(user), mappingColumn=EmailAddress, insertable=true, updatable=true, unique=false}
[DEBUG] 2018-10-03 12:07:28.995 [main] PropertyBinder - MetadataSourceProcessor property emailAddress with lazy=false
[DEBUG] 2018-10-03 12:07:28.995 [main] AbstractPropertyHolder - Attempting to locate auto-apply AttributeConverter for property [sescheraun.WorldOfFutureDarkness.generator.User:emailAddress]
[DEBUG] 2018-10-03 12:07:28.995 [main] SimpleValueBinder - building SimpleValue for emailAddress
[DEBUG] 2018-10-03 12:07:28.995 [main] PropertyBinder - Building property emailAddress
[DEBUG] 2018-10-03 12:07:28.995 [main] Ejb3Column - Binding column: Ejb3Column{table=org.hibernate.mapping.Table(user), mappingColumn=firstName, insertable=true, updatable=true, unique=false}
[DEBUG] 2018-10-03 12:07:28.995 [main] PropertyBinder - MetadataSourceProcessor property firstName with lazy=false
[DEBUG] 2018-10-03 12:07:28.995 [main] AbstractPropertyHolder - Attempting to locate auto-apply AttributeConverter for property [sescheraun.WorldOfFutureDarkness.generator.User:firstName]
[DEBUG] 2018-10-03 12:07:28.995 [main] SimpleValueBinder - building SimpleValue for firstName
[DEBUG] 2018-10-03 12:07:28.995 [main] PropertyBinder - Building property firstName
[DEBUG] 2018-10-03 12:07:28.995 [main] Ejb3Column - Binding column: Ejb3Column{table=org.hibernate.mapping.Table(user), mappingColumn=isDeleted, insertable=true, updatable=true, unique=false}
[DEBUG] 2018-10-03 12:07:28.995 [main] PropertyBinder - MetadataSourceProcessor property isDeleted with lazy=false
[DEBUG] 2018-10-03 12:07:28.995 [main] AbstractPropertyHolder - Attempting to locate auto-apply AttributeConverter for property [sescheraun.WorldOfFutureDarkness.generator.User:isDeleted]
[DEBUG] 2018-10-03 12:07:28.996 [main] SimpleValueBinder - building SimpleValue for isDeleted
[DEBUG] 2018-10-03 12:07:28.996 [main] PropertyBinder - Building property isDeleted
[DEBUG] 2018-10-03 12:07:28.996 [main] Ejb3Column - Binding column: Ejb3Column{table=org.hibernate.mapping.Table(user), mappingColumn=lastName, insertable=true, updatable=true, unique=false}
[DEBUG] 2018-10-03 12:07:28.996 [main] PropertyBinder - MetadataSourceProcessor property lastName with lazy=false
[DEBUG] 2018-10-03 12:07:28.996 [main] AbstractPropertyHolder - Attempting to locate auto-apply AttributeConverter for property [sescheraun.WorldOfFutureDarkness.generator.User:lastName]
[DEBUG] 2018-10-03 12:07:28.996 [main] SimpleValueBinder - building SimpleValue for lastName
[DEBUG] 2018-10-03 12:07:28.996 [main] PropertyBinder - Building property lastName
[DEBUG] 2018-10-03 12:07:28.996 [main] Ejb3Column - Binding column: Ejb3Column{table=org.hibernate.mapping.Table(user), mappingColumn=phoneNumber, insertable=true, updatable=true, unique=false}
[DEBUG] 2018-10-03 12:07:28.996 [main] PropertyBinder - MetadataSourceProcessor property phoneNumber with lazy=false
[DEBUG] 2018-10-03 12:07:28.996 [main] AbstractPropertyHolder - Attempting to locate auto-apply AttributeConverter for property [sescheraun.WorldOfFutureDarkness.generator.User:phoneNumber]
[DEBUG] 2018-10-03 12:07:28.996 [main] SimpleValueBinder - building SimpleValue for phoneNumber
[DEBUG] 2018-10-03 12:07:28.996 [main] PropertyBinder - Building property phoneNumber
[DEBUG] 2018-10-03 12:07:28.996 [main] Ejb3Column - Binding column: Ejb3Column{table=org.hibernate.mapping.Table(user), mappingColumn=userName, insertable=true, updatable=true, unique=false}
[DEBUG] 2018-10-03 12:07:28.996 [main] PropertyBinder - MetadataSourceProcessor property userName with lazy=false
[DEBUG] 2018-10-03 12:07:28.997 [main] AbstractPropertyHolder - Attempting to locate auto-apply AttributeConverter for property [sescheraun.WorldOfFutureDarkness.generator.User:userName]
[DEBUG] 2018-10-03 12:07:28.997 [main] SimpleValueBinder - building SimpleValue for userName
[DEBUG] 2018-10-03 12:07:28.997 [main] PropertyBinder - Building property userName
[DEBUG] 2018-10-03 12:07:28.998 [main] SimpleValueBinder - Starting fillSimpleValue for id
[DEBUG] 2018-10-03 12:07:28.998 [main] SimpleValueBinder - Starting fillSimpleValue for authenticator
[DEBUG] 2018-10-03 12:07:28.998 [main] SimpleValueBinder - Starting fillSimpleValue for emailAddress
[DEBUG] 2018-10-03 12:07:28.998 [main] SimpleValueBinder - Starting fillSimpleValue for firstName
[DEBUG] 2018-10-03 12:07:28.998 [main] SimpleValueBinder - Starting fillSimpleValue for isDeleted
[DEBUG] 2018-10-03 12:07:28.998 [main] SimpleValueBinder - Starting fillSimpleValue for lastName
[DEBUG] 2018-10-03 12:07:28.998 [main] SimpleValueBinder - Starting fillSimpleValue for phoneNumber
[DEBUG] 2018-10-03 12:07:28.998 [main] SimpleValueBinder - Starting fillSimpleValue for userName
[DEBUG] 2018-10-03 12:07:28.999 [main] PrimaryKey - Forcing column [id] to be non-null as it is part of the primary key for table [user]
[DEBUG] 2018-10-03 12:07:29.032 [main] SessionFactoryImpl - Building session factory
[DEBUG] 2018-10-03 12:07:29.032 [main] Settings - SessionFactory name : null
[DEBUG] 2018-10-03 12:07:29.032 [main] Settings - Automatic flush during beforeCompletion(): enabled
[DEBUG] 2018-10-03 12:07:29.032 [main] Settings - Automatic session close at end of transaction: disabled
[DEBUG] 2018-10-03 12:07:29.033 [main] Settings - Statistics: disabled
[DEBUG] 2018-10-03 12:07:29.033 [main] Settings - Deleted entity synthetic identifier rollback: disabled
[DEBUG] 2018-10-03 12:07:29.033 [main] Settings - Default entity-mode: pojo
[DEBUG] 2018-10-03 12:07:29.033 [main] Settings - Check Nullability in Core (should be disabled when Bean Validation is on): enabled
[DEBUG] 2018-10-03 12:07:29.033 [main] Settings - Allow initialization of lazy state outside session : disabled
[DEBUG] 2018-10-03 12:07:29.033 [main] Settings - Using BatchFetchStyle : LEGACY
[DEBUG] 2018-10-03 12:07:29.033 [main] Settings - Default batch fetch size: -1
[DEBUG] 2018-10-03 12:07:29.033 [main] Settings - Maximum outer join fetch depth: 2
[DEBUG] 2018-10-03 12:07:29.033 [main] Settings - Default null ordering: NONE
[DEBUG] 2018-10-03 12:07:29.033 [main] Settings - Order SQL updates by primary key: disabled
[DEBUG] 2018-10-03 12:07:29.033 [main] Settings - Order SQL inserts for batching: disabled
[DEBUG] 2018-10-03 12:07:29.033 [main] Settings - multi-tenancy strategy : NONE
[DEBUG] 2018-10-03 12:07:29.033 [main] Settings - JTA Track by Thread: enabled
[DEBUG] 2018-10-03 12:07:29.033 [main] Settings - Query language substitutions: {}
[DEBUG] 2018-10-03 12:07:29.033 [main] Settings - JPA query language strict compliance: disabled
[DEBUG] 2018-10-03 12:07:29.033 [main] Settings - Named query checking : enabled
[DEBUG] 2018-10-03 12:07:29.033 [main] Settings - Second-level cache: enabled
[DEBUG] 2018-10-03 12:07:29.033 [main] Settings - Second-level query cache: disabled
[DEBUG] 2018-10-03 12:07:29.033 [main] Settings - Second-level query cache factory: org.hibernate.cache.internal.StandardQueryCacheFactory@7e00ed0f
[DEBUG] 2018-10-03 12:07:29.033 [main] Settings - Second-level cache region prefix: null
[DEBUG] 2018-10-03 12:07:29.033 [main] Settings - Optimize second-level cache for minimal puts: disabled
[DEBUG] 2018-10-03 12:07:29.033 [main] Settings - Structured second-level cache entries: disabled
[DEBUG] 2018-10-03 12:07:29.034 [main] Settings - Second-level cache direct-reference entries: disabled
[DEBUG] 2018-10-03 12:07:29.034 [main] Settings - Automatic eviction of collection cache: disabled
[DEBUG] 2018-10-03 12:07:29.034 [main] Settings - JDBC batch size: 15
[DEBUG] 2018-10-03 12:07:29.034 [main] Settings - JDBC batch updates for versioned data: enabled
[DEBUG] 2018-10-03 12:07:29.034 [main] Settings - Scrollable result sets: enabled
[DEBUG] 2018-10-03 12:07:29.034 [main] Settings - Wrap result sets: disabled
[DEBUG] 2018-10-03 12:07:29.034 [main] Settings - JDBC3 getGeneratedKeys(): enabled
[DEBUG] 2018-10-03 12:07:29.034 [main] Settings - JDBC result set fetch size: null
[DEBUG] 2018-10-03 12:07:29.034 [main] Settings - Connection release mode: AFTER_TRANSACTION
[DEBUG] 2018-10-03 12:07:29.034 [main] Settings - Generate SQL with comments: disabled
[DEBUG] 2018-10-03 12:07:29.091 [main] SessionFactoryImpl - Session factory constructed with filter configurations : {}
[DEBUG] 2018-10-03 12:07:29.091 [main] SessionFactoryImpl - Instantiating session factory with properties: {sun.desktop=gnome, awt.toolkit=sun.awt.X11.XToolkit, file.encoding.pkg=sun.io, java.specification.version=1.8, hibernate.c3p0.idle_test_period=3000, sun.cpu.isalist=, sun.jnu.encoding=UTF-8, hibernate.c3p0.min_size=5, java.class.path=/home/student/intellij/lib/idea_rt.jar:/home/student/intellij/plugins/junit/lib/junit-rt.jar:/home/student/intellij/plugins/junit/lib/junit5-rt.jar:/usr/lib/jvm/java-8-oracle/jre/lib/charsets.jar:/usr/lib/jvm/java-8-oracle/jre/lib/deploy.jar:/usr/lib/jvm/java-8-oracle/jre/lib/ext/cldrdata.jar:/usr/lib/jvm/java-8-oracle/jre/lib/ext/dnsns.jar:/usr/lib/jvm/java-8-oracle/jre/lib/ext/jaccess.jar:/usr/lib/jvm/java-8-oracle/jre/lib/ext/jfxrt.jar:/usr/lib/jvm/java-8-oracle/jre/lib/ext/localedata.jar:/usr/lib/jvm/java-8-oracle/jre/lib/ext/nashorn.jar:/usr/lib/jvm/java-8-oracle/jre/lib/ext/sunec.jar:/usr/lib/jvm/java-8-oracle/jre/lib/ext/sunjce_provider.jar:/usr/lib/jvm/java-8-oracle/jre/lib/ext/sunpkcs11.jar:/usr/lib/jvm/java-8-oracle/jre/lib/ext/zipfs.jar:/usr/lib/jvm/java-8-oracle/jre/lib/javaws.jar:/usr/lib/jvm/java-8-oracle/jre/lib/jce.jar:/usr/lib/jvm/java-8-oracle/jre/lib/jfr.jar:/usr/lib/jvm/java-8-oracle/jre/lib/jfxswt.jar:/usr/lib/jvm/java-8-oracle/jre/lib/jsse.jar:/usr/lib/jvm/java-8-oracle/jre/lib/management-agent.jar:/usr/lib/jvm/java-8-oracle/jre/lib/plugin.jar:/usr/lib/jvm/java-8-oracle/jre/lib/resources.jar:/usr/lib/jvm/java-8-oracle/jre/lib/rt.jar:/home/student/IdeaProjects/indieproject/target/test-classes:/home/student/IdeaProjects/indieproject/target/classes:/home/student/.m2/repository/org/junit/jupiter/junit-jupiter-engine/5.0.0/junit-jupiter-engine-5.0.0.jar:/home/student/.m2/repository/org/apiguardian/apiguardian-api/1.0.0/apiguardian-api-1.0.0.jar:/home/student/.m2/repository/org/junit/platform/junit-platform-engine/1.0.0/junit-platform-engine-1.0.0.jar:/home/student/.m2/repository/org/junit/platform/junit-platform-commons/1.0.0/junit-platform-commons-1.0.0.jar:/home/student/.m2/repository/org/opentest4j/opentest4j/1.0.0/opentest4j-1.0.0.jar:/home/student/.m2/repository/org/junit/jupiter/junit-jupiter-api/5.0.0/junit-jupiter-api-5.0.0.jar:/home/student/.m2/repository/junit/junit/4.12/junit-4.12.jar:/home/student/.m2/repository/org/hamcrest/hamcrest-core/1.3/hamcrest-core-1.3.jar:/home/student/.m2/repository/org/junit/platform/junit-platform-runner/1.0.0/junit-platform-runner-1.0.0.jar:/home/student/.m2/repository/org/junit/platform/junit-platform-launcher/1.0.0/junit-platform-launcher-1.0.0.jar:/home/student/.m2/repository/org/junit/platform/junit-platform-suite-api/1.0.0/junit-platform-suite-api-1.0.0.jar:/home/student/.m2/repository/org/junit/vintage/junit-vintage-engine/4.12.0/junit-vintage-engine-4.12.0.jar:/home/student/.m2/repository/javax/javaee-web-api/7.0/javaee-web-api-7.0.jar:/home/student/.m2/repository/org/apache/logging/log4j/log4j-api/2.10.0/log4j-api-2.10.0.jar:/home/student/.m2/repository/org/apache/logging/log4j/log4j-core/2.10.0/log4j-core-2.10.0.jar:/home/student/.m2/repository/org/hibernate/hibernate-core/5.2.12.Final/hibernate-core-5.2.12.Final.jar:/home/student/.m2/repository/org/jboss/logging/jboss-logging/3.3.0.Final/jboss-logging-3.3.0.Final.jar:/home/student/.m2/repository/org/hibernate/javax/persistence/hibernate-jpa-2.1-api/1.0.0.Final/hibernate-jpa-2.1-api-1.0.0.Final.jar:/home/student/.m2/repository/org/javassist/javassist/3.20.0-GA/javassist-3.20.0-GA.jar:/home/student/.m2/repository/antlr/antlr/2.7.7/antlr-2.7.7.jar:/home/student/.m2/repository/org/jboss/spec/javax/transaction/jboss-transaction-api_1.2_spec/1.0.1.Final/jboss-transaction-api_1.2_spec-1.0.1.Final.jar:/home/student/.m2/repository/org/jboss/jandex/2.0.3.Final/jandex-2.0.3.Final.jar:/home/student/.m2/repository/com/fasterxml/classmate/1.3.0/classmate-1.3.0.jar:/home/student/.m2/repository/dom4j/dom4j/1.6.1/dom4j-1.6.1.jar:/home/student/.m2/repository/org/hibernate/common/hibernate-commons-annotations/5.0.1.Final/hibernate-commons-annotations-5.0.1.Final.jar:/home/student/.m2/repository/org/hibernate/hibernate-c3p0/5.2.12.Final/hibernate-c3p0-5.2.12.Final.jar:/home/student/.m2/repository/com/mchange/c3p0/0.9.5.2/c3p0-0.9.5.2.jar:/home/student/.m2/repository/com/mchange/mchange-commons-java/0.2.11/mchange-commons-java-0.2.11.jar:/home/student/.m2/repository/mysql/mysql-connector-java/5.1.39/mysql-connector-java-5.1.39.jar:/home/student/.m2/repository/jstl/jstl/1.2/jstl-1.2.jar:/home/student/intellij/lib/rt/debugger-agent.jar, java.vm.vendor=Oracle Corporation, sun.arch.data.model=64, idea.test.cyclic.buffer.size=1048576, java.vendor.url=http://java.oracle.com/, user.timezone=America/Chicago, os.name=Linux, java.vm.specification.version=1.8, user.country=US, sun.java.launcher=SUN_STANDARD, sun.boot.library.path=/usr/lib/jvm/java-8-oracle/jre/lib/amd64, sun.java.command=com.intellij.rt.execution.junit.JUnitStarter -ideVersion5 -junit5 sescheraun.WorldOfFutureDarkness.persistance.UserDAOTest,deleteUser, sun.cpu.endian=little, hibernate.c3p0.max_statements=50, user.home=/home/student, user.language=en, java.specification.vendor=Oracle Corporation, java.home=/usr/lib/jvm/java-8-oracle/jre, file.separator=/, line.separator=
, hibernate.c3p0.timeout=300, intellij.debug.agent=true, java.vm.specification.vendor=Oracle Corporation, java.specification.name=Java Platform API Specification, java.awt.graphicsenv=sun.awt.X11GraphicsEnvironment, sun.boot.class.path=/usr/lib/jvm/java-8-oracle/jre/lib/resources.jar:/usr/lib/jvm/java-8-oracle/jre/lib/rt.jar:/usr/lib/jvm/java-8-oracle/jre/lib/sunrsasign.jar:/usr/lib/jvm/java-8-oracle/jre/lib/jsse.jar:/usr/lib/jvm/java-8-oracle/jre/lib/jce.jar:/usr/lib/jvm/java-8-oracle/jre/lib/charsets.jar:/usr/lib/jvm/java-8-oracle/jre/lib/jfr.jar:/usr/lib/jvm/java-8-oracle/jre/classes:/home/student/intellij/lib/rt/debugger-agent-storage.jar, connection.password=student, sun.management.compiler=HotSpot 64-Bit Tiered Compilers, hibernate.c3p0.max_size=20, java.runtime.version=1.8.0_181-b13, user.name=student, path.separator=:, hibernate.connection.username=root, os.version=4.4.0-137-generic, java.endorsed.dirs=/usr/lib/jvm/java-8-oracle/jre/lib/endorsed, java.runtime.name=Java(TM) SE Runtime Environment, hibernate.connection.url=jdbc:mysql://localhost:3306/WorldOfDarknessTest, file.encoding=UTF-8, java.vm.name=Java HotSpot(TM) 64-Bit Server VM, hibernate.connection.driver_class=com.mysql.jdbc.Driver, java.vendor.url.bug=http://bugreport.sun.com/bugreport/, java.io.tmpdir=/tmp, jboss.modules.system.pkgs=com.intellij.rt, java.version=1.8.0_181, user.dir=/home/student/IdeaProjects/indieproject, os.arch=amd64, connection.username=root, java.vm.specification.name=Java Virtual Machine Specification, hibernate.connection.password=****, java.awt.printerjob=sun.print.PSPrinterJob, sun.os.patch.level=unknown, connection.driver_class=com.mysql.jdbc.Driver, hibernate.boot.CfgXmlAccessService.key=org.hibernate.boot.cfgxml.spi.LoadedConfig@4b790d86, java.library.path=/usr/java/packages/lib/amd64:/usr/lib64:/lib64:/lib:/usr/lib, java.vm.info=mixed mode, java.vendor=Oracle Corporation, java.vm.version=25.181-b13, hibernate.bytecode.use_reflection_optimizer=false, java.ext.dirs=/usr/lib/jvm/java-8-oracle/jre/lib/ext:/usr/java/packages/lib/ext, sun.io.unicode.encoding=UnicodeLittle, connection.url=jdbc:mysql://localhost:3306/WorldOfDarknessTest, java.class.version=52.0}
[DEBUG] 2018-10-03 12:07:29.106 [main] TypeSafeActivator - Unable to acquire Bean Validation ValidatorFactory, skipping activation
[DEBUG] 2018-10-03 12:07:29.106 [main] JaccIntegrator - Skipping JACC integration as it was not enabled
[DEBUG] 2018-10-03 12:07:29.107 [main] SessionFactoryImpl - Instantiated session factory
[DEBUG] 2018-10-03 12:07:29.142 [main] ClassLoaderAccessImpl - Not known whether passed class name [sescheraun.WorldOfFutureDarkness.generator.User] is safe
[DEBUG] 2018-10-03 12:07:29.143 [main] ClassLoaderAccessImpl - No temp ClassLoader provided; using live ClassLoader for loading potentially unsafe class : sescheraun.WorldOfFutureDarkness.generator.User
[DEBUG] 2018-10-03 12:07:29.158 [main] ClassLoaderAccessImpl - Not known whether passed class name [sescheraun.WorldOfFutureDarkness.generator.User] is safe
[DEBUG] 2018-10-03 12:07:29.158 [main] ClassLoaderAccessImpl - No temp ClassLoader provided; using live ClassLoader for loading potentially unsafe class : sescheraun.WorldOfFutureDarkness.generator.User
[DEBUG] 2018-10-03 12:07:29.207 [main] AbstractEntityPersister - Static SQL for entity: sescheraun.WorldOfFutureDarkness.generator.User
[DEBUG] 2018-10-03 12:07:29.207 [main] AbstractEntityPersister -  Version select: select id from user where id =?
[DEBUG] 2018-10-03 12:07:29.207 [main] AbstractEntityPersister -  Snapshot select: select user_.id, user_.authenticator as authenti2_0_, user_.EmailAddress as EmailAdd3_0_, user_.firstName as firstNam4_0_, user_.isDeleted as isDelete5_0_, user_.lastName as lastName6_0_, user_.phoneNumber as phoneNum7_0_, user_.userName as userName8_0_ from user user_ where user_.id=?
[DEBUG] 2018-10-03 12:07:29.207 [main] AbstractEntityPersister -  Insert 0: insert into user (authenticator, EmailAddress, firstName, isDeleted, lastName, phoneNumber, userName, id) values (?, ?, ?, ?, ?, ?, ?, ?)
[DEBUG] 2018-10-03 12:07:29.208 [main] AbstractEntityPersister -  Update 0: update user set authenticator=?, EmailAddress=?, firstName=?, isDeleted=?, lastName=?, phoneNumber=?, userName=? where id=?
[DEBUG] 2018-10-03 12:07:29.208 [main] AbstractEntityPersister -  Delete 0: delete from user where id=?
[DEBUG] 2018-10-03 12:07:29.208 [main] AbstractEntityPersister -  Identity insert: insert into user (authenticator, EmailAddress, firstName, isDeleted, lastName, phoneNumber, userName) values (?, ?, ?, ?, ?, ?, ?)
[DEBUG] 2018-10-03 12:07:29.225 [main] QuerySpacesImpl - Adding QuerySpace : uid = <gen:0> -> org.hibernate.loader.plan.build.internal.spaces.EntityQuerySpaceImpl@1bb15351]
[DEBUG] 2018-10-03 12:07:29.227 [main] MetamodelGraphWalker - Visiting attribute path : authenticator
[DEBUG] 2018-10-03 12:07:29.227 [main] MetamodelGraphWalker - Visiting attribute path : emailAddress
[DEBUG] 2018-10-03 12:07:29.227 [main] MetamodelGraphWalker - Visiting attribute path : firstName
[DEBUG] 2018-10-03 12:07:29.227 [main] MetamodelGraphWalker - Visiting attribute path : isDeleted
[DEBUG] 2018-10-03 12:07:29.227 [main] MetamodelGraphWalker - Visiting attribute path : lastName
[DEBUG] 2018-10-03 12:07:29.227 [main] MetamodelGraphWalker - Visiting attribute path : phoneNumber
[DEBUG] 2018-10-03 12:07:29.227 [main] MetamodelGraphWalker - Visiting attribute path : userName
[DEBUG] 2018-10-03 12:07:29.227 [main] FetchStyleLoadPlanBuildingAssociationVisitationStrategy - Building LoadPlan...
[DEBUG] 2018-10-03 12:07:29.238 [main] LoadQueryJoinAndFetchProcessor - processing queryspace <gen:0>
[DEBUG] 2018-10-03 12:07:29.242 [main] LoadPlanTreePrinter - LoadPlan(entity=sescheraun.WorldOfFutureDarkness.generator.User)
    - Returns
       - EntityReturnImpl(entity=sescheraun.WorldOfFutureDarkness.generator.User, querySpaceUid=<gen:0>, path=sescheraun.WorldOfFutureDarkness.generator.User)
    - QuerySpaces
       - EntityQuerySpaceImpl(uid=<gen:0>, entity=sescheraun.WorldOfFutureDarkness.generator.User)
          - SQL table alias mapping - user0_
          - alias suffix - 0_
          - suffixed key columns - {id1_0_0_}

[DEBUG] 2018-10-03 12:07:29.243 [main] EntityLoader - Static select for entity sescheraun.WorldOfFutureDarkness.generator.User [NONE]: select user0_.id as id1_0_0_, user0_.authenticator as authenti2_0_0_, user0_.EmailAddress as EmailAdd3_0_0_, user0_.firstName as firstNam4_0_0_, user0_.isDeleted as isDelete5_0_0_, user0_.lastName as lastName6_0_0_, user0_.phoneNumber as phoneNum7_0_0_, user0_.userName as userName8_0_0_ from user user0_ where user0_.id=?
[DEBUG] 2018-10-03 12:07:29.244 [main] QuerySpacesImpl - Adding QuerySpace : uid = <gen:0> -> org.hibernate.loader.plan.build.internal.spaces.EntityQuerySpaceImpl@6de6faa6]
[DEBUG] 2018-10-03 12:07:29.244 [main] MetamodelGraphWalker - Visiting attribute path : authenticator
[DEBUG] 2018-10-03 12:07:29.244 [main] MetamodelGraphWalker - Visiting attribute path : emailAddress
[DEBUG] 2018-10-03 12:07:29.244 [main] MetamodelGraphWalker - Visiting attribute path : firstName
[DEBUG] 2018-10-03 12:07:29.244 [main] MetamodelGraphWalker - Visiting attribute path : isDeleted
[DEBUG] 2018-10-03 12:07:29.244 [main] MetamodelGraphWalker - Visiting attribute path : lastName
[DEBUG] 2018-10-03 12:07:29.244 [main] MetamodelGraphWalker - Visiting attribute path : phoneNumber
[DEBUG] 2018-10-03 12:07:29.244 [main] MetamodelGraphWalker - Visiting attribute path : userName
[DEBUG] 2018-10-03 12:07:29.244 [main] FetchStyleLoadPlanBuildingAssociationVisitationStrategy - Building LoadPlan...
[DEBUG] 2018-10-03 12:07:29.244 [main] LoadQueryJoinAndFetchProcessor - processing queryspace <gen:0>
[DEBUG] 2018-10-03 12:07:29.244 [main] LoadPlanTreePrinter - LoadPlan(entity=sescheraun.WorldOfFutureDarkness.generator.User)
    - Returns
       - EntityReturnImpl(entity=sescheraun.WorldOfFutureDarkness.generator.User, querySpaceUid=<gen:0>, path=sescheraun.WorldOfFutureDarkness.generator.User)
    - QuerySpaces
       - EntityQuerySpaceImpl(uid=<gen:0>, entity=sescheraun.WorldOfFutureDarkness.generator.User)
          - SQL table alias mapping - user0_
          - alias suffix - 0_
          - suffixed key columns - {id1_0_0_}

[DEBUG] 2018-10-03 12:07:29.244 [main] EntityLoader - Static select for entity sescheraun.WorldOfFutureDarkness.generator.User [READ]: select user0_.id as id1_0_0_, user0_.authenticator as authenti2_0_0_, user0_.EmailAddress as EmailAdd3_0_0_, user0_.firstName as firstNam4_0_0_, user0_.isDeleted as isDelete5_0_0_, user0_.lastName as lastName6_0_0_, user0_.phoneNumber as phoneNum7_0_0_, user0_.userName as userName8_0_0_ from user user0_ where user0_.id=?
[DEBUG] 2018-10-03 12:07:29.244 [main] QuerySpacesImpl - Adding QuerySpace : uid = <gen:0> -> org.hibernate.loader.plan.build.internal.spaces.EntityQuerySpaceImpl@14998e21]
[DEBUG] 2018-10-03 12:07:29.245 [main] MetamodelGraphWalker - Visiting attribute path : authenticator
[DEBUG] 2018-10-03 12:07:29.245 [main] MetamodelGraphWalker - Visiting attribute path : emailAddress
[DEBUG] 2018-10-03 12:07:29.245 [main] MetamodelGraphWalker - Visiting attribute path : firstName
[DEBUG] 2018-10-03 12:07:29.245 [main] MetamodelGraphWalker - Visiting attribute path : isDeleted
[DEBUG] 2018-10-03 12:07:29.245 [main] MetamodelGraphWalker - Visiting attribute path : lastName
[DEBUG] 2018-10-03 12:07:29.245 [main] MetamodelGraphWalker - Visiting attribute path : phoneNumber
[DEBUG] 2018-10-03 12:07:29.245 [main] MetamodelGraphWalker - Visiting attribute path : userName
[DEBUG] 2018-10-03 12:07:29.245 [main] FetchStyleLoadPlanBuildingAssociationVisitationStrategy - Building LoadPlan...
[DEBUG] 2018-10-03 12:07:29.245 [main] LoadQueryJoinAndFetchProcessor - processing queryspace <gen:0>
[DEBUG] 2018-10-03 12:07:29.245 [main] LoadPlanTreePrinter - LoadPlan(entity=sescheraun.WorldOfFutureDarkness.generator.User)
    - Returns
       - EntityReturnImpl(entity=sescheraun.WorldOfFutureDarkness.generator.User, querySpaceUid=<gen:0>, path=sescheraun.WorldOfFutureDarkness.generator.User)
    - QuerySpaces
       - EntityQuerySpaceImpl(uid=<gen:0>, entity=sescheraun.WorldOfFutureDarkness.generator.User)
          - SQL table alias mapping - user0_
          - alias suffix - 0_
          - suffixed key columns - {id1_0_0_}

[DEBUG] 2018-10-03 12:07:29.245 [main] EntityLoader - Static select for entity sescheraun.WorldOfFutureDarkness.generator.User [UPGRADE]: select user0_.id as id1_0_0_, user0_.authenticator as authenti2_0_0_, user0_.EmailAddress as EmailAdd3_0_0_, user0_.firstName as firstNam4_0_0_, user0_.isDeleted as isDelete5_0_0_, user0_.lastName as lastName6_0_0_, user0_.phoneNumber as phoneNum7_0_0_, user0_.userName as userName8_0_0_ from user user0_ where user0_.id=? for update
[DEBUG] 2018-10-03 12:07:29.245 [main] QuerySpacesImpl - Adding QuerySpace : uid = <gen:0> -> org.hibernate.loader.plan.build.internal.spaces.EntityQuerySpaceImpl@43c87306]
[DEBUG] 2018-10-03 12:07:29.245 [main] MetamodelGraphWalker - Visiting attribute path : authenticator
[DEBUG] 2018-10-03 12:07:29.245 [main] MetamodelGraphWalker - Visiting attribute path : emailAddress
[DEBUG] 2018-10-03 12:07:29.245 [main] MetamodelGraphWalker - Visiting attribute path : firstName
[DEBUG] 2018-10-03 12:07:29.245 [main] MetamodelGraphWalker - Visiting attribute path : isDeleted
[DEBUG] 2018-10-03 12:07:29.246 [main] MetamodelGraphWalker - Visiting attribute path : lastName
[DEBUG] 2018-10-03 12:07:29.246 [main] MetamodelGraphWalker - Visiting attribute path : phoneNumber
[DEBUG] 2018-10-03 12:07:29.246 [main] MetamodelGraphWalker - Visiting attribute path : userName
[DEBUG] 2018-10-03 12:07:29.246 [main] FetchStyleLoadPlanBuildingAssociationVisitationStrategy - Building LoadPlan...
[DEBUG] 2018-10-03 12:07:29.246 [main] LoadQueryJoinAndFetchProcessor - processing queryspace <gen:0>
[DEBUG] 2018-10-03 12:07:29.246 [main] LoadPlanTreePrinter - LoadPlan(entity=sescheraun.WorldOfFutureDarkness.generator.User)
    - Returns
       - EntityReturnImpl(entity=sescheraun.WorldOfFutureDarkness.generator.User, querySpaceUid=<gen:0>, path=sescheraun.WorldOfFutureDarkness.generator.User)
    - QuerySpaces
       - EntityQuerySpaceImpl(uid=<gen:0>, entity=sescheraun.WorldOfFutureDarkness.generator.User)
          - SQL table alias mapping - user0_
          - alias suffix - 0_
          - suffixed key columns - {id1_0_0_}

[DEBUG] 2018-10-03 12:07:29.246 [main] EntityLoader - Static select for entity sescheraun.WorldOfFutureDarkness.generator.User [UPGRADE_NOWAIT]: select user0_.id as id1_0_0_, user0_.authenticator as authenti2_0_0_, user0_.EmailAddress as EmailAdd3_0_0_, user0_.firstName as firstNam4_0_0_, user0_.isDeleted as isDelete5_0_0_, user0_.lastName as lastName6_0_0_, user0_.phoneNumber as phoneNum7_0_0_, user0_.userName as userName8_0_0_ from user user0_ where user0_.id=? for update
[DEBUG] 2018-10-03 12:07:29.246 [main] QuerySpacesImpl - Adding QuerySpace : uid = <gen:0> -> org.hibernate.loader.plan.build.internal.spaces.EntityQuerySpaceImpl@4c447c09]
[DEBUG] 2018-10-03 12:07:29.246 [main] MetamodelGraphWalker - Visiting attribute path : authenticator
[DEBUG] 2018-10-03 12:07:29.246 [main] MetamodelGraphWalker - Visiting attribute path : emailAddress
[DEBUG] 2018-10-03 12:07:29.246 [main] MetamodelGraphWalker - Visiting attribute path : firstName
[DEBUG] 2018-10-03 12:07:29.246 [main] MetamodelGraphWalker - Visiting attribute path : isDeleted
[DEBUG] 2018-10-03 12:07:29.246 [main] MetamodelGraphWalker - Visiting attribute path : lastName
[DEBUG] 2018-10-03 12:07:29.246 [main] MetamodelGraphWalker - Visiting attribute path : phoneNumber
[DEBUG] 2018-10-03 12:07:29.246 [main] MetamodelGraphWalker - Visiting attribute path : userName
[DEBUG] 2018-10-03 12:07:29.246 [main] FetchStyleLoadPlanBuildingAssociationVisitationStrategy - Building LoadPlan...
[DEBUG] 2018-10-03 12:07:29.246 [main] LoadQueryJoinAndFetchProcessor - processing queryspace <gen:0>
[DEBUG] 2018-10-03 12:07:29.247 [main] LoadPlanTreePrinter - LoadPlan(entity=sescheraun.WorldOfFutureDarkness.generator.User)
    - Returns
       - EntityReturnImpl(entity=sescheraun.WorldOfFutureDarkness.generator.User, querySpaceUid=<gen:0>, path=sescheraun.WorldOfFutureDarkness.generator.User)
    - QuerySpaces
       - EntityQuerySpaceImpl(uid=<gen:0>, entity=sescheraun.WorldOfFutureDarkness.generator.User)
          - SQL table alias mapping - user0_
          - alias suffix - 0_
          - suffixed key columns - {id1_0_0_}

[DEBUG] 2018-10-03 12:07:29.247 [main] EntityLoader - Static select for entity sescheraun.WorldOfFutureDarkness.generator.User [UPGRADE_SKIPLOCKED]: select user0_.id as id1_0_0_, user0_.authenticator as authenti2_0_0_, user0_.EmailAddress as EmailAdd3_0_0_, user0_.firstName as firstNam4_0_0_, user0_.isDeleted as isDelete5_0_0_, user0_.lastName as lastName6_0_0_, user0_.phoneNumber as phoneNum7_0_0_, user0_.userName as userName8_0_0_ from user user0_ where user0_.id=? for update
[DEBUG] 2018-10-03 12:07:29.247 [main] QuerySpacesImpl - Adding QuerySpace : uid = <gen:0> -> org.hibernate.loader.plan.build.internal.spaces.EntityQuerySpaceImpl@596a7f44]
[DEBUG] 2018-10-03 12:07:29.247 [main] MetamodelGraphWalker - Visiting attribute path : authenticator
[DEBUG] 2018-10-03 12:07:29.247 [main] MetamodelGraphWalker - Visiting attribute path : emailAddress
[DEBUG] 2018-10-03 12:07:29.247 [main] MetamodelGraphWalker - Visiting attribute path : firstName
[DEBUG] 2018-10-03 12:07:29.247 [main] MetamodelGraphWalker - Visiting attribute path : isDeleted
[DEBUG] 2018-10-03 12:07:29.247 [main] MetamodelGraphWalker - Visiting attribute path : lastName
[DEBUG] 2018-10-03 12:07:29.247 [main] MetamodelGraphWalker - Visiting attribute path : phoneNumber
[DEBUG] 2018-10-03 12:07:29.247 [main] MetamodelGraphWalker - Visiting attribute path : userName
[DEBUG] 2018-10-03 12:07:29.247 [main] FetchStyleLoadPlanBuildingAssociationVisitationStrategy - Building LoadPlan...
[DEBUG] 2018-10-03 12:07:29.247 [main] LoadQueryJoinAndFetchProcessor - processing queryspace <gen:0>
[DEBUG] 2018-10-03 12:07:29.247 [main] LoadPlanTreePrinter - LoadPlan(entity=sescheraun.WorldOfFutureDarkness.generator.User)
    - Returns
       - EntityReturnImpl(entity=sescheraun.WorldOfFutureDarkness.generator.User, querySpaceUid=<gen:0>, path=sescheraun.WorldOfFutureDarkness.generator.User)
    - QuerySpaces
       - EntityQuerySpaceImpl(uid=<gen:0>, entity=sescheraun.WorldOfFutureDarkness.generator.User)
          - SQL table alias mapping - user0_
          - alias suffix - 0_
          - suffixed key columns - {id1_0_0_}

[DEBUG] 2018-10-03 12:07:29.247 [main] EntityLoader - Static select for entity sescheraun.WorldOfFutureDarkness.generator.User [FORCE]: select user0_.id as id1_0_0_, user0_.authenticator as authenti2_0_0_, user0_.EmailAddress as EmailAdd3_0_0_, user0_.firstName as firstNam4_0_0_, user0_.isDeleted as isDelete5_0_0_, user0_.lastName as lastName6_0_0_, user0_.phoneNumber as phoneNum7_0_0_, user0_.userName as userName8_0_0_ from user user0_ where user0_.id=? for update
[DEBUG] 2018-10-03 12:07:29.247 [main] QuerySpacesImpl - Adding QuerySpace : uid = <gen:0> -> org.hibernate.loader.plan.build.internal.spaces.EntityQuerySpaceImpl@2e09c51]
[DEBUG] 2018-10-03 12:07:29.248 [main] MetamodelGraphWalker - Visiting attribute path : authenticator
[DEBUG] 2018-10-03 12:07:29.248 [main] MetamodelGraphWalker - Visiting attribute path : emailAddress
[DEBUG] 2018-10-03 12:07:29.248 [main] MetamodelGraphWalker - Visiting attribute path : firstName
[DEBUG] 2018-10-03 12:07:29.248 [main] MetamodelGraphWalker - Visiting attribute path : isDeleted
[DEBUG] 2018-10-03 12:07:29.248 [main] MetamodelGraphWalker - Visiting attribute path : lastName
[DEBUG] 2018-10-03 12:07:29.248 [main] MetamodelGraphWalker - Visiting attribute path : phoneNumber
[DEBUG] 2018-10-03 12:07:29.248 [main] MetamodelGraphWalker - Visiting attribute path : userName
[DEBUG] 2018-10-03 12:07:29.248 [main] FetchStyleLoadPlanBuildingAssociationVisitationStrategy - Building LoadPlan...
[DEBUG] 2018-10-03 12:07:29.248 [main] LoadQueryJoinAndFetchProcessor - processing queryspace <gen:0>
[DEBUG] 2018-10-03 12:07:29.248 [main] LoadPlanTreePrinter - LoadPlan(entity=sescheraun.WorldOfFutureDarkness.generator.User)
    - Returns
       - EntityReturnImpl(entity=sescheraun.WorldOfFutureDarkness.generator.User, querySpaceUid=<gen:0>, path=sescheraun.WorldOfFutureDarkness.generator.User)
    - QuerySpaces
       - EntityQuerySpaceImpl(uid=<gen:0>, entity=sescheraun.WorldOfFutureDarkness.generator.User)
          - SQL table alias mapping - user0_
          - alias suffix - 0_
          - suffixed key columns - {id1_0_0_}

[DEBUG] 2018-10-03 12:07:29.248 [main] EntityLoader - Static select for entity sescheraun.WorldOfFutureDarkness.generator.User [PESSIMISTIC_READ]: select user0_.id as id1_0_0_, user0_.authenticator as authenti2_0_0_, user0_.EmailAddress as EmailAdd3_0_0_, user0_.firstName as firstNam4_0_0_, user0_.isDeleted as isDelete5_0_0_, user0_.lastName as lastName6_0_0_, user0_.phoneNumber as phoneNum7_0_0_, user0_.userName as userName8_0_0_ from user user0_ where user0_.id=? lock in share mode
[DEBUG] 2018-10-03 12:07:29.248 [main] QuerySpacesImpl - Adding QuerySpace : uid = <gen:0> -> org.hibernate.loader.plan.build.internal.spaces.EntityQuerySpaceImpl@2f3166a]
[DEBUG] 2018-10-03 12:07:29.248 [main] MetamodelGraphWalker - Visiting attribute path : authenticator
[DEBUG] 2018-10-03 12:07:29.248 [main] MetamodelGraphWalker - Visiting attribute path : emailAddress
[DEBUG] 2018-10-03 12:07:29.248 [main] MetamodelGraphWalker - Visiting attribute path : firstName
[DEBUG] 2018-10-03 12:07:29.248 [main] MetamodelGraphWalker - Visiting attribute path : isDeleted
[DEBUG] 2018-10-03 12:07:29.248 [main] MetamodelGraphWalker - Visiting attribute path : lastName
[DEBUG] 2018-10-03 12:07:29.248 [main] MetamodelGraphWalker - Visiting attribute path : phoneNumber
[DEBUG] 2018-10-03 12:07:29.248 [main] MetamodelGraphWalker - Visiting attribute path : userName
[DEBUG] 2018-10-03 12:07:29.248 [main] FetchStyleLoadPlanBuildingAssociationVisitationStrategy - Building LoadPlan...
[DEBUG] 2018-10-03 12:07:29.249 [main] LoadQueryJoinAndFetchProcessor - processing queryspace <gen:0>
[DEBUG] 2018-10-03 12:07:29.249 [main] LoadPlanTreePrinter - LoadPlan(entity=sescheraun.WorldOfFutureDarkness.generator.User)
    - Returns
       - EntityReturnImpl(entity=sescheraun.WorldOfFutureDarkness.generator.User, querySpaceUid=<gen:0>, path=sescheraun.WorldOfFutureDarkness.generator.User)
    - QuerySpaces
       - EntityQuerySpaceImpl(uid=<gen:0>, entity=sescheraun.WorldOfFutureDarkness.generator.User)
          - SQL table alias mapping - user0_
          - alias suffix - 0_
          - suffixed key columns - {id1_0_0_}

[DEBUG] 2018-10-03 12:07:29.249 [main] EntityLoader - Static select for entity sescheraun.WorldOfFutureDarkness.generator.User [PESSIMISTIC_WRITE]: select user0_.id as id1_0_0_, user0_.authenticator as authenti2_0_0_, user0_.EmailAddress as EmailAdd3_0_0_, user0_.firstName as firstNam4_0_0_, user0_.isDeleted as isDelete5_0_0_, user0_.lastName as lastName6_0_0_, user0_.phoneNumber as phoneNum7_0_0_, user0_.userName as userName8_0_0_ from user user0_ where user0_.id=? for update
[DEBUG] 2018-10-03 12:07:29.249 [main] QuerySpacesImpl - Adding QuerySpace : uid = <gen:0> -> org.hibernate.loader.plan.build.internal.spaces.EntityQuerySpaceImpl@31e76a8d]
[DEBUG] 2018-10-03 12:07:29.249 [main] MetamodelGraphWalker - Visiting attribute path : authenticator
[DEBUG] 2018-10-03 12:07:29.249 [main] MetamodelGraphWalker - Visiting attribute path : emailAddress
[DEBUG] 2018-10-03 12:07:29.249 [main] MetamodelGraphWalker - Visiting attribute path : firstName
[DEBUG] 2018-10-03 12:07:29.249 [main] MetamodelGraphWalker - Visiting attribute path : isDeleted
[DEBUG] 2018-10-03 12:07:29.249 [main] MetamodelGraphWalker - Visiting attribute path : lastName
[DEBUG] 2018-10-03 12:07:29.249 [main] MetamodelGraphWalker - Visiting attribute path : phoneNumber
[DEBUG] 2018-10-03 12:07:29.249 [main] MetamodelGraphWalker - Visiting attribute path : userName
[DEBUG] 2018-10-03 12:07:29.249 [main] FetchStyleLoadPlanBuildingAssociationVisitationStrategy - Building LoadPlan...
[DEBUG] 2018-10-03 12:07:29.249 [main] LoadQueryJoinAndFetchProcessor - processing queryspace <gen:0>
[DEBUG] 2018-10-03 12:07:29.249 [main] LoadPlanTreePrinter - LoadPlan(entity=sescheraun.WorldOfFutureDarkness.generator.User)
    - Returns
       - EntityReturnImpl(entity=sescheraun.WorldOfFutureDarkness.generator.User, querySpaceUid=<gen:0>, path=sescheraun.WorldOfFutureDarkness.generator.User)
    - QuerySpaces
       - EntityQuerySpaceImpl(uid=<gen:0>, entity=sescheraun.WorldOfFutureDarkness.generator.User)
          - SQL table alias mapping - user0_
          - alias suffix - 0_
          - suffixed key columns - {id1_0_0_}

[DEBUG] 2018-10-03 12:07:29.250 [main] EntityLoader - Static select for entity sescheraun.WorldOfFutureDarkness.generator.User [PESSIMISTIC_FORCE_INCREMENT]: select user0_.id as id1_0_0_, user0_.authenticator as authenti2_0_0_, user0_.EmailAddress as EmailAdd3_0_0_, user0_.firstName as firstNam4_0_0_, user0_.isDeleted as isDelete5_0_0_, user0_.lastName as lastName6_0_0_, user0_.phoneNumber as phoneNum7_0_0_, user0_.userName as userName8_0_0_ from user user0_ where user0_.id=? for update
[DEBUG] 2018-10-03 12:07:29.250 [main] QuerySpacesImpl - Adding QuerySpace : uid = <gen:0> -> org.hibernate.loader.plan.build.internal.spaces.EntityQuerySpaceImpl@6dd1f638]
[DEBUG] 2018-10-03 12:07:29.250 [main] MetamodelGraphWalker - Visiting attribute path : authenticator
[DEBUG] 2018-10-03 12:07:29.250 [main] MetamodelGraphWalker - Visiting attribute path : emailAddress
[DEBUG] 2018-10-03 12:07:29.250 [main] MetamodelGraphWalker - Visiting attribute path : firstName
[DEBUG] 2018-10-03 12:07:29.250 [main] MetamodelGraphWalker - Visiting attribute path : isDeleted
[DEBUG] 2018-10-03 12:07:29.250 [main] MetamodelGraphWalker - Visiting attribute path : lastName
[DEBUG] 2018-10-03 12:07:29.250 [main] MetamodelGraphWalker - Visiting attribute path : phoneNumber
[DEBUG] 2018-10-03 12:07:29.250 [main] MetamodelGraphWalker - Visiting attribute path : userName
[DEBUG] 2018-10-03 12:07:29.250 [main] FetchStyleLoadPlanBuildingAssociationVisitationStrategy - Building LoadPlan...
[DEBUG] 2018-10-03 12:07:29.250 [main] LoadQueryJoinAndFetchProcessor - processing queryspace <gen:0>
[DEBUG] 2018-10-03 12:07:29.250 [main] LoadPlanTreePrinter - LoadPlan(entity=sescheraun.WorldOfFutureDarkness.generator.User)
    - Returns
       - EntityReturnImpl(entity=sescheraun.WorldOfFutureDarkness.generator.User, querySpaceUid=<gen:0>, path=sescheraun.WorldOfFutureDarkness.generator.User)
    - QuerySpaces
       - EntityQuerySpaceImpl(uid=<gen:0>, entity=sescheraun.WorldOfFutureDarkness.generator.User)
          - SQL table alias mapping - user0_
          - alias suffix - 0_
          - suffixed key columns - {id1_0_0_}

[DEBUG] 2018-10-03 12:07:29.250 [main] EntityLoader - Static select for entity sescheraun.WorldOfFutureDarkness.generator.User [OPTIMISTIC]: select user0_.id as id1_0_0_, user0_.authenticator as authenti2_0_0_, user0_.EmailAddress as EmailAdd3_0_0_, user0_.firstName as firstNam4_0_0_, user0_.isDeleted as isDelete5_0_0_, user0_.lastName as lastName6_0_0_, user0_.phoneNumber as phoneNum7_0_0_, user0_.userName as userName8_0_0_ from user user0_ where user0_.id=?
[DEBUG] 2018-10-03 12:07:29.250 [main] QuerySpacesImpl - Adding QuerySpace : uid = <gen:0> -> org.hibernate.loader.plan.build.internal.spaces.EntityQuerySpaceImpl@4b76aa5a]
[DEBUG] 2018-10-03 12:07:29.250 [main] MetamodelGraphWalker - Visiting attribute path : authenticator
[DEBUG] 2018-10-03 12:07:29.250 [main] MetamodelGraphWalker - Visiting attribute path : emailAddress
[DEBUG] 2018-10-03 12:07:29.250 [main] MetamodelGraphWalker - Visiting attribute path : firstName
[DEBUG] 2018-10-03 12:07:29.250 [main] MetamodelGraphWalker - Visiting attribute path : isDeleted
[DEBUG] 2018-10-03 12:07:29.250 [main] MetamodelGraphWalker - Visiting attribute path : lastName
[DEBUG] 2018-10-03 12:07:29.250 [main] MetamodelGraphWalker - Visiting attribute path : phoneNumber
[DEBUG] 2018-10-03 12:07:29.251 [main] MetamodelGraphWalker - Visiting attribute path : userName
[DEBUG] 2018-10-03 12:07:29.251 [main] FetchStyleLoadPlanBuildingAssociationVisitationStrategy - Building LoadPlan...
[DEBUG] 2018-10-03 12:07:29.251 [main] LoadQueryJoinAndFetchProcessor - processing queryspace <gen:0>
[DEBUG] 2018-10-03 12:07:29.251 [main] LoadPlanTreePrinter - LoadPlan(entity=sescheraun.WorldOfFutureDarkness.generator.User)
    - Returns
       - EntityReturnImpl(entity=sescheraun.WorldOfFutureDarkness.generator.User, querySpaceUid=<gen:0>, path=sescheraun.WorldOfFutureDarkness.generator.User)
    - QuerySpaces
       - EntityQuerySpaceImpl(uid=<gen:0>, entity=sescheraun.WorldOfFutureDarkness.generator.User)
          - SQL table alias mapping - user0_
          - alias suffix - 0_
          - suffixed key columns - {id1_0_0_}

[DEBUG] 2018-10-03 12:07:29.251 [main] EntityLoader - Static select for entity sescheraun.WorldOfFutureDarkness.generator.User [OPTIMISTIC_FORCE_INCREMENT]: select user0_.id as id1_0_0_, user0_.authenticator as authenti2_0_0_, user0_.EmailAddress as EmailAdd3_0_0_, user0_.firstName as firstNam4_0_0_, user0_.isDeleted as isDelete5_0_0_, user0_.lastName as lastName6_0_0_, user0_.phoneNumber as phoneNum7_0_0_, user0_.userName as userName8_0_0_ from user user0_ where user0_.id=?
[DEBUG] 2018-10-03 12:07:29.262 [main] Loader - Static select for action ACTION_MERGE on entity sescheraun.WorldOfFutureDarkness.generator.User: select user0_.id as id1_0_0_, user0_.authenticator as authenti2_0_0_, user0_.EmailAddress as EmailAdd3_0_0_, user0_.firstName as firstNam4_0_0_, user0_.isDeleted as isDelete5_0_0_, user0_.lastName as lastName6_0_0_, user0_.phoneNumber as phoneNum7_0_0_, user0_.userName as userName8_0_0_ from user user0_ where user0_.id=?
[DEBUG] 2018-10-03 12:07:29.263 [main] Loader - Static select for action ACTION_REFRESH on entity sescheraun.WorldOfFutureDarkness.generator.User: select user0_.id as id1_0_0_, user0_.authenticator as authenti2_0_0_, user0_.EmailAddress as EmailAdd3_0_0_, user0_.firstName as firstNam4_0_0_, user0_.isDeleted as isDelete5_0_0_, user0_.lastName as lastName6_0_0_, user0_.phoneNumber as phoneNum7_0_0_, user0_.userName as userName8_0_0_ from user user0_ where user0_.id=?
[DEBUG] 2018-10-03 12:07:29.281 [main] SchemaManagementToolCoordinator - No actions specified; doing nothing
[DEBUG] 2018-10-03 12:07:29.281 [main] JtaPlatformInitiator - No JtaPlatform was specified, checking resolver
[DEBUG] 2018-10-03 12:07:29.281 [main] JtaPlatformResolverInitiator - No JtaPlatformResolver was specified, using default [org.hibernate.engine.transaction.jta.platform.internal.StandardJtaPlatformResolver]
[DEBUG] 2018-10-03 12:07:29.287 [main] StandardJtaPlatformResolver - Could not resolve JtaPlatform, using default [org.hibernate.engine.transaction.jta.platform.internal.NoJtaPlatform]
[DEBUG] 2018-10-03 12:07:29.288 [main] NamedQueryRepository - Checking 0 named HQL queries
[DEBUG] 2018-10-03 12:07:29.288 [main] NamedQueryRepository - Checking 0 named SQL queries
[DEBUG] 2018-10-03 12:07:29.290 [main] SessionFactoryRegistry - Initializing SessionFactoryRegistry : org.hibernate.internal.SessionFactoryRegistry@341b13a8
[DEBUG] 2018-10-03 12:07:29.291 [main] SessionFactoryRegistry - Registering SessionFactory: 07f4ab79-6804-462d-bb44-f37711a63448 (<unnamed>)
[DEBUG] 2018-10-03 12:07:29.291 [main] SessionFactoryRegistry - Not binding SessionFactory to JNDI, no JNDI name configured
[DEBUG] 2018-10-03 12:07:30.014 [main] StatisticsInitiator - Statistics initialized [enabled=false]
[DEBUG] 2018-10-03 12:07:30.026 [main] SQL - select user0_.id as id1_0_0_, user0_.authenticator as authenti2_0_0_, user0_.EmailAddress as EmailAdd3_0_0_, user0_.firstName as firstNam4_0_0_, user0_.isDeleted as isDelete5_0_0_, user0_.lastName as lastName6_0_0_, user0_.phoneNumber as phoneNum7_0_0_, user0_.userName as userName8_0_0_ from user user0_ where user0_.id=?
[DEBUG] 2018-10-03 12:07:30.044 [main] ResultSetProcessorImpl - Starting ResultSet row #0
[DEBUG] 2018-10-03 12:07:30.044 [main] EntityReferenceInitializerImpl - On call to EntityIdentifierReaderImpl#resolve, EntityKey was already known; should only happen on root returns with an optional identifier specified
[DEBUG] 2018-10-03 12:07:30.054 [main] TwoPhaseLoad - Resolving associations for [sescheraun.WorldOfFutureDarkness.generator.User#1]
[DEBUG] 2018-10-03 12:07:30.056 [main] TwoPhaseLoad - Done materializing entity [sescheraun.WorldOfFutureDarkness.generator.User#1]
[DEBUG] 2018-10-03 12:07:30.056 [main] ResourceRegistryStandardImpl - HHH000387: ResultSet's statement was not registered
[DEBUG] 2018-10-03 12:07:30.056 [main] AbstractLoadPlanBasedEntityLoader - Done entity load : sescheraun.WorldOfFutureDarkness.generator.User#1
[DEBUG] 2018-10-03 12:07:30.056 [main] LogicalConnectionManagedImpl - Initiating JDBC connection release from afterTransaction
[DEBUG] 2018-10-03 12:07:30.081 [main] CriteriaQueryImpl - Rendered criteria query -> select generatedAlias0 from User as generatedAlias0 where generatedAlias0.isDeleted = false
[DEBUG] 2018-10-03 12:07:30.093 [main] QueryTranslatorFactoryInitiator - QueryTranslatorFactory : org.hibernate.hql.internal.ast.ASTQueryTranslatorFactory@a09303
[INFO ] 2018-10-03 12:07:30.094 [main] QueryTranslatorFactoryInitiator - HHH000397: Using ASTQueryTranslatorFactory
[DEBUG] 2018-10-03 12:07:30.116 [main] QueryTranslatorImpl - parse() - HQL: select generatedAlias0 from sescheraun.WorldOfFutureDarkness.generator.User as generatedAlias0 where generatedAlias0.isDeleted = false
[DEBUG] 2018-10-03 12:07:30.123 [main] ErrorCounter - throwQueryException() : no errors
[DEBUG] 2018-10-03 12:07:30.125 [main] QueryTranslatorImpl - --- HQL AST ---
 \-[QUERY] Node: 'query'
    +-[SELECT_FROM] Node: 'SELECT_FROM'
    |  +-[FROM] Node: 'from'
    |  |  \-[RANGE] Node: 'RANGE'
    |  |     +-[DOT] Node: '.'
    |  |     |  +-[DOT] Node: '.'
    |  |     |  |  +-[DOT] Node: '.'
    |  |     |  |  |  +-[IDENT] Node: 'sescheraun'
    |  |     |  |  |  \-[IDENT] Node: 'WorldOfFutureDarkness'
    |  |     |  |  \-[IDENT] Node: 'generator'
    |  |     |  \-[IDENT] Node: 'User'
    |  |     \-[ALIAS] Node: 'generatedAlias0'
    |  \-[SELECT] Node: 'select'
    |     \-[IDENT] Node: 'generatedAlias0'
    \-[WHERE] Node: 'where'
       \-[EQ] Node: '='
          +-[DOT] Node: '.'
          |  +-[IDENT] Node: 'generatedAlias0'
          |  \-[IDENT] Node: 'isDeleted'
          \-[FALSE] Node: 'false'

[DEBUG] 2018-10-03 12:07:30.147 [main] HqlSqlBaseWalker - select << begin [level=1, statement=select]
[DEBUG] 2018-10-03 12:07:30.159 [main] FromElement - FromClause{level=1} : sescheraun.WorldOfFutureDarkness.generator.User (generatedAlias0) -> user0_
[DEBUG] 2018-10-03 12:07:30.159 [main] FromReferenceNode - Resolved : generatedAlias0 -> user0_.id
[DEBUG] 2018-10-03 12:07:30.162 [main] FromReferenceNode - Resolved : generatedAlias0 -> user0_.id
[DEBUG] 2018-10-03 12:07:30.162 [main] DotNode - getDataType() : isDeleted -> org.hibernate.type.BooleanType@1051817b
[DEBUG] 2018-10-03 12:07:30.163 [main] FromReferenceNode - Resolved : generatedAlias0.isDeleted -> user0_.isDeleted
[DEBUG] 2018-10-03 12:07:30.164 [main] HqlSqlBaseWalker - select : finishing up [level=1, statement=select]
[DEBUG] 2018-10-03 12:07:30.164 [main] HqlSqlWalker - processQuery() :  ( SELECT ( {select clause} user0_.id ) ( FromClause{level=1} user user0_ ) ( where ( = ( user0_.isDeleted user0_.id isDeleted ) false ) ) )
[DEBUG] 2018-10-03 12:07:30.171 [main] JoinProcessor - Using FROM fragment [user user0_]
[DEBUG] 2018-10-03 12:07:30.171 [main] HqlSqlBaseWalker - select >> end [level=1, statement=select]
[DEBUG] 2018-10-03 12:07:30.171 [main] QueryTranslatorImpl - --- SQL AST ---
 \-[SELECT] QueryNode: 'SELECT'  querySpaces (user)
    +-[SELECT_CLAUSE] SelectClause: '{select clause}'
    |  +-[ALIAS_REF] IdentNode: 'user0_.id as id1_0_' {alias=generatedAlias0, className=sescheraun.WorldOfFutureDarkness.generator.User, tableAlias=user0_}
    |  \-[SQL_TOKEN] SqlFragment: 'user0_.authenticator as authenti2_0_, user0_.EmailAddress as EmailAdd3_0_, user0_.firstName as firstNam4_0_, user0_.isDeleted as isDelete5_0_, user0_.lastName as lastName6_0_, user0_.phoneNumber as phoneNum7_0_, user0_.userName as userName8_0_'
    +-[FROM] FromClause: 'from' FromClause{level=1, fromElementCounter=1, fromElements=1, fromElementByClassAlias=[generatedAlias0], fromElementByTableAlias=[user0_], fromElementsByPath=[], collectionJoinFromElementsByPath=[], impliedElements=[]}
    |  \-[FROM_FRAGMENT] FromElement: 'user user0_' FromElement{explicit,not a collection join,not a fetch join,fetch non-lazy properties,classAlias=generatedAlias0,role=null,tableName=user,tableAlias=user0_,origin=null,columns={,className=sescheraun.WorldOfFutureDarkness.generator.User}}
    \-[WHERE] SqlNode: 'where'
       \-[EQ] BinaryLogicOperatorNode: '='
          +-[DOT] DotNode: 'user0_.isDeleted' {propertyName=isDeleted,dereferenceType=PRIMITIVE,getPropertyPath=isDeleted,path=generatedAlias0.isDeleted,tableAlias=user0_,className=sescheraun.WorldOfFutureDarkness.generator.User,classAlias=generatedAlias0}
          |  +-[ALIAS_REF] IdentNode: 'user0_.id' {alias=generatedAlias0, className=sescheraun.WorldOfFutureDarkness.generator.User, tableAlias=user0_}
          |  \-[IDENT] IdentNode: 'isDeleted' {originalText=isDeleted}
          \-[FALSE] BooleanLiteralNode: 'false'

[DEBUG] 2018-10-03 12:07:30.171 [main] ErrorCounter - throwQueryException() : no errors
[DEBUG] 2018-10-03 12:07:30.177 [main] QueryTranslatorImpl - HQL: select generatedAlias0 from sescheraun.WorldOfFutureDarkness.generator.User as generatedAlias0 where generatedAlias0.isDeleted = false
[DEBUG] 2018-10-03 12:07:30.177 [main] QueryTranslatorImpl - SQL: select user0_.id as id1_0_, user0_.authenticator as authenti2_0_, user0_.EmailAddress as EmailAdd3_0_, user0_.firstName as firstNam4_0_, user0_.isDeleted as isDelete5_0_, user0_.lastName as lastName6_0_, user0_.phoneNumber as phoneNum7_0_, user0_.userName as userName8_0_ from user user0_ where user0_.isDeleted=0
[DEBUG] 2018-10-03 12:07:30.177 [main] ErrorCounter - throwQueryException() : no errors
[DEBUG] 2018-10-03 12:07:30.186 [main] SQL - select user0_.id as id1_0_, user0_.authenticator as authenti2_0_, user0_.EmailAddress as EmailAdd3_0_, user0_.firstName as firstNam4_0_, user0_.isDeleted as isDelete5_0_, user0_.lastName as lastName6_0_, user0_.phoneNumber as phoneNum7_0_, user0_.userName as userName8_0_ from user user0_ where user0_.isDeleted=0
[DEBUG] 2018-10-03 12:07:30.188 [main] Loader - Result set row: 0
[DEBUG] 2018-10-03 12:07:30.189 [main] Loader - Result row: EntityKey[sescheraun.WorldOfFutureDarkness.generator.User#1]
[DEBUG] 2018-10-03 12:07:30.189 [main] Loader - Result set row: 1
[DEBUG] 2018-10-03 12:07:30.189 [main] Loader - Result row: EntityKey[sescheraun.WorldOfFutureDarkness.generator.User#2]
[DEBUG] 2018-10-03 12:07:30.189 [main] Loader - Result set row: 2
[DEBUG] 2018-10-03 12:07:30.189 [main] Loader - Result row: EntityKey[sescheraun.WorldOfFutureDarkness.generator.User#3]
[DEBUG] 2018-10-03 12:07:30.189 [main] Loader - Result set row: 3
[DEBUG] 2018-10-03 12:07:30.190 [main] Loader - Result row: EntityKey[sescheraun.WorldOfFutureDarkness.generator.User#4]
[DEBUG] 2018-10-03 12:07:30.190 [main] Loader - Result set row: 4
[DEBUG] 2018-10-03 12:07:30.190 [main] Loader - Result row: EntityKey[sescheraun.WorldOfFutureDarkness.generator.User#5]
[DEBUG] 2018-10-03 12:07:30.190 [main] TwoPhaseLoad - Resolving associations for [sescheraun.WorldOfFutureDarkness.generator.User#1]
[DEBUG] 2018-10-03 12:07:30.190 [main] TwoPhaseLoad - Done materializing entity [sescheraun.WorldOfFutureDarkness.generator.User#1]
[DEBUG] 2018-10-03 12:07:30.190 [main] TwoPhaseLoad - Resolving associations for [sescheraun.WorldOfFutureDarkness.generator.User#2]
[DEBUG] 2018-10-03 12:07:30.190 [main] TwoPhaseLoad - Done materializing entity [sescheraun.WorldOfFutureDarkness.generator.User#2]
[DEBUG] 2018-10-03 12:07:30.190 [main] TwoPhaseLoad - Resolving associations for [sescheraun.WorldOfFutureDarkness.generator.User#3]
[DEBUG] 2018-10-03 12:07:30.190 [main] TwoPhaseLoad - Done materializing entity [sescheraun.WorldOfFutureDarkness.generator.User#3]
[DEBUG] 2018-10-03 12:07:30.190 [main] TwoPhaseLoad - Resolving associations for [sescheraun.WorldOfFutureDarkness.generator.User#4]
[DEBUG] 2018-10-03 12:07:30.190 [main] TwoPhaseLoad - Done materializing entity [sescheraun.WorldOfFutureDarkness.generator.User#4]
[DEBUG] 2018-10-03 12:07:30.190 [main] TwoPhaseLoad - Resolving associations for [sescheraun.WorldOfFutureDarkness.generator.User#5]
[DEBUG] 2018-10-03 12:07:30.190 [main] TwoPhaseLoad - Done materializing entity [sescheraun.WorldOfFutureDarkness.generator.User#5]
[DEBUG] 2018-10-03 12:07:30.192 [main] LogicalConnectionManagedImpl - Initiating JDBC connection release from afterTransaction
