[DEBUG] 2018-10-02 23:40:48.709 [main] IntegratorServiceImpl - Adding Integrator [org.hibernate.cfg.beanvalidation.BeanValidationIntegrator].
[DEBUG] 2018-10-02 23:40:48.721 [main] IntegratorServiceImpl - Adding Integrator [org.hibernate.secure.spi.JaccIntegrator].
[DEBUG] 2018-10-02 23:40:48.728 [main] IntegratorServiceImpl - Adding Integrator [org.hibernate.cache.internal.CollectionCacheInvalidator].
[INFO ] 2018-10-02 23:40:48.956 [main] Version - HHH000412: Hibernate Core {5.2.12.Final}
[INFO ] 2018-10-02 23:40:48.959 [main] Environment - HHH000206: hibernate.properties not found
[DEBUG] 2018-10-02 23:40:49.027 [main] LocalXmlResourceResolver - Interpreting public/system identifier : [-//Hibernate/Hibernate Configuration DTD//EN] - [http://www.hibernate.org/dtd/hibernate-configuration-3.0.dtd]
[DEBUG] 2018-10-02 23:40:49.029 [main] LocalXmlResourceResolver - Recognized hibernate-configuration identifier; attempting to resolve on classpath under org/hibernate/
[DEBUG] 2018-10-02 23:40:49.036 [main] JaxbCfgProcessor - cfg.xml document did not define namespaces; wrapping in custom event reader to introduce namespace information
[DEBUG] 2018-10-02 23:40:49.369 [main] ServiceBinding - Overriding existing service binding [org.hibernate.secure.spi.JaccService]
[DEBUG] 2018-10-02 23:40:49.412 [main] RegionFactoryInitiator - Cache region factory : org.hibernate.cache.internal.NoCachingRegionFactory
[INFO ] 2018-10-02 23:40:49.432 [main] Version - HCANN000001: Hibernate Commons Annotations {5.0.1.Final}
[DEBUG] 2018-10-02 23:40:49.473 [main] BasicTypeRegistry - Adding type registration boolean -> org.hibernate.type.BooleanType@4f0f2942
[DEBUG] 2018-10-02 23:40:49.473 [main] BasicTypeRegistry - Adding type registration boolean -> org.hibernate.type.BooleanType@4f0f2942
[DEBUG] 2018-10-02 23:40:49.473 [main] BasicTypeRegistry - Adding type registration java.lang.Boolean -> org.hibernate.type.BooleanType@4f0f2942
[DEBUG] 2018-10-02 23:40:49.475 [main] BasicTypeRegistry - Adding type registration numeric_boolean -> org.hibernate.type.NumericBooleanType@69504ae9
[DEBUG] 2018-10-02 23:40:49.477 [main] BasicTypeRegistry - Adding type registration true_false -> org.hibernate.type.TrueFalseType@475c9c31
[DEBUG] 2018-10-02 23:40:49.478 [main] BasicTypeRegistry - Adding type registration yes_no -> org.hibernate.type.YesNoType@5276d6ee
[DEBUG] 2018-10-02 23:40:49.481 [main] BasicTypeRegistry - Adding type registration byte -> org.hibernate.type.ByteType@7dfd3c81
[DEBUG] 2018-10-02 23:40:49.481 [main] BasicTypeRegistry - Adding type registration byte -> org.hibernate.type.ByteType@7dfd3c81
[DEBUG] 2018-10-02 23:40:49.481 [main] BasicTypeRegistry - Adding type registration java.lang.Byte -> org.hibernate.type.ByteType@7dfd3c81
[DEBUG] 2018-10-02 23:40:49.484 [main] BasicTypeRegistry - Adding type registration character -> org.hibernate.type.CharacterType@7dfb0c0f
[DEBUG] 2018-10-02 23:40:49.484 [main] BasicTypeRegistry - Adding type registration char -> org.hibernate.type.CharacterType@7dfb0c0f
[DEBUG] 2018-10-02 23:40:49.486 [main] BasicTypeRegistry - Adding type registration java.lang.Character -> org.hibernate.type.CharacterType@7dfb0c0f
[DEBUG] 2018-10-02 23:40:49.488 [main] BasicTypeRegistry - Adding type registration short -> org.hibernate.type.ShortType@2d0399f4
[DEBUG] 2018-10-02 23:40:49.489 [main] BasicTypeRegistry - Adding type registration short -> org.hibernate.type.ShortType@2d0399f4
[DEBUG] 2018-10-02 23:40:49.489 [main] BasicTypeRegistry - Adding type registration java.lang.Short -> org.hibernate.type.ShortType@2d0399f4
[DEBUG] 2018-10-02 23:40:49.491 [main] BasicTypeRegistry - Adding type registration integer -> org.hibernate.type.IntegerType@2254127a
[DEBUG] 2018-10-02 23:40:49.491 [main] BasicTypeRegistry - Adding type registration int -> org.hibernate.type.IntegerType@2254127a
[DEBUG] 2018-10-02 23:40:49.491 [main] BasicTypeRegistry - Adding type registration java.lang.Integer -> org.hibernate.type.IntegerType@2254127a
[DEBUG] 2018-10-02 23:40:49.494 [main] BasicTypeRegistry - Adding type registration long -> org.hibernate.type.LongType@5a7fe64f
[DEBUG] 2018-10-02 23:40:49.494 [main] BasicTypeRegistry - Adding type registration long -> org.hibernate.type.LongType@5a7fe64f
[DEBUG] 2018-10-02 23:40:49.494 [main] BasicTypeRegistry - Adding type registration java.lang.Long -> org.hibernate.type.LongType@5a7fe64f
[DEBUG] 2018-10-02 23:40:49.497 [main] BasicTypeRegistry - Adding type registration float -> org.hibernate.type.FloatType@37313c65
[DEBUG] 2018-10-02 23:40:49.497 [main] BasicTypeRegistry - Adding type registration float -> org.hibernate.type.FloatType@37313c65
[DEBUG] 2018-10-02 23:40:49.497 [main] BasicTypeRegistry - Adding type registration java.lang.Float -> org.hibernate.type.FloatType@37313c65
[DEBUG] 2018-10-02 23:40:49.500 [main] BasicTypeRegistry - Adding type registration double -> org.hibernate.type.DoubleType@5d908d47
[DEBUG] 2018-10-02 23:40:49.500 [main] BasicTypeRegistry - Adding type registration double -> org.hibernate.type.DoubleType@5d908d47
[DEBUG] 2018-10-02 23:40:49.500 [main] BasicTypeRegistry - Adding type registration java.lang.Double -> org.hibernate.type.DoubleType@5d908d47
[DEBUG] 2018-10-02 23:40:49.503 [main] BasicTypeRegistry - Adding type registration big_decimal -> org.hibernate.type.BigDecimalType@6f36c2f0
[DEBUG] 2018-10-02 23:40:49.503 [main] BasicTypeRegistry - Adding type registration java.math.BigDecimal -> org.hibernate.type.BigDecimalType@6f36c2f0
[DEBUG] 2018-10-02 23:40:49.505 [main] BasicTypeRegistry - Adding type registration big_integer -> org.hibernate.type.BigIntegerType@3b35a229
[DEBUG] 2018-10-02 23:40:49.505 [main] BasicTypeRegistry - Adding type registration java.math.BigInteger -> org.hibernate.type.BigIntegerType@3b35a229
[DEBUG] 2018-10-02 23:40:49.507 [main] BasicTypeRegistry - Adding type registration string -> org.hibernate.type.StringType@7dc3712
[DEBUG] 2018-10-02 23:40:49.508 [main] BasicTypeRegistry - Adding type registration java.lang.String -> org.hibernate.type.StringType@7dc3712
[DEBUG] 2018-10-02 23:40:49.509 [main] BasicTypeRegistry - Adding type registration nstring -> org.hibernate.type.StringNVarcharType@5be1d0a4
[DEBUG] 2018-10-02 23:40:49.518 [main] BasicTypeRegistry - Adding type registration ncharacter -> org.hibernate.type.CharacterNCharType@7d322cad
[DEBUG] 2018-10-02 23:40:49.520 [main] BasicTypeRegistry - Adding type registration url -> org.hibernate.type.UrlType@448c8166
[DEBUG] 2018-10-02 23:40:49.520 [main] BasicTypeRegistry - Adding type registration java.net.URL -> org.hibernate.type.UrlType@448c8166
[DEBUG] 2018-10-02 23:40:49.522 [main] BasicTypeRegistry - Adding type registration Duration -> org.hibernate.type.DurationType@13526e59
[DEBUG] 2018-10-02 23:40:49.523 [main] BasicTypeRegistry - Adding type registration java.time.Duration -> org.hibernate.type.DurationType@13526e59
[DEBUG] 2018-10-02 23:40:49.547 [main] BasicTypeRegistry - Adding type registration Instant -> org.hibernate.type.InstantType@6cc4cdb9
[DEBUG] 2018-10-02 23:40:49.547 [main] BasicTypeRegistry - Adding type registration java.time.Instant -> org.hibernate.type.InstantType@6cc4cdb9
[DEBUG] 2018-10-02 23:40:49.550 [main] BasicTypeRegistry - Adding type registration LocalDateTime -> org.hibernate.type.LocalDateTimeType@32115b28
[DEBUG] 2018-10-02 23:40:49.550 [main] BasicTypeRegistry - Adding type registration java.time.LocalDateTime -> org.hibernate.type.LocalDateTimeType@32115b28
[DEBUG] 2018-10-02 23:40:49.553 [main] BasicTypeRegistry - Adding type registration LocalDate -> org.hibernate.type.LocalDateType@3214ee6
[DEBUG] 2018-10-02 23:40:49.554 [main] BasicTypeRegistry - Adding type registration java.time.LocalDate -> org.hibernate.type.LocalDateType@3214ee6
[DEBUG] 2018-10-02 23:40:49.556 [main] BasicTypeRegistry - Adding type registration LocalTime -> org.hibernate.type.LocalTimeType@68746f22
[DEBUG] 2018-10-02 23:40:49.557 [main] BasicTypeRegistry - Adding type registration java.time.LocalTime -> org.hibernate.type.LocalTimeType@68746f22
[DEBUG] 2018-10-02 23:40:49.559 [main] BasicTypeRegistry - Adding type registration OffsetDateTime -> org.hibernate.type.OffsetDateTimeType@2eea88a1
[DEBUG] 2018-10-02 23:40:49.560 [main] BasicTypeRegistry - Adding type registration java.time.OffsetDateTime -> org.hibernate.type.OffsetDateTimeType@2eea88a1
[DEBUG] 2018-10-02 23:40:49.562 [main] BasicTypeRegistry - Adding type registration OffsetTime -> org.hibernate.type.OffsetTimeType@16612a51
[DEBUG] 2018-10-02 23:40:49.562 [main] BasicTypeRegistry - Adding type registration java.time.OffsetTime -> org.hibernate.type.OffsetTimeType@16612a51
[DEBUG] 2018-10-02 23:40:49.568 [main] BasicTypeRegistry - Adding type registration ZonedDateTime -> org.hibernate.type.ZonedDateTimeType@7d61eb55
[DEBUG] 2018-10-02 23:40:49.569 [main] BasicTypeRegistry - Adding type registration java.time.ZonedDateTime -> org.hibernate.type.ZonedDateTimeType@7d61eb55
[DEBUG] 2018-10-02 23:40:49.572 [main] BasicTypeRegistry - Adding type registration date -> org.hibernate.type.DateType@638ef7ed
[DEBUG] 2018-10-02 23:40:49.572 [main] BasicTypeRegistry - Adding type registration java.sql.Date -> org.hibernate.type.DateType@638ef7ed
[DEBUG] 2018-10-02 23:40:49.574 [main] BasicTypeRegistry - Adding type registration time -> org.hibernate.type.TimeType@776a6d9b
[DEBUG] 2018-10-02 23:40:49.574 [main] BasicTypeRegistry - Adding type registration java.sql.Time -> org.hibernate.type.TimeType@776a6d9b
[DEBUG] 2018-10-02 23:40:49.577 [main] BasicTypeRegistry - Adding type registration timestamp -> org.hibernate.type.TimestampType@1cf56a1c
[DEBUG] 2018-10-02 23:40:49.577 [main] BasicTypeRegistry - Adding type registration java.sql.Timestamp -> org.hibernate.type.TimestampType@1cf56a1c
[DEBUG] 2018-10-02 23:40:49.577 [main] BasicTypeRegistry - Adding type registration java.util.Date -> org.hibernate.type.TimestampType@1cf56a1c
[DEBUG] 2018-10-02 23:40:49.580 [main] BasicTypeRegistry - Adding type registration dbtimestamp -> org.hibernate.type.DbTimestampType@264f218
[DEBUG] 2018-10-02 23:40:49.582 [main] BasicTypeRegistry - Adding type registration calendar -> org.hibernate.type.CalendarType@81d9a72
[DEBUG] 2018-10-02 23:40:49.582 [main] BasicTypeRegistry - Adding type registration java.util.Calendar -> org.hibernate.type.CalendarType@81d9a72
[DEBUG] 2018-10-02 23:40:49.582 [main] BasicTypeRegistry - Adding type registration java.util.GregorianCalendar -> org.hibernate.type.CalendarType@81d9a72
[DEBUG] 2018-10-02 23:40:49.584 [main] BasicTypeRegistry - Adding type registration calendar_date -> org.hibernate.type.CalendarDateType@2ca26d77
[DEBUG] 2018-10-02 23:40:49.586 [main] BasicTypeRegistry - Adding type registration locale -> org.hibernate.type.LocaleType@1ebea008
[DEBUG] 2018-10-02 23:40:49.586 [main] BasicTypeRegistry - Adding type registration java.util.Locale -> org.hibernate.type.LocaleType@1ebea008
[DEBUG] 2018-10-02 23:40:49.588 [main] BasicTypeRegistry - Adding type registration currency -> org.hibernate.type.CurrencyType@51bf5add
[DEBUG] 2018-10-02 23:40:49.588 [main] BasicTypeRegistry - Adding type registration java.util.Currency -> org.hibernate.type.CurrencyType@51bf5add
[DEBUG] 2018-10-02 23:40:49.590 [main] BasicTypeRegistry - Adding type registration timezone -> org.hibernate.type.TimeZoneType@478db956
[DEBUG] 2018-10-02 23:40:49.590 [main] BasicTypeRegistry - Adding type registration java.util.TimeZone -> org.hibernate.type.TimeZoneType@478db956
[DEBUG] 2018-10-02 23:40:49.592 [main] BasicTypeRegistry - Adding type registration class -> org.hibernate.type.ClassType@1b410b60
[DEBUG] 2018-10-02 23:40:49.593 [main] BasicTypeRegistry - Adding type registration java.lang.Class -> org.hibernate.type.ClassType@1b410b60
[DEBUG] 2018-10-02 23:40:49.596 [main] BasicTypeRegistry - Adding type registration uuid-binary -> org.hibernate.type.UUIDBinaryType@6b0d80ed
[DEBUG] 2018-10-02 23:40:49.596 [main] BasicTypeRegistry - Adding type registration java.util.UUID -> org.hibernate.type.UUIDBinaryType@6b0d80ed
[DEBUG] 2018-10-02 23:40:49.597 [main] BasicTypeRegistry - Adding type registration uuid-char -> org.hibernate.type.UUIDCharType@928763c
[DEBUG] 2018-10-02 23:40:49.600 [main] BasicTypeRegistry - Adding type registration binary -> org.hibernate.type.BinaryType@2f666ebb
[DEBUG] 2018-10-02 23:40:49.600 [main] BasicTypeRegistry - Adding type registration byte[] -> org.hibernate.type.BinaryType@2f666ebb
[DEBUG] 2018-10-02 23:40:49.600 [main] BasicTypeRegistry - Adding type registration [B -> org.hibernate.type.BinaryType@2f666ebb
[DEBUG] 2018-10-02 23:40:49.602 [main] BasicTypeRegistry - Adding type registration wrapper-binary -> org.hibernate.type.WrapperBinaryType@75c56eb9
[DEBUG] 2018-10-02 23:40:49.603 [main] BasicTypeRegistry - Adding type registration Byte[] -> org.hibernate.type.WrapperBinaryType@75c56eb9
[DEBUG] 2018-10-02 23:40:49.603 [main] BasicTypeRegistry - Adding type registration [Ljava.lang.Byte; -> org.hibernate.type.WrapperBinaryType@75c56eb9
[DEBUG] 2018-10-02 23:40:49.605 [main] BasicTypeRegistry - Adding type registration row_version -> org.hibernate.type.RowVersionType@5e17553a
[DEBUG] 2018-10-02 23:40:49.607 [main] BasicTypeRegistry - Adding type registration image -> org.hibernate.type.ImageType@27912e3
[DEBUG] 2018-10-02 23:40:49.609 [main] BasicTypeRegistry - Adding type registration characters -> org.hibernate.type.CharArrayType@30b6ffe0
[DEBUG] 2018-10-02 23:40:49.609 [main] BasicTypeRegistry - Adding type registration char[] -> org.hibernate.type.CharArrayType@30b6ffe0
[DEBUG] 2018-10-02 23:40:49.609 [main] BasicTypeRegistry - Adding type registration [C -> org.hibernate.type.CharArrayType@30b6ffe0
[DEBUG] 2018-10-02 23:40:49.611 [main] BasicTypeRegistry - Adding type registration wrapper-characters -> org.hibernate.type.CharacterArrayType@24c22fe
[DEBUG] 2018-10-02 23:40:49.612 [main] BasicTypeRegistry - Adding type registration [Ljava.lang.Character; -> org.hibernate.type.CharacterArrayType@24c22fe
[DEBUG] 2018-10-02 23:40:49.612 [main] BasicTypeRegistry - Adding type registration Character[] -> org.hibernate.type.CharacterArrayType@24c22fe
[DEBUG] 2018-10-02 23:40:49.613 [main] BasicTypeRegistry - Adding type registration text -> org.hibernate.type.TextType@15a04efb
[DEBUG] 2018-10-02 23:40:49.615 [main] BasicTypeRegistry - Adding type registration ntext -> org.hibernate.type.NTextType@3336e6b6
[DEBUG] 2018-10-02 23:40:49.622 [main] BasicTypeRegistry - Adding type registration blob -> org.hibernate.type.BlobType@7b993c65
[DEBUG] 2018-10-02 23:40:49.622 [main] BasicTypeRegistry - Adding type registration java.sql.Blob -> org.hibernate.type.BlobType@7b993c65
[DEBUG] 2018-10-02 23:40:49.623 [main] BasicTypeRegistry - Adding type registration materialized_blob -> org.hibernate.type.MaterializedBlobType@4d6025c5
[DEBUG] 2018-10-02 23:40:49.630 [main] BasicTypeRegistry - Adding type registration clob -> org.hibernate.type.ClobType@463fd068
[DEBUG] 2018-10-02 23:40:49.631 [main] BasicTypeRegistry - Adding type registration java.sql.Clob -> org.hibernate.type.ClobType@463fd068
[DEBUG] 2018-10-02 23:40:49.713 [main] BasicTypeRegistry - Adding type registration nclob -> org.hibernate.type.NClobType@4bd31064
[DEBUG] 2018-10-02 23:40:49.713 [main] BasicTypeRegistry - Adding type registration java.sql.NClob -> org.hibernate.type.NClobType@4bd31064
[DEBUG] 2018-10-02 23:40:49.715 [main] BasicTypeRegistry - Adding type registration materialized_clob -> org.hibernate.type.MaterializedClobType@7354b8c5
[DEBUG] 2018-10-02 23:40:49.716 [main] BasicTypeRegistry - Adding type registration materialized_nclob -> org.hibernate.type.MaterializedNClobType@11d8ae8b
[DEBUG] 2018-10-02 23:40:49.720 [main] BasicTypeRegistry - Adding type registration serializable -> org.hibernate.type.SerializableType@2fba3fc4
[DEBUG] 2018-10-02 23:40:49.724 [main] BasicTypeRegistry - Adding type registration object -> org.hibernate.type.ObjectType@6a57ae10
[DEBUG] 2018-10-02 23:40:49.725 [main] BasicTypeRegistry - Adding type registration java.lang.Object -> org.hibernate.type.ObjectType@6a57ae10
[DEBUG] 2018-10-02 23:40:49.726 [main] BasicTypeRegistry - Adding type registration imm_date -> org.hibernate.type.AdaptedImmutableType@28b46423
[DEBUG] 2018-10-02 23:40:49.726 [main] BasicTypeRegistry - Adding type registration imm_time -> org.hibernate.type.AdaptedImmutableType@7fc4780b
[DEBUG] 2018-10-02 23:40:49.726 [main] BasicTypeRegistry - Adding type registration imm_timestamp -> org.hibernate.type.AdaptedImmutableType@3b79fd76
[DEBUG] 2018-10-02 23:40:49.726 [main] BasicTypeRegistry - Adding type registration imm_dbtimestamp -> org.hibernate.type.AdaptedImmutableType@48c76607
[DEBUG] 2018-10-02 23:40:49.726 [main] BasicTypeRegistry - Adding type registration imm_calendar -> org.hibernate.type.AdaptedImmutableType@43599640
[DEBUG] 2018-10-02 23:40:49.726 [main] BasicTypeRegistry - Adding type registration imm_calendar_date -> org.hibernate.type.AdaptedImmutableType@1f81aa00
[DEBUG] 2018-10-02 23:40:49.726 [main] BasicTypeRegistry - Adding type registration imm_binary -> org.hibernate.type.AdaptedImmutableType@6b6776cb
[DEBUG] 2018-10-02 23:40:49.727 [main] BasicTypeRegistry - Adding type registration imm_serializable -> org.hibernate.type.AdaptedImmutableType@1863d2fe
[INFO ] 2018-10-02 23:40:49.744 [main] C3P0ConnectionProvider - HHH010002: C3P0 using driver: com.mysql.jdbc.Driver at URL: jdbc:mysql://localhost:3306/WorldOfDarknessTest
[INFO ] 2018-10-02 23:40:49.745 [main] C3P0ConnectionProvider - HHH10001001: Connection properties: {user=root, password=****}
[INFO ] 2018-10-02 23:40:49.746 [main] C3P0ConnectionProvider - HHH10001003: Autocommit mode: false
[INFO ] 2018-10-02 23:40:49.969 [main] C3P0ConnectionProvider - HHH10001007: JDBC isolation level: <unknown>
[WARN ] 2018-10-02 23:41:20.601 [main] JdbcEnvironmentInitiator - HHH000342: Could not obtain connection to query metadata : Connections could not be acquired from the underlying database!
