[DEBUG] 2018-10-02 17:32:54.416 [main] IntegratorServiceImpl - Adding Integrator [org.hibernate.cfg.beanvalidation.BeanValidationIntegrator].
[DEBUG] 2018-10-02 17:32:54.427 [main] IntegratorServiceImpl - Adding Integrator [org.hibernate.secure.spi.JaccIntegrator].
[DEBUG] 2018-10-02 17:32:54.435 [main] IntegratorServiceImpl - Adding Integrator [org.hibernate.cache.internal.CollectionCacheInvalidator].
[INFO ] 2018-10-02 17:32:54.581 [main] Version - HHH000412: Hibernate Core {5.2.12.Final}
[INFO ] 2018-10-02 17:32:54.584 [main] Environment - HHH000206: hibernate.properties not found
[DEBUG] 2018-10-02 17:32:54.652 [main] LocalXmlResourceResolver - Interpreting public/system identifier : [-//Hibernate/Hibernate Configuration DTD//EN] - [http://www.hibernate.org/dtd/hibernate-configuration-3.0.dtd]
[DEBUG] 2018-10-02 17:32:54.653 [main] LocalXmlResourceResolver - Recognized hibernate-configuration identifier; attempting to resolve on classpath under org/hibernate/
[DEBUG] 2018-10-02 17:32:54.664 [main] JaxbCfgProcessor - cfg.xml document did not define namespaces; wrapping in custom event reader to introduce namespace information
[DEBUG] 2018-10-02 17:32:54.932 [main] ServiceBinding - Overriding existing service binding [org.hibernate.secure.spi.JaccService]
[DEBUG] 2018-10-02 17:32:54.976 [main] RegionFactoryInitiator - Cache region factory : org.hibernate.cache.internal.NoCachingRegionFactory
[INFO ] 2018-10-02 17:32:54.993 [main] Version - HCANN000001: Hibernate Commons Annotations {5.0.1.Final}
[DEBUG] 2018-10-02 17:32:55.049 [main] BasicTypeRegistry - Adding type registration boolean -> org.hibernate.type.BooleanType@5db6b9cd
[DEBUG] 2018-10-02 17:32:55.050 [main] BasicTypeRegistry - Adding type registration boolean -> org.hibernate.type.BooleanType@5db6b9cd
[DEBUG] 2018-10-02 17:32:55.051 [main] BasicTypeRegistry - Adding type registration java.lang.Boolean -> org.hibernate.type.BooleanType@5db6b9cd
[DEBUG] 2018-10-02 17:32:55.053 [main] BasicTypeRegistry - Adding type registration numeric_boolean -> org.hibernate.type.NumericBooleanType@1be2019a
[DEBUG] 2018-10-02 17:32:55.062 [main] BasicTypeRegistry - Adding type registration true_false -> org.hibernate.type.TrueFalseType@47caedad
[DEBUG] 2018-10-02 17:32:55.064 [main] BasicTypeRegistry - Adding type registration yes_no -> org.hibernate.type.YesNoType@387a8303
[DEBUG] 2018-10-02 17:32:55.067 [main] BasicTypeRegistry - Adding type registration byte -> org.hibernate.type.ByteType@5c86a017
[DEBUG] 2018-10-02 17:32:55.068 [main] BasicTypeRegistry - Adding type registration byte -> org.hibernate.type.ByteType@5c86a017
[DEBUG] 2018-10-02 17:32:55.068 [main] BasicTypeRegistry - Adding type registration java.lang.Byte -> org.hibernate.type.ByteType@5c86a017
[DEBUG] 2018-10-02 17:32:55.070 [main] BasicTypeRegistry - Adding type registration character -> org.hibernate.type.CharacterType@1b919693
[DEBUG] 2018-10-02 17:32:55.073 [main] BasicTypeRegistry - Adding type registration char -> org.hibernate.type.CharacterType@1b919693
[DEBUG] 2018-10-02 17:32:55.074 [main] BasicTypeRegistry - Adding type registration java.lang.Character -> org.hibernate.type.CharacterType@1b919693
[DEBUG] 2018-10-02 17:32:55.077 [main] BasicTypeRegistry - Adding type registration short -> org.hibernate.type.ShortType@6933b6c6
[DEBUG] 2018-10-02 17:32:55.077 [main] BasicTypeRegistry - Adding type registration short -> org.hibernate.type.ShortType@6933b6c6
[DEBUG] 2018-10-02 17:32:55.077 [main] BasicTypeRegistry - Adding type registration java.lang.Short -> org.hibernate.type.ShortType@6933b6c6
[DEBUG] 2018-10-02 17:32:55.079 [main] BasicTypeRegistry - Adding type registration integer -> org.hibernate.type.IntegerType@1f9e9475
[DEBUG] 2018-10-02 17:32:55.080 [main] BasicTypeRegistry - Adding type registration int -> org.hibernate.type.IntegerType@1f9e9475
[DEBUG] 2018-10-02 17:32:55.080 [main] BasicTypeRegistry - Adding type registration java.lang.Integer -> org.hibernate.type.IntegerType@1f9e9475
[DEBUG] 2018-10-02 17:32:55.083 [main] BasicTypeRegistry - Adding type registration long -> org.hibernate.type.LongType@6cd24612
[DEBUG] 2018-10-02 17:32:55.083 [main] BasicTypeRegistry - Adding type registration long -> org.hibernate.type.LongType@6cd24612
[DEBUG] 2018-10-02 17:32:55.089 [main] BasicTypeRegistry - Adding type registration java.lang.Long -> org.hibernate.type.LongType@6cd24612
[DEBUG] 2018-10-02 17:32:55.095 [main] BasicTypeRegistry - Adding type registration float -> org.hibernate.type.FloatType@5a7fe64f
[DEBUG] 2018-10-02 17:32:55.095 [main] BasicTypeRegistry - Adding type registration float -> org.hibernate.type.FloatType@5a7fe64f
[DEBUG] 2018-10-02 17:32:55.096 [main] BasicTypeRegistry - Adding type registration java.lang.Float -> org.hibernate.type.FloatType@5a7fe64f
[DEBUG] 2018-10-02 17:32:55.102 [main] BasicTypeRegistry - Adding type registration double -> org.hibernate.type.DoubleType@508dec2b
[DEBUG] 2018-10-02 17:32:55.102 [main] BasicTypeRegistry - Adding type registration double -> org.hibernate.type.DoubleType@508dec2b
[DEBUG] 2018-10-02 17:32:55.102 [main] BasicTypeRegistry - Adding type registration java.lang.Double -> org.hibernate.type.DoubleType@508dec2b
[DEBUG] 2018-10-02 17:32:55.107 [main] BasicTypeRegistry - Adding type registration big_decimal -> org.hibernate.type.BigDecimalType@5d908d47
[DEBUG] 2018-10-02 17:32:55.107 [main] BasicTypeRegistry - Adding type registration java.math.BigDecimal -> org.hibernate.type.BigDecimalType@5d908d47
[DEBUG] 2018-10-02 17:32:55.109 [main] BasicTypeRegistry - Adding type registration big_integer -> org.hibernate.type.BigIntegerType@49c90a9c
[DEBUG] 2018-10-02 17:32:55.109 [main] BasicTypeRegistry - Adding type registration java.math.BigInteger -> org.hibernate.type.BigIntegerType@49c90a9c
[DEBUG] 2018-10-02 17:32:55.111 [main] BasicTypeRegistry - Adding type registration string -> org.hibernate.type.StringType@f58853c
[DEBUG] 2018-10-02 17:32:55.111 [main] BasicTypeRegistry - Adding type registration java.lang.String -> org.hibernate.type.StringType@f58853c
[DEBUG] 2018-10-02 17:32:55.113 [main] BasicTypeRegistry - Adding type registration nstring -> org.hibernate.type.StringNVarcharType@9816741
[DEBUG] 2018-10-02 17:32:55.114 [main] BasicTypeRegistry - Adding type registration ncharacter -> org.hibernate.type.CharacterNCharType@2f67a4d3
[DEBUG] 2018-10-02 17:32:55.116 [main] BasicTypeRegistry - Adding type registration url -> org.hibernate.type.UrlType@415b0b49
[DEBUG] 2018-10-02 17:32:55.117 [main] BasicTypeRegistry - Adding type registration java.net.URL -> org.hibernate.type.UrlType@415b0b49
[DEBUG] 2018-10-02 17:32:55.119 [main] BasicTypeRegistry - Adding type registration Duration -> org.hibernate.type.DurationType@21be3395
[DEBUG] 2018-10-02 17:32:55.120 [main] BasicTypeRegistry - Adding type registration java.time.Duration -> org.hibernate.type.DurationType@21be3395
[DEBUG] 2018-10-02 17:32:55.159 [main] BasicTypeRegistry - Adding type registration Instant -> org.hibernate.type.InstantType@2438dcd
[DEBUG] 2018-10-02 17:32:55.160 [main] BasicTypeRegistry - Adding type registration java.time.Instant -> org.hibernate.type.InstantType@2438dcd
[DEBUG] 2018-10-02 17:32:55.164 [main] BasicTypeRegistry - Adding type registration LocalDateTime -> org.hibernate.type.LocalDateTimeType@3e2055d6
[DEBUG] 2018-10-02 17:32:55.164 [main] BasicTypeRegistry - Adding type registration java.time.LocalDateTime -> org.hibernate.type.LocalDateTimeType@3e2055d6
[DEBUG] 2018-10-02 17:32:55.167 [main] BasicTypeRegistry - Adding type registration LocalDate -> org.hibernate.type.LocalDateType@1a5b6f42
[DEBUG] 2018-10-02 17:32:55.167 [main] BasicTypeRegistry - Adding type registration java.time.LocalDate -> org.hibernate.type.LocalDateType@1a5b6f42
[DEBUG] 2018-10-02 17:32:55.172 [main] BasicTypeRegistry - Adding type registration LocalTime -> org.hibernate.type.LocalTimeType@4b8729ff
[DEBUG] 2018-10-02 17:32:55.172 [main] BasicTypeRegistry - Adding type registration java.time.LocalTime -> org.hibernate.type.LocalTimeType@4b8729ff
[DEBUG] 2018-10-02 17:32:55.181 [main] BasicTypeRegistry - Adding type registration OffsetDateTime -> org.hibernate.type.OffsetDateTimeType@74287ea3
[DEBUG] 2018-10-02 17:32:55.182 [main] BasicTypeRegistry - Adding type registration java.time.OffsetDateTime -> org.hibernate.type.OffsetDateTimeType@74287ea3
[DEBUG] 2018-10-02 17:32:55.184 [main] BasicTypeRegistry - Adding type registration OffsetTime -> org.hibernate.type.OffsetTimeType@2f01783a
[DEBUG] 2018-10-02 17:32:55.185 [main] BasicTypeRegistry - Adding type registration java.time.OffsetTime -> org.hibernate.type.OffsetTimeType@2f01783a
[DEBUG] 2018-10-02 17:32:55.191 [main] BasicTypeRegistry - Adding type registration ZonedDateTime -> org.hibernate.type.ZonedDateTimeType@4149c063
[DEBUG] 2018-10-02 17:32:55.192 [main] BasicTypeRegistry - Adding type registration java.time.ZonedDateTime -> org.hibernate.type.ZonedDateTimeType@4149c063
[DEBUG] 2018-10-02 17:32:55.194 [main] BasicTypeRegistry - Adding type registration date -> org.hibernate.type.DateType@53f3bdbd
[DEBUG] 2018-10-02 17:32:55.195 [main] BasicTypeRegistry - Adding type registration java.sql.Date -> org.hibernate.type.DateType@53f3bdbd
[DEBUG] 2018-10-02 17:32:55.197 [main] BasicTypeRegistry - Adding type registration time -> org.hibernate.type.TimeType@4c2bb6e0
[DEBUG] 2018-10-02 17:32:55.197 [main] BasicTypeRegistry - Adding type registration java.sql.Time -> org.hibernate.type.TimeType@4c2bb6e0
[DEBUG] 2018-10-02 17:32:55.199 [main] BasicTypeRegistry - Adding type registration timestamp -> org.hibernate.type.TimestampType@4bff7da0
[DEBUG] 2018-10-02 17:32:55.199 [main] BasicTypeRegistry - Adding type registration java.sql.Timestamp -> org.hibernate.type.TimestampType@4bff7da0
[DEBUG] 2018-10-02 17:32:55.200 [main] BasicTypeRegistry - Adding type registration java.util.Date -> org.hibernate.type.TimestampType@4bff7da0
[DEBUG] 2018-10-02 17:32:55.202 [main] BasicTypeRegistry - Adding type registration dbtimestamp -> org.hibernate.type.DbTimestampType@47c81abf
[DEBUG] 2018-10-02 17:32:55.204 [main] BasicTypeRegistry - Adding type registration calendar -> org.hibernate.type.CalendarType@3cce57c7
[DEBUG] 2018-10-02 17:32:55.205 [main] BasicTypeRegistry - Adding type registration java.util.Calendar -> org.hibernate.type.CalendarType@3cce57c7
[DEBUG] 2018-10-02 17:32:55.206 [main] BasicTypeRegistry - Adding type registration java.util.GregorianCalendar -> org.hibernate.type.CalendarType@3cce57c7
[DEBUG] 2018-10-02 17:32:55.207 [main] BasicTypeRegistry - Adding type registration calendar_date -> org.hibernate.type.CalendarDateType@4c5ae43b
[DEBUG] 2018-10-02 17:32:55.210 [main] BasicTypeRegistry - Adding type registration locale -> org.hibernate.type.LocaleType@b86de0d
[DEBUG] 2018-10-02 17:32:55.210 [main] BasicTypeRegistry - Adding type registration java.util.Locale -> org.hibernate.type.LocaleType@b86de0d
[DEBUG] 2018-10-02 17:32:55.212 [main] BasicTypeRegistry - Adding type registration currency -> org.hibernate.type.CurrencyType@4808bc9b
[DEBUG] 2018-10-02 17:32:55.212 [main] BasicTypeRegistry - Adding type registration java.util.Currency -> org.hibernate.type.CurrencyType@4808bc9b
[DEBUG] 2018-10-02 17:32:55.214 [main] BasicTypeRegistry - Adding type registration timezone -> org.hibernate.type.TimeZoneType@72d6b3ba
[DEBUG] 2018-10-02 17:32:55.214 [main] BasicTypeRegistry - Adding type registration java.util.TimeZone -> org.hibernate.type.TimeZoneType@72d6b3ba
[DEBUG] 2018-10-02 17:32:55.216 [main] BasicTypeRegistry - Adding type registration class -> org.hibernate.type.ClassType@7905a0b8
[DEBUG] 2018-10-02 17:32:55.216 [main] BasicTypeRegistry - Adding type registration java.lang.Class -> org.hibernate.type.ClassType@7905a0b8
[DEBUG] 2018-10-02 17:32:55.218 [main] BasicTypeRegistry - Adding type registration uuid-binary -> org.hibernate.type.UUIDBinaryType@1b410b60
[DEBUG] 2018-10-02 17:32:55.219 [main] BasicTypeRegistry - Adding type registration java.util.UUID -> org.hibernate.type.UUIDBinaryType@1b410b60
[DEBUG] 2018-10-02 17:32:55.220 [main] BasicTypeRegistry - Adding type registration uuid-char -> org.hibernate.type.UUIDCharType@64ec96c6
[DEBUG] 2018-10-02 17:32:55.223 [main] BasicTypeRegistry - Adding type registration binary -> org.hibernate.type.BinaryType@452e19ca
[DEBUG] 2018-10-02 17:32:55.223 [main] BasicTypeRegistry - Adding type registration byte[] -> org.hibernate.type.BinaryType@452e19ca
[DEBUG] 2018-10-02 17:32:55.223 [main] BasicTypeRegistry - Adding type registration [B -> org.hibernate.type.BinaryType@452e19ca
[DEBUG] 2018-10-02 17:32:55.225 [main] BasicTypeRegistry - Adding type registration wrapper-binary -> org.hibernate.type.WrapperBinaryType@e25951c
[DEBUG] 2018-10-02 17:32:55.225 [main] BasicTypeRegistry - Adding type registration Byte[] -> org.hibernate.type.WrapperBinaryType@e25951c
[DEBUG] 2018-10-02 17:32:55.226 [main] BasicTypeRegistry - Adding type registration [Ljava.lang.Byte; -> org.hibernate.type.WrapperBinaryType@e25951c
[DEBUG] 2018-10-02 17:32:55.227 [main] BasicTypeRegistry - Adding type registration row_version -> org.hibernate.type.RowVersionType@19976a65
[DEBUG] 2018-10-02 17:32:55.229 [main] BasicTypeRegistry - Adding type registration image -> org.hibernate.type.ImageType@4bc222e
[DEBUG] 2018-10-02 17:32:55.231 [main] BasicTypeRegistry - Adding type registration characters -> org.hibernate.type.CharArrayType@3eb91815
[DEBUG] 2018-10-02 17:32:55.231 [main] BasicTypeRegistry - Adding type registration char[] -> org.hibernate.type.CharArrayType@3eb91815
[DEBUG] 2018-10-02 17:32:55.231 [main] BasicTypeRegistry - Adding type registration [C -> org.hibernate.type.CharArrayType@3eb91815
[DEBUG] 2018-10-02 17:32:55.234 [main] BasicTypeRegistry - Adding type registration wrapper-characters -> org.hibernate.type.CharacterArrayType@34b9f960
[DEBUG] 2018-10-02 17:32:55.234 [main] BasicTypeRegistry - Adding type registration [Ljava.lang.Character; -> org.hibernate.type.CharacterArrayType@34b9f960
[DEBUG] 2018-10-02 17:32:55.234 [main] BasicTypeRegistry - Adding type registration Character[] -> org.hibernate.type.CharacterArrayType@34b9f960
[DEBUG] 2018-10-02 17:32:55.235 [main] BasicTypeRegistry - Adding type registration text -> org.hibernate.type.TextType@791d1f8b
[DEBUG] 2018-10-02 17:32:55.237 [main] BasicTypeRegistry - Adding type registration ntext -> org.hibernate.type.NTextType@93081b6
[DEBUG] 2018-10-02 17:32:55.244 [main] BasicTypeRegistry - Adding type registration blob -> org.hibernate.type.BlobType@5f20155b
[DEBUG] 2018-10-02 17:32:55.245 [main] BasicTypeRegistry - Adding type registration java.sql.Blob -> org.hibernate.type.BlobType@5f20155b
[DEBUG] 2018-10-02 17:32:55.245 [main] BasicTypeRegistry - Adding type registration materialized_blob -> org.hibernate.type.MaterializedBlobType@3fce8fd9
[DEBUG] 2018-10-02 17:32:55.251 [main] BasicTypeRegistry - Adding type registration clob -> org.hibernate.type.ClobType@4e928fbf
[DEBUG] 2018-10-02 17:32:55.251 [main] BasicTypeRegistry - Adding type registration java.sql.Clob -> org.hibernate.type.ClobType@4e928fbf
[DEBUG] 2018-10-02 17:32:55.256 [main] BasicTypeRegistry - Adding type registration nclob -> org.hibernate.type.NClobType@39d76cb5
[DEBUG] 2018-10-02 17:32:55.257 [main] BasicTypeRegistry - Adding type registration java.sql.NClob -> org.hibernate.type.NClobType@39d76cb5
[DEBUG] 2018-10-02 17:32:55.258 [main] BasicTypeRegistry - Adding type registration materialized_clob -> org.hibernate.type.MaterializedClobType@52815fa3
[DEBUG] 2018-10-02 17:32:55.259 [main] BasicTypeRegistry - Adding type registration materialized_nclob -> org.hibernate.type.MaterializedNClobType@4c012563
[DEBUG] 2018-10-02 17:32:55.263 [main] BasicTypeRegistry - Adding type registration serializable -> org.hibernate.type.SerializableType@20d7d6fb
[DEBUG] 2018-10-02 17:32:55.267 [main] BasicTypeRegistry - Adding type registration object -> org.hibernate.type.ObjectType@a37aefe
[DEBUG] 2018-10-02 17:32:55.268 [main] BasicTypeRegistry - Adding type registration java.lang.Object -> org.hibernate.type.ObjectType@a37aefe
[DEBUG] 2018-10-02 17:32:55.274 [main] BasicTypeRegistry - Adding type registration imm_date -> org.hibernate.type.AdaptedImmutableType@13b3d178
[DEBUG] 2018-10-02 17:32:55.274 [main] BasicTypeRegistry - Adding type registration imm_time -> org.hibernate.type.AdaptedImmutableType@24c4ddae
[DEBUG] 2018-10-02 17:32:55.274 [main] BasicTypeRegistry - Adding type registration imm_timestamp -> org.hibernate.type.AdaptedImmutableType@37fb0bed
[DEBUG] 2018-10-02 17:32:55.274 [main] BasicTypeRegistry - Adding type registration imm_dbtimestamp -> org.hibernate.type.AdaptedImmutableType@a82c5f1
[DEBUG] 2018-10-02 17:32:55.274 [main] BasicTypeRegistry - Adding type registration imm_calendar -> org.hibernate.type.AdaptedImmutableType@7b7fdc8
[DEBUG] 2018-10-02 17:32:55.274 [main] BasicTypeRegistry - Adding type registration imm_calendar_date -> org.hibernate.type.AdaptedImmutableType@51c693d
[DEBUG] 2018-10-02 17:32:55.277 [main] BasicTypeRegistry - Adding type registration imm_binary -> org.hibernate.type.AdaptedImmutableType@6a57ae10
[DEBUG] 2018-10-02 17:32:55.277 [main] BasicTypeRegistry - Adding type registration imm_serializable -> org.hibernate.type.AdaptedImmutableType@766653e6
[INFO ] 2018-10-02 17:32:55.302 [main] C3P0ConnectionProvider - HHH010002: C3P0 using driver: com.mysql.jdbc.Driver at URL: jdbc:mysql://localhost:3306/WorldOfDarknessTest
[INFO ] 2018-10-02 17:32:55.303 [main] C3P0ConnectionProvider - HHH10001001: Connection properties: {user=root, password=****}
[INFO ] 2018-10-02 17:32:55.304 [main] C3P0ConnectionProvider - HHH10001003: Autocommit mode: false
[INFO ] 2018-10-02 17:32:55.621 [main] C3P0ConnectionProvider - HHH10001007: JDBC isolation level: <unknown>
[DEBUG] 2018-10-02 17:32:56.167 [main] JdbcEnvironmentInitiator - Database ->
       name : MySQL
    version : 5.7.23-0ubuntu0.16.04.1
      major : 5
      minor : 7
[DEBUG] 2018-10-02 17:32:56.168 [main] JdbcEnvironmentInitiator - Driver ->
       name : MySQL Connector Java
    version : mysql-connector-java-5.1.39 ( Revision: 3289a357af6d09ecc1a10fd3c26e95183e5790ad )
      major : 5
      minor : 1
[DEBUG] 2018-10-02 17:32:56.175 [main] JdbcEnvironmentInitiator - JDBC version : 4.0
[INFO ] 2018-10-02 17:32:56.196 [main] Dialect - HHH000400: Using dialect: org.hibernate.dialect.MySQL5Dialect
[DEBUG] 2018-10-02 17:32:56.258 [main] IdentifierHelperBuilder - JDBC driver metadata reported database stores quoted identifiers in more than one case
[DEBUG] 2018-10-02 17:32:56.261 [main] IdentifierHelperBuilder - IdentifierCaseStrategy for both quoted and unquoted identifiers was set to the same strategy [MIXED]; that will likely lead to problems in schema update and validation if using quoted identifiers
[DEBUG] 2018-10-02 17:32:56.332 [main] DefaultIdentifierGeneratorFactory - Registering IdentifierGenerator strategy [uuid2] -> [org.hibernate.id.UUIDGenerator]
[DEBUG] 2018-10-02 17:32:56.333 [main] DefaultIdentifierGeneratorFactory - Registering IdentifierGenerator strategy [guid] -> [org.hibernate.id.GUIDGenerator]
[DEBUG] 2018-10-02 17:32:56.335 [main] DefaultIdentifierGeneratorFactory - Registering IdentifierGenerator strategy [uuid] -> [org.hibernate.id.UUIDHexGenerator]
[DEBUG] 2018-10-02 17:32:56.335 [main] DefaultIdentifierGeneratorFactory - Registering IdentifierGenerator strategy [uuid.hex] -> [org.hibernate.id.UUIDHexGenerator]
[DEBUG] 2018-10-02 17:32:56.336 [main] DefaultIdentifierGeneratorFactory - Registering IdentifierGenerator strategy [assigned] -> [org.hibernate.id.Assigned]
[DEBUG] 2018-10-02 17:32:56.337 [main] DefaultIdentifierGeneratorFactory - Registering IdentifierGenerator strategy [identity] -> [org.hibernate.id.IdentityGenerator]
[DEBUG] 2018-10-02 17:32:56.339 [main] DefaultIdentifierGeneratorFactory - Registering IdentifierGenerator strategy [select] -> [org.hibernate.id.SelectGenerator]
[DEBUG] 2018-10-02 17:32:56.341 [main] DefaultIdentifierGeneratorFactory - Registering IdentifierGenerator strategy [sequence] -> [org.hibernate.id.enhanced.SequenceStyleGenerator]
[DEBUG] 2018-10-02 17:32:56.342 [main] DefaultIdentifierGeneratorFactory - Registering IdentifierGenerator strategy [seqhilo] -> [org.hibernate.id.SequenceHiLoGenerator]
[DEBUG] 2018-10-02 17:32:56.343 [main] DefaultIdentifierGeneratorFactory - Registering IdentifierGenerator strategy [increment] -> [org.hibernate.id.IncrementGenerator]
[DEBUG] 2018-10-02 17:32:56.344 [main] DefaultIdentifierGeneratorFactory - Registering IdentifierGenerator strategy [foreign] -> [org.hibernate.id.ForeignGenerator]
[DEBUG] 2018-10-02 17:32:56.345 [main] DefaultIdentifierGeneratorFactory - Registering IdentifierGenerator strategy [sequence-identity] -> [org.hibernate.id.SequenceIdentityGenerator]
[DEBUG] 2018-10-02 17:32:56.346 [main] DefaultIdentifierGeneratorFactory - Registering IdentifierGenerator strategy [enhanced-sequence] -> [org.hibernate.id.enhanced.SequenceStyleGenerator]
[DEBUG] 2018-10-02 17:32:56.347 [main] DefaultIdentifierGeneratorFactory - Registering IdentifierGenerator strategy [enhanced-table] -> [org.hibernate.id.enhanced.TableGenerator]
[DEBUG] 2018-10-02 17:32:56.437 [main] Namespace - Created database namespace [logicalName=Name{catalog=null, schema=null}, physicalName=Name{catalog=null, schema=null}]
[DEBUG] 2018-10-02 17:32:56.488 [main] AnnotationBinder - Binding entity from annotated class: sescheraun.WorldOfFutureDarkness.generator.User
[DEBUG] 2018-10-02 17:32:56.526 [main] Ejb3Column - Binding column: Ejb3DiscriminatorColumn{logicalColumnName'DTYPE', discriminatorTypeName='string'}
[DEBUG] 2018-10-02 17:32:56.534 [main] EntityBinder - Import with entity name User
[DEBUG] 2018-10-02 17:32:56.540 [main] EntityBinder - Bind entity sescheraun.WorldOfFutureDarkness.generator.User on table user
[DEBUG] 2018-10-02 17:32:56.581 [main] Ejb3Column - Binding column: Ejb3Column{table=org.hibernate.mapping.Table(user), mappingColumn=id, insertable=true, updatable=true, unique=false}
[DEBUG] 2018-10-02 17:32:56.585 [main] PropertyBinder - MetadataSourceProcessor property id with lazy=false
[DEBUG] 2018-10-02 17:32:56.588 [main] AbstractPropertyHolder - Attempting to locate auto-apply AttributeConverter for property [sescheraun.WorldOfFutureDarkness.generator.User:id]
[DEBUG] 2018-10-02 17:32:56.590 [main] SimpleValueBinder - building SimpleValue for id
[DEBUG] 2018-10-02 17:32:56.594 [main] PropertyBinder - Building property id
[DEBUG] 2018-10-02 17:32:56.602 [main] Ejb3Column - Binding column: Ejb3Column{table=org.hibernate.mapping.Table(user), mappingColumn=firstName, insertable=true, updatable=true, unique=false}
[DEBUG] 2018-10-02 17:32:56.603 [main] PropertyBinder - MetadataSourceProcessor property firstName with lazy=false
[DEBUG] 2018-10-02 17:32:56.603 [main] AbstractPropertyHolder - Attempting to locate auto-apply AttributeConverter for property [sescheraun.WorldOfFutureDarkness.generator.User:firstName]
[DEBUG] 2018-10-02 17:32:56.603 [main] SimpleValueBinder - building SimpleValue for firstName
[DEBUG] 2018-10-02 17:32:56.603 [main] PropertyBinder - Building property firstName
[DEBUG] 2018-10-02 17:32:56.604 [main] Ejb3Column - Binding column: Ejb3Column{table=org.hibernate.mapping.Table(user), mappingColumn=isDeleted, insertable=true, updatable=true, unique=false}
[DEBUG] 2018-10-02 17:32:56.604 [main] PropertyBinder - MetadataSourceProcessor property isDeleted with lazy=false
[DEBUG] 2018-10-02 17:32:56.604 [main] AbstractPropertyHolder - Attempting to locate auto-apply AttributeConverter for property [sescheraun.WorldOfFutureDarkness.generator.User:isDeleted]
[DEBUG] 2018-10-02 17:32:56.604 [main] SimpleValueBinder - building SimpleValue for isDeleted
[DEBUG] 2018-10-02 17:32:56.605 [main] PropertyBinder - Building property isDeleted
[DEBUG] 2018-10-02 17:32:56.605 [main] Ejb3Column - Binding column: Ejb3Column{table=org.hibernate.mapping.Table(user), mappingColumn=lastName, insertable=true, updatable=true, unique=false}
[DEBUG] 2018-10-02 17:32:56.605 [main] PropertyBinder - MetadataSourceProcessor property lastName with lazy=false
[DEBUG] 2018-10-02 17:32:56.605 [main] AbstractPropertyHolder - Attempting to locate auto-apply AttributeConverter for property [sescheraun.WorldOfFutureDarkness.generator.User:lastName]
[DEBUG] 2018-10-02 17:32:56.605 [main] SimpleValueBinder - building SimpleValue for lastName
[DEBUG] 2018-10-02 17:32:56.606 [main] PropertyBinder - Building property lastName
[DEBUG] 2018-10-02 17:32:56.606 [main] Ejb3Column - Binding column: Ejb3Column{table=org.hibernate.mapping.Table(user), mappingColumn=userName, insertable=true, updatable=true, unique=false}
[DEBUG] 2018-10-02 17:32:56.606 [main] PropertyBinder - MetadataSourceProcessor property userName with lazy=false
[DEBUG] 2018-10-02 17:32:56.606 [main] AbstractPropertyHolder - Attempting to locate auto-apply AttributeConverter for property [sescheraun.WorldOfFutureDarkness.generator.User:userName]
[DEBUG] 2018-10-02 17:32:56.606 [main] SimpleValueBinder - building SimpleValue for userName
[DEBUG] 2018-10-02 17:32:56.606 [main] PropertyBinder - Building property userName
[DEBUG] 2018-10-02 17:32:56.609 [main] SimpleValueBinder - Starting fillSimpleValue for id
[DEBUG] 2018-10-02 17:32:56.609 [main] SimpleValueBinder - Starting fillSimpleValue for firstName
[DEBUG] 2018-10-02 17:32:56.609 [main] SimpleValueBinder - Starting fillSimpleValue for isDeleted
[DEBUG] 2018-10-02 17:32:56.609 [main] SimpleValueBinder - Starting fillSimpleValue for lastName
[DEBUG] 2018-10-02 17:32:56.609 [main] SimpleValueBinder - Starting fillSimpleValue for userName
[DEBUG] 2018-10-02 17:32:56.611 [main] PrimaryKey - Forcing column [id] to be non-null as it is part of the primary key for table [user]
[DEBUG] 2018-10-02 17:32:56.674 [main] SessionFactoryImpl - Building session factory
[DEBUG] 2018-10-02 17:32:56.675 [main] Settings - SessionFactory name : null
[DEBUG] 2018-10-02 17:32:56.676 [main] Settings - Automatic flush during beforeCompletion(): enabled
[DEBUG] 2018-10-02 17:32:56.676 [main] Settings - Automatic session close at end of transaction: disabled
[DEBUG] 2018-10-02 17:32:56.676 [main] Settings - Statistics: disabled
[DEBUG] 2018-10-02 17:32:56.676 [main] Settings - Deleted entity synthetic identifier rollback: disabled
[DEBUG] 2018-10-02 17:32:56.676 [main] Settings - Default entity-mode: pojo
[DEBUG] 2018-10-02 17:32:56.676 [main] Settings - Check Nullability in Core (should be disabled when Bean Validation is on): enabled
[DEBUG] 2018-10-02 17:32:56.676 [main] Settings - Allow initialization of lazy state outside session : disabled
[DEBUG] 2018-10-02 17:32:56.676 [main] Settings - Using BatchFetchStyle : LEGACY
[DEBUG] 2018-10-02 17:32:56.677 [main] Settings - Default batch fetch size: -1
[DEBUG] 2018-10-02 17:32:56.677 [main] Settings - Maximum outer join fetch depth: 2
[DEBUG] 2018-10-02 17:32:56.677 [main] Settings - Default null ordering: NONE
[DEBUG] 2018-10-02 17:32:56.677 [main] Settings - Order SQL updates by primary key: disabled
[DEBUG] 2018-10-02 17:32:56.677 [main] Settings - Order SQL inserts for batching: disabled
[DEBUG] 2018-10-02 17:32:56.677 [main] Settings - multi-tenancy strategy : NONE
[DEBUG] 2018-10-02 17:32:56.677 [main] Settings - JTA Track by Thread: enabled
[DEBUG] 2018-10-02 17:32:56.677 [main] Settings - Query language substitutions: {}
[DEBUG] 2018-10-02 17:32:56.677 [main] Settings - JPA query language strict compliance: disabled
[DEBUG] 2018-10-02 17:32:56.677 [main] Settings - Named query checking : enabled
[DEBUG] 2018-10-02 17:32:56.677 [main] Settings - Second-level cache: enabled
[DEBUG] 2018-10-02 17:32:56.677 [main] Settings - Second-level query cache: disabled
[DEBUG] 2018-10-02 17:32:56.677 [main] Settings - Second-level query cache factory: org.hibernate.cache.internal.StandardQueryCacheFactory@2488b073
[DEBUG] 2018-10-02 17:32:56.678 [main] Settings - Second-level cache region prefix: null
[DEBUG] 2018-10-02 17:32:56.678 [main] Settings - Optimize second-level cache for minimal puts: disabled
[DEBUG] 2018-10-02 17:32:56.678 [main] Settings - Structured second-level cache entries: disabled
[DEBUG] 2018-10-02 17:32:56.678 [main] Settings - Second-level cache direct-reference entries: disabled
[DEBUG] 2018-10-02 17:32:56.678 [main] Settings - Automatic eviction of collection cache: disabled
[DEBUG] 2018-10-02 17:32:56.678 [main] Settings - JDBC batch size: 15
[DEBUG] 2018-10-02 17:32:56.678 [main] Settings - JDBC batch updates for versioned data: enabled
[DEBUG] 2018-10-02 17:32:56.678 [main] Settings - Scrollable result sets: enabled
[DEBUG] 2018-10-02 17:32:56.679 [main] Settings - Wrap result sets: disabled
[DEBUG] 2018-10-02 17:32:56.679 [main] Settings - JDBC3 getGeneratedKeys(): enabled
[DEBUG] 2018-10-02 17:32:56.679 [main] Settings - JDBC result set fetch size: null
[DEBUG] 2018-10-02 17:32:56.679 [main] Settings - Connection release mode: AFTER_TRANSACTION
[DEBUG] 2018-10-02 17:32:56.679 [main] Settings - Generate SQL with comments: disabled
[DEBUG] 2018-10-02 17:32:56.813 [main] SessionFactoryImpl - Session factory constructed with filter configurations : {}
[DEBUG] 2018-10-02 17:32:56.814 [main] SessionFactoryImpl - Instantiating session factory with properties: {sun.desktop=gnome, awt.toolkit=sun.awt.X11.XToolkit, file.encoding.pkg=sun.io, java.specification.version=1.8, hibernate.c3p0.idle_test_period=3000, sun.cpu.isalist=, sun.jnu.encoding=UTF-8, hibernate.c3p0.min_size=5, java.class.path=/home/student/intellij/lib/idea_rt.jar:/home/student/intellij/plugins/junit/lib/junit-rt.jar:/home/student/intellij/plugins/junit/lib/junit5-rt.jar:/usr/lib/jvm/java-8-oracle/jre/lib/charsets.jar:/usr/lib/jvm/java-8-oracle/jre/lib/deploy.jar:/usr/lib/jvm/java-8-oracle/jre/lib/ext/cldrdata.jar:/usr/lib/jvm/java-8-oracle/jre/lib/ext/dnsns.jar:/usr/lib/jvm/java-8-oracle/jre/lib/ext/jaccess.jar:/usr/lib/jvm/java-8-oracle/jre/lib/ext/jfxrt.jar:/usr/lib/jvm/java-8-oracle/jre/lib/ext/localedata.jar:/usr/lib/jvm/java-8-oracle/jre/lib/ext/nashorn.jar:/usr/lib/jvm/java-8-oracle/jre/lib/ext/sunec.jar:/usr/lib/jvm/java-8-oracle/jre/lib/ext/sunjce_provider.jar:/usr/lib/jvm/java-8-oracle/jre/lib/ext/sunpkcs11.jar:/usr/lib/jvm/java-8-oracle/jre/lib/ext/zipfs.jar:/usr/lib/jvm/java-8-oracle/jre/lib/javaws.jar:/usr/lib/jvm/java-8-oracle/jre/lib/jce.jar:/usr/lib/jvm/java-8-oracle/jre/lib/jfr.jar:/usr/lib/jvm/java-8-oracle/jre/lib/jfxswt.jar:/usr/lib/jvm/java-8-oracle/jre/lib/jsse.jar:/usr/lib/jvm/java-8-oracle/jre/lib/management-agent.jar:/usr/lib/jvm/java-8-oracle/jre/lib/plugin.jar:/usr/lib/jvm/java-8-oracle/jre/lib/resources.jar:/usr/lib/jvm/java-8-oracle/jre/lib/rt.jar:/home/student/IdeaProjects/indieproject/target/test-classes:/home/student/IdeaProjects/indieproject/target/classes:/home/student/.m2/repository/org/junit/jupiter/junit-jupiter-engine/5.0.0/junit-jupiter-engine-5.0.0.jar:/home/student/.m2/repository/org/apiguardian/apiguardian-api/1.0.0/apiguardian-api-1.0.0.jar:/home/student/.m2/repository/org/junit/platform/junit-platform-engine/1.0.0/junit-platform-engine-1.0.0.jar:/home/student/.m2/repository/org/junit/platform/junit-platform-commons/1.0.0/junit-platform-commons-1.0.0.jar:/home/student/.m2/repository/org/opentest4j/opentest4j/1.0.0/opentest4j-1.0.0.jar:/home/student/.m2/repository/org/junit/jupiter/junit-jupiter-api/5.0.0/junit-jupiter-api-5.0.0.jar:/home/student/.m2/repository/junit/junit/4.12/junit-4.12.jar:/home/student/.m2/repository/org/hamcrest/hamcrest-core/1.3/hamcrest-core-1.3.jar:/home/student/.m2/repository/org/junit/platform/junit-platform-runner/1.0.0/junit-platform-runner-1.0.0.jar:/home/student/.m2/repository/org/junit/platform/junit-platform-launcher/1.0.0/junit-platform-launcher-1.0.0.jar:/home/student/.m2/repository/org/junit/platform/junit-platform-suite-api/1.0.0/junit-platform-suite-api-1.0.0.jar:/home/student/.m2/repository/org/junit/vintage/junit-vintage-engine/4.12.0/junit-vintage-engine-4.12.0.jar:/home/student/.m2/repository/javax/javaee-web-api/7.0/javaee-web-api-7.0.jar:/home/student/.m2/repository/org/apache/logging/log4j/log4j-api/2.10.0/log4j-api-2.10.0.jar:/home/student/.m2/repository/org/apache/logging/log4j/log4j-core/2.10.0/log4j-core-2.10.0.jar:/home/student/.m2/repository/org/hibernate/hibernate-core/5.2.12.Final/hibernate-core-5.2.12.Final.jar:/home/student/.m2/repository/org/jboss/logging/jboss-logging/3.3.0.Final/jboss-logging-3.3.0.Final.jar:/home/student/.m2/repository/org/hibernate/javax/persistence/hibernate-jpa-2.1-api/1.0.0.Final/hibernate-jpa-2.1-api-1.0.0.Final.jar:/home/student/.m2/repository/org/javassist/javassist/3.20.0-GA/javassist-3.20.0-GA.jar:/home/student/.m2/repository/antlr/antlr/2.7.7/antlr-2.7.7.jar:/home/student/.m2/repository/org/jboss/spec/javax/transaction/jboss-transaction-api_1.2_spec/1.0.1.Final/jboss-transaction-api_1.2_spec-1.0.1.Final.jar:/home/student/.m2/repository/org/jboss/jandex/2.0.3.Final/jandex-2.0.3.Final.jar:/home/student/.m2/repository/com/fasterxml/classmate/1.3.0/classmate-1.3.0.jar:/home/student/.m2/repository/dom4j/dom4j/1.6.1/dom4j-1.6.1.jar:/home/student/.m2/repository/org/hibernate/common/hibernate-commons-annotations/5.0.1.Final/hibernate-commons-annotations-5.0.1.Final.jar:/home/student/.m2/repository/org/hibernate/hibernate-c3p0/5.2.12.Final/hibernate-c3p0-5.2.12.Final.jar:/home/student/.m2/repository/com/mchange/c3p0/0.9.5.2/c3p0-0.9.5.2.jar:/home/student/.m2/repository/com/mchange/mchange-commons-java/0.2.11/mchange-commons-java-0.2.11.jar:/home/student/.m2/repository/mysql/mysql-connector-java/5.1.39/mysql-connector-java-5.1.39.jar:/home/student/.m2/repository/jstl/jstl/1.2/jstl-1.2.jar:/home/student/intellij/lib/idea_rt.jar, java.vm.vendor=Oracle Corporation, sun.arch.data.model=64, idea.test.cyclic.buffer.size=1048576, java.vendor.url=http://java.oracle.com/, user.timezone=America/Chicago, os.name=Linux, java.vm.specification.version=1.8, user.country=US, sun.java.launcher=SUN_STANDARD, sun.boot.library.path=/usr/lib/jvm/java-8-oracle/jre/lib/amd64, sun.java.command=com.intellij.rt.execution.junit.JUnitStarter -ideVersion5 -junit5 sescheraun.WorldOfFutureDarkness.persistance.UserDAOTest, sun.cpu.endian=little, hibernate.c3p0.max_statements=50, user.home=/home/student, user.language=en, java.specification.vendor=Oracle Corporation, java.home=/usr/lib/jvm/java-8-oracle/jre, file.separator=/, line.separator=
, hibernate.c3p0.timeout=300, java.vm.specification.vendor=Oracle Corporation, java.specification.name=Java Platform API Specification, java.awt.graphicsenv=sun.awt.X11GraphicsEnvironment, sun.boot.class.path=/usr/lib/jvm/java-8-oracle/jre/lib/resources.jar:/usr/lib/jvm/java-8-oracle/jre/lib/rt.jar:/usr/lib/jvm/java-8-oracle/jre/lib/sunrsasign.jar:/usr/lib/jvm/java-8-oracle/jre/lib/jsse.jar:/usr/lib/jvm/java-8-oracle/jre/lib/jce.jar:/usr/lib/jvm/java-8-oracle/jre/lib/charsets.jar:/usr/lib/jvm/java-8-oracle/jre/lib/jfr.jar:/usr/lib/jvm/java-8-oracle/jre/classes, connection.password=student, sun.management.compiler=HotSpot 64-Bit Tiered Compilers, hibernate.c3p0.max_size=20, java.runtime.version=1.8.0_181-b13, user.name=student, path.separator=:, hibernate.connection.username=root, os.version=4.4.0-137-generic, java.endorsed.dirs=/usr/lib/jvm/java-8-oracle/jre/lib/endorsed, java.runtime.name=Java(TM) SE Runtime Environment, hibernate.connection.url=jdbc:mysql://localhost:3306/WorldOfDarknessTest, file.encoding=UTF-8, java.vm.name=Java HotSpot(TM) 64-Bit Server VM, hibernate.connection.driver_class=com.mysql.jdbc.Driver, java.vendor.url.bug=http://bugreport.sun.com/bugreport/, java.io.tmpdir=/tmp, java.version=1.8.0_181, user.dir=/home/student/IdeaProjects/indieproject, os.arch=amd64, connection.username=root, java.vm.specification.name=Java Virtual Machine Specification, hibernate.connection.password=****, java.awt.printerjob=sun.print.PSPrinterJob, sun.os.patch.level=unknown, connection.driver_class=com.mysql.jdbc.Driver, hibernate.boot.CfgXmlAccessService.key=org.hibernate.boot.cfgxml.spi.LoadedConfig@33617539, java.library.path=/usr/java/packages/lib/amd64:/usr/lib64:/lib64:/lib:/usr/lib, java.vm.info=mixed mode, java.vendor=Oracle Corporation, java.vm.version=25.181-b13, hibernate.bytecode.use_reflection_optimizer=false, java.ext.dirs=/usr/lib/jvm/java-8-oracle/jre/lib/ext:/usr/java/packages/lib/ext, sun.io.unicode.encoding=UnicodeLittle, connection.url=jdbc:mysql://localhost:3306/WorldOfDarknessTest, java.class.version=52.0}
[DEBUG] 2018-10-02 17:32:56.841 [main] TypeSafeActivator - Unable to acquire Bean Validation ValidatorFactory, skipping activation
[DEBUG] 2018-10-02 17:32:56.841 [main] JaccIntegrator - Skipping JACC integration as it was not enabled
[DEBUG] 2018-10-02 17:32:56.852 [main] SessionFactoryImpl - Instantiated session factory
[DEBUG] 2018-10-02 17:32:57.118 [main] ClassLoaderAccessImpl - Not known whether passed class name [sescheraun.WorldOfFutureDarkness.generator.User] is safe
[DEBUG] 2018-10-02 17:32:57.118 [main] ClassLoaderAccessImpl - No temp ClassLoader provided; using live ClassLoader for loading potentially unsafe class : sescheraun.WorldOfFutureDarkness.generator.User
[DEBUG] 2018-10-02 17:32:57.162 [main] ClassLoaderAccessImpl - Not known whether passed class name [sescheraun.WorldOfFutureDarkness.generator.User] is safe
[DEBUG] 2018-10-02 17:32:57.162 [main] ClassLoaderAccessImpl - No temp ClassLoader provided; using live ClassLoader for loading potentially unsafe class : sescheraun.WorldOfFutureDarkness.generator.User
[DEBUG] 2018-10-02 17:32:57.396 [main] AbstractEntityPersister - Static SQL for entity: sescheraun.WorldOfFutureDarkness.generator.User
[DEBUG] 2018-10-02 17:32:57.397 [main] AbstractEntityPersister -  Version select: select id from user where id =?
[DEBUG] 2018-10-02 17:32:57.397 [main] AbstractEntityPersister -  Snapshot select: select user_.id, user_.firstName as firstNam2_0_, user_.isDeleted as isDelete3_0_, user_.lastName as lastName4_0_, user_.userName as userName5_0_ from user user_ where user_.id=?
[DEBUG] 2018-10-02 17:32:57.397 [main] AbstractEntityPersister -  Insert 0: insert into user (firstName, isDeleted, lastName, userName, id) values (?, ?, ?, ?, ?)
[DEBUG] 2018-10-02 17:32:57.397 [main] AbstractEntityPersister -  Update 0: update user set firstName=?, isDeleted=?, lastName=?, userName=? where id=?
[DEBUG] 2018-10-02 17:32:57.397 [main] AbstractEntityPersister -  Delete 0: delete from user where id=?
[DEBUG] 2018-10-02 17:32:57.397 [main] AbstractEntityPersister -  Identity insert: insert into user (firstName, isDeleted, lastName, userName) values (?, ?, ?, ?)
[DEBUG] 2018-10-02 17:32:57.482 [main] QuerySpacesImpl - Adding QuerySpace : uid = <gen:0> -> org.hibernate.loader.plan.build.internal.spaces.EntityQuerySpaceImpl@4201a617]
[DEBUG] 2018-10-02 17:32:57.486 [main] MetamodelGraphWalker - Visiting attribute path : firstName
[DEBUG] 2018-10-02 17:32:57.486 [main] MetamodelGraphWalker - Visiting attribute path : isDeleted
[DEBUG] 2018-10-02 17:32:57.486 [main] MetamodelGraphWalker - Visiting attribute path : lastName
[DEBUG] 2018-10-02 17:32:57.487 [main] MetamodelGraphWalker - Visiting attribute path : userName
[DEBUG] 2018-10-02 17:32:57.488 [main] FetchStyleLoadPlanBuildingAssociationVisitationStrategy - Building LoadPlan...
[DEBUG] 2018-10-02 17:32:57.533 [main] LoadQueryJoinAndFetchProcessor - processing queryspace <gen:0>
[DEBUG] 2018-10-02 17:32:57.547 [main] LoadPlanTreePrinter - LoadPlan(entity=sescheraun.WorldOfFutureDarkness.generator.User)
    - Returns
       - EntityReturnImpl(entity=sescheraun.WorldOfFutureDarkness.generator.User, querySpaceUid=<gen:0>, path=sescheraun.WorldOfFutureDarkness.generator.User)
    - QuerySpaces
       - EntityQuerySpaceImpl(uid=<gen:0>, entity=sescheraun.WorldOfFutureDarkness.generator.User)
          - SQL table alias mapping - user0_
          - alias suffix - 0_
          - suffixed key columns - {id1_0_0_}

[DEBUG] 2018-10-02 17:32:57.556 [main] EntityLoader - Static select for entity sescheraun.WorldOfFutureDarkness.generator.User [NONE]: select user0_.id as id1_0_0_, user0_.firstName as firstNam2_0_0_, user0_.isDeleted as isDelete3_0_0_, user0_.lastName as lastName4_0_0_, user0_.userName as userName5_0_0_ from user user0_ where user0_.id=?
[DEBUG] 2018-10-02 17:32:57.557 [main] QuerySpacesImpl - Adding QuerySpace : uid = <gen:0> -> org.hibernate.loader.plan.build.internal.spaces.EntityQuerySpaceImpl@54f5f647]
[DEBUG] 2018-10-02 17:32:57.557 [main] MetamodelGraphWalker - Visiting attribute path : firstName
[DEBUG] 2018-10-02 17:32:57.557 [main] MetamodelGraphWalker - Visiting attribute path : isDeleted
[DEBUG] 2018-10-02 17:32:57.557 [main] MetamodelGraphWalker - Visiting attribute path : lastName
[DEBUG] 2018-10-02 17:32:57.558 [main] MetamodelGraphWalker - Visiting attribute path : userName
[DEBUG] 2018-10-02 17:32:57.558 [main] FetchStyleLoadPlanBuildingAssociationVisitationStrategy - Building LoadPlan...
[DEBUG] 2018-10-02 17:32:57.558 [main] LoadQueryJoinAndFetchProcessor - processing queryspace <gen:0>
[DEBUG] 2018-10-02 17:32:57.559 [main] LoadPlanTreePrinter - LoadPlan(entity=sescheraun.WorldOfFutureDarkness.generator.User)
    - Returns
       - EntityReturnImpl(entity=sescheraun.WorldOfFutureDarkness.generator.User, querySpaceUid=<gen:0>, path=sescheraun.WorldOfFutureDarkness.generator.User)
    - QuerySpaces
       - EntityQuerySpaceImpl(uid=<gen:0>, entity=sescheraun.WorldOfFutureDarkness.generator.User)
          - SQL table alias mapping - user0_
          - alias suffix - 0_
          - suffixed key columns - {id1_0_0_}

[DEBUG] 2018-10-02 17:32:57.559 [main] EntityLoader - Static select for entity sescheraun.WorldOfFutureDarkness.generator.User [READ]: select user0_.id as id1_0_0_, user0_.firstName as firstNam2_0_0_, user0_.isDeleted as isDelete3_0_0_, user0_.lastName as lastName4_0_0_, user0_.userName as userName5_0_0_ from user user0_ where user0_.id=?
[DEBUG] 2018-10-02 17:32:57.559 [main] QuerySpacesImpl - Adding QuerySpace : uid = <gen:0> -> org.hibernate.loader.plan.build.internal.spaces.EntityQuerySpaceImpl@5a6d5a8f]
[DEBUG] 2018-10-02 17:32:57.560 [main] MetamodelGraphWalker - Visiting attribute path : firstName
[DEBUG] 2018-10-02 17:32:57.560 [main] MetamodelGraphWalker - Visiting attribute path : isDeleted
[DEBUG] 2018-10-02 17:32:57.560 [main] MetamodelGraphWalker - Visiting attribute path : lastName
[DEBUG] 2018-10-02 17:32:57.561 [main] MetamodelGraphWalker - Visiting attribute path : userName
[DEBUG] 2018-10-02 17:32:57.561 [main] FetchStyleLoadPlanBuildingAssociationVisitationStrategy - Building LoadPlan...
[DEBUG] 2018-10-02 17:32:57.561 [main] LoadQueryJoinAndFetchProcessor - processing queryspace <gen:0>
[DEBUG] 2018-10-02 17:32:57.562 [main] LoadPlanTreePrinter - LoadPlan(entity=sescheraun.WorldOfFutureDarkness.generator.User)
    - Returns
       - EntityReturnImpl(entity=sescheraun.WorldOfFutureDarkness.generator.User, querySpaceUid=<gen:0>, path=sescheraun.WorldOfFutureDarkness.generator.User)
    - QuerySpaces
       - EntityQuerySpaceImpl(uid=<gen:0>, entity=sescheraun.WorldOfFutureDarkness.generator.User)
          - SQL table alias mapping - user0_
          - alias suffix - 0_
          - suffixed key columns - {id1_0_0_}

[DEBUG] 2018-10-02 17:32:57.562 [main] EntityLoader - Static select for entity sescheraun.WorldOfFutureDarkness.generator.User [UPGRADE]: select user0_.id as id1_0_0_, user0_.firstName as firstNam2_0_0_, user0_.isDeleted as isDelete3_0_0_, user0_.lastName as lastName4_0_0_, user0_.userName as userName5_0_0_ from user user0_ where user0_.id=? for update
[DEBUG] 2018-10-02 17:32:57.562 [main] QuerySpacesImpl - Adding QuerySpace : uid = <gen:0> -> org.hibernate.loader.plan.build.internal.spaces.EntityQuerySpaceImpl@315ba14a]
[DEBUG] 2018-10-02 17:32:57.562 [main] MetamodelGraphWalker - Visiting attribute path : firstName
[DEBUG] 2018-10-02 17:32:57.562 [main] MetamodelGraphWalker - Visiting attribute path : isDeleted
[DEBUG] 2018-10-02 17:32:57.562 [main] MetamodelGraphWalker - Visiting attribute path : lastName
[DEBUG] 2018-10-02 17:32:57.562 [main] MetamodelGraphWalker - Visiting attribute path : userName
[DEBUG] 2018-10-02 17:32:57.562 [main] FetchStyleLoadPlanBuildingAssociationVisitationStrategy - Building LoadPlan...
[DEBUG] 2018-10-02 17:32:57.563 [main] LoadQueryJoinAndFetchProcessor - processing queryspace <gen:0>
[DEBUG] 2018-10-02 17:32:57.563 [main] LoadPlanTreePrinter - LoadPlan(entity=sescheraun.WorldOfFutureDarkness.generator.User)
    - Returns
       - EntityReturnImpl(entity=sescheraun.WorldOfFutureDarkness.generator.User, querySpaceUid=<gen:0>, path=sescheraun.WorldOfFutureDarkness.generator.User)
    - QuerySpaces
       - EntityQuerySpaceImpl(uid=<gen:0>, entity=sescheraun.WorldOfFutureDarkness.generator.User)
          - SQL table alias mapping - user0_
          - alias suffix - 0_
          - suffixed key columns - {id1_0_0_}

[DEBUG] 2018-10-02 17:32:57.564 [main] EntityLoader - Static select for entity sescheraun.WorldOfFutureDarkness.generator.User [UPGRADE_NOWAIT]: select user0_.id as id1_0_0_, user0_.firstName as firstNam2_0_0_, user0_.isDeleted as isDelete3_0_0_, user0_.lastName as lastName4_0_0_, user0_.userName as userName5_0_0_ from user user0_ where user0_.id=? for update
[DEBUG] 2018-10-02 17:32:57.565 [main] QuerySpacesImpl - Adding QuerySpace : uid = <gen:0> -> org.hibernate.loader.plan.build.internal.spaces.EntityQuerySpaceImpl@27f0ad19]
[DEBUG] 2018-10-02 17:32:57.566 [main] MetamodelGraphWalker - Visiting attribute path : firstName
[DEBUG] 2018-10-02 17:32:57.566 [main] MetamodelGraphWalker - Visiting attribute path : isDeleted
[DEBUG] 2018-10-02 17:32:57.566 [main] MetamodelGraphWalker - Visiting attribute path : lastName
[DEBUG] 2018-10-02 17:32:57.566 [main] MetamodelGraphWalker - Visiting attribute path : userName
[DEBUG] 2018-10-02 17:32:57.566 [main] FetchStyleLoadPlanBuildingAssociationVisitationStrategy - Building LoadPlan...
[DEBUG] 2018-10-02 17:32:57.566 [main] LoadQueryJoinAndFetchProcessor - processing queryspace <gen:0>
[DEBUG] 2018-10-02 17:32:57.567 [main] LoadPlanTreePrinter - LoadPlan(entity=sescheraun.WorldOfFutureDarkness.generator.User)
    - Returns
       - EntityReturnImpl(entity=sescheraun.WorldOfFutureDarkness.generator.User, querySpaceUid=<gen:0>, path=sescheraun.WorldOfFutureDarkness.generator.User)
    - QuerySpaces
       - EntityQuerySpaceImpl(uid=<gen:0>, entity=sescheraun.WorldOfFutureDarkness.generator.User)
          - SQL table alias mapping - user0_
          - alias suffix - 0_
          - suffixed key columns - {id1_0_0_}

[DEBUG] 2018-10-02 17:32:57.567 [main] EntityLoader - Static select for entity sescheraun.WorldOfFutureDarkness.generator.User [UPGRADE_SKIPLOCKED]: select user0_.id as id1_0_0_, user0_.firstName as firstNam2_0_0_, user0_.isDeleted as isDelete3_0_0_, user0_.lastName as lastName4_0_0_, user0_.userName as userName5_0_0_ from user user0_ where user0_.id=? for update
[DEBUG] 2018-10-02 17:32:57.567 [main] QuerySpacesImpl - Adding QuerySpace : uid = <gen:0> -> org.hibernate.loader.plan.build.internal.spaces.EntityQuerySpaceImpl@38d5b107]
[DEBUG] 2018-10-02 17:32:57.567 [main] MetamodelGraphWalker - Visiting attribute path : firstName
[DEBUG] 2018-10-02 17:32:57.568 [main] MetamodelGraphWalker - Visiting attribute path : isDeleted
[DEBUG] 2018-10-02 17:32:57.568 [main] MetamodelGraphWalker - Visiting attribute path : lastName
[DEBUG] 2018-10-02 17:32:57.568 [main] MetamodelGraphWalker - Visiting attribute path : userName
[DEBUG] 2018-10-02 17:32:57.568 [main] FetchStyleLoadPlanBuildingAssociationVisitationStrategy - Building LoadPlan...
[DEBUG] 2018-10-02 17:32:57.568 [main] LoadQueryJoinAndFetchProcessor - processing queryspace <gen:0>
[DEBUG] 2018-10-02 17:32:57.569 [main] LoadPlanTreePrinter - LoadPlan(entity=sescheraun.WorldOfFutureDarkness.generator.User)
    - Returns
       - EntityReturnImpl(entity=sescheraun.WorldOfFutureDarkness.generator.User, querySpaceUid=<gen:0>, path=sescheraun.WorldOfFutureDarkness.generator.User)
    - QuerySpaces
       - EntityQuerySpaceImpl(uid=<gen:0>, entity=sescheraun.WorldOfFutureDarkness.generator.User)
          - SQL table alias mapping - user0_
          - alias suffix - 0_
          - suffixed key columns - {id1_0_0_}

[DEBUG] 2018-10-02 17:32:57.569 [main] EntityLoader - Static select for entity sescheraun.WorldOfFutureDarkness.generator.User [FORCE]: select user0_.id as id1_0_0_, user0_.firstName as firstNam2_0_0_, user0_.isDeleted as isDelete3_0_0_, user0_.lastName as lastName4_0_0_, user0_.userName as userName5_0_0_ from user user0_ where user0_.id=? for update
[DEBUG] 2018-10-02 17:32:57.569 [main] QuerySpacesImpl - Adding QuerySpace : uid = <gen:0> -> org.hibernate.loader.plan.build.internal.spaces.EntityQuerySpaceImpl@44ea608c]
[DEBUG] 2018-10-02 17:32:57.569 [main] MetamodelGraphWalker - Visiting attribute path : firstName
[DEBUG] 2018-10-02 17:32:57.570 [main] MetamodelGraphWalker - Visiting attribute path : isDeleted
[DEBUG] 2018-10-02 17:32:57.570 [main] MetamodelGraphWalker - Visiting attribute path : lastName
[DEBUG] 2018-10-02 17:32:57.570 [main] MetamodelGraphWalker - Visiting attribute path : userName
[DEBUG] 2018-10-02 17:32:57.573 [main] FetchStyleLoadPlanBuildingAssociationVisitationStrategy - Building LoadPlan...
[DEBUG] 2018-10-02 17:32:57.573 [main] LoadQueryJoinAndFetchProcessor - processing queryspace <gen:0>
[DEBUG] 2018-10-02 17:32:57.573 [main] LoadPlanTreePrinter - LoadPlan(entity=sescheraun.WorldOfFutureDarkness.generator.User)
    - Returns
       - EntityReturnImpl(entity=sescheraun.WorldOfFutureDarkness.generator.User, querySpaceUid=<gen:0>, path=sescheraun.WorldOfFutureDarkness.generator.User)
    - QuerySpaces
       - EntityQuerySpaceImpl(uid=<gen:0>, entity=sescheraun.WorldOfFutureDarkness.generator.User)
          - SQL table alias mapping - user0_
          - alias suffix - 0_
          - suffixed key columns - {id1_0_0_}

[DEBUG] 2018-10-02 17:32:57.574 [main] EntityLoader - Static select for entity sescheraun.WorldOfFutureDarkness.generator.User [PESSIMISTIC_READ]: select user0_.id as id1_0_0_, user0_.firstName as firstNam2_0_0_, user0_.isDeleted as isDelete3_0_0_, user0_.lastName as lastName4_0_0_, user0_.userName as userName5_0_0_ from user user0_ where user0_.id=? lock in share mode
[DEBUG] 2018-10-02 17:32:57.574 [main] QuerySpacesImpl - Adding QuerySpace : uid = <gen:0> -> org.hibernate.loader.plan.build.internal.spaces.EntityQuerySpaceImpl@450794b4]
[DEBUG] 2018-10-02 17:32:57.574 [main] MetamodelGraphWalker - Visiting attribute path : firstName
[DEBUG] 2018-10-02 17:32:57.574 [main] MetamodelGraphWalker - Visiting attribute path : isDeleted
[DEBUG] 2018-10-02 17:32:57.574 [main] MetamodelGraphWalker - Visiting attribute path : lastName
[DEBUG] 2018-10-02 17:32:57.574 [main] MetamodelGraphWalker - Visiting attribute path : userName
[DEBUG] 2018-10-02 17:32:57.575 [main] FetchStyleLoadPlanBuildingAssociationVisitationStrategy - Building LoadPlan...
[DEBUG] 2018-10-02 17:32:57.575 [main] LoadQueryJoinAndFetchProcessor - processing queryspace <gen:0>
[DEBUG] 2018-10-02 17:32:57.575 [main] LoadPlanTreePrinter - LoadPlan(entity=sescheraun.WorldOfFutureDarkness.generator.User)
    - Returns
       - EntityReturnImpl(entity=sescheraun.WorldOfFutureDarkness.generator.User, querySpaceUid=<gen:0>, path=sescheraun.WorldOfFutureDarkness.generator.User)
    - QuerySpaces
       - EntityQuerySpaceImpl(uid=<gen:0>, entity=sescheraun.WorldOfFutureDarkness.generator.User)
          - SQL table alias mapping - user0_
          - alias suffix - 0_
          - suffixed key columns - {id1_0_0_}

[DEBUG] 2018-10-02 17:32:57.576 [main] EntityLoader - Static select for entity sescheraun.WorldOfFutureDarkness.generator.User [PESSIMISTIC_WRITE]: select user0_.id as id1_0_0_, user0_.firstName as firstNam2_0_0_, user0_.isDeleted as isDelete3_0_0_, user0_.lastName as lastName4_0_0_, user0_.userName as userName5_0_0_ from user user0_ where user0_.id=? for update
[DEBUG] 2018-10-02 17:32:57.576 [main] QuerySpacesImpl - Adding QuerySpace : uid = <gen:0> -> org.hibernate.loader.plan.build.internal.spaces.EntityQuerySpaceImpl@30457e14]
[DEBUG] 2018-10-02 17:32:57.576 [main] MetamodelGraphWalker - Visiting attribute path : firstName
[DEBUG] 2018-10-02 17:32:57.576 [main] MetamodelGraphWalker - Visiting attribute path : isDeleted
[DEBUG] 2018-10-02 17:32:57.576 [main] MetamodelGraphWalker - Visiting attribute path : lastName
[DEBUG] 2018-10-02 17:32:57.576 [main] MetamodelGraphWalker - Visiting attribute path : userName
[DEBUG] 2018-10-02 17:32:57.577 [main] FetchStyleLoadPlanBuildingAssociationVisitationStrategy - Building LoadPlan...
[DEBUG] 2018-10-02 17:32:57.577 [main] LoadQueryJoinAndFetchProcessor - processing queryspace <gen:0>
[DEBUG] 2018-10-02 17:32:57.578 [main] LoadPlanTreePrinter - LoadPlan(entity=sescheraun.WorldOfFutureDarkness.generator.User)
    - Returns
       - EntityReturnImpl(entity=sescheraun.WorldOfFutureDarkness.generator.User, querySpaceUid=<gen:0>, path=sescheraun.WorldOfFutureDarkness.generator.User)
    - QuerySpaces
       - EntityQuerySpaceImpl(uid=<gen:0>, entity=sescheraun.WorldOfFutureDarkness.generator.User)
          - SQL table alias mapping - user0_
          - alias suffix - 0_
          - suffixed key columns - {id1_0_0_}

[DEBUG] 2018-10-02 17:32:57.580 [main] EntityLoader - Static select for entity sescheraun.WorldOfFutureDarkness.generator.User [PESSIMISTIC_FORCE_INCREMENT]: select user0_.id as id1_0_0_, user0_.firstName as firstNam2_0_0_, user0_.isDeleted as isDelete3_0_0_, user0_.lastName as lastName4_0_0_, user0_.userName as userName5_0_0_ from user user0_ where user0_.id=? for update
[DEBUG] 2018-10-02 17:32:57.580 [main] QuerySpacesImpl - Adding QuerySpace : uid = <gen:0> -> org.hibernate.loader.plan.build.internal.spaces.EntityQuerySpaceImpl@632aa1a3]
[DEBUG] 2018-10-02 17:32:57.580 [main] MetamodelGraphWalker - Visiting attribute path : firstName
[DEBUG] 2018-10-02 17:32:57.580 [main] MetamodelGraphWalker - Visiting attribute path : isDeleted
[DEBUG] 2018-10-02 17:32:57.580 [main] MetamodelGraphWalker - Visiting attribute path : lastName
[DEBUG] 2018-10-02 17:32:57.580 [main] MetamodelGraphWalker - Visiting attribute path : userName
[DEBUG] 2018-10-02 17:32:57.581 [main] FetchStyleLoadPlanBuildingAssociationVisitationStrategy - Building LoadPlan...
[DEBUG] 2018-10-02 17:32:57.581 [main] LoadQueryJoinAndFetchProcessor - processing queryspace <gen:0>
[DEBUG] 2018-10-02 17:32:57.581 [main] LoadPlanTreePrinter - LoadPlan(entity=sescheraun.WorldOfFutureDarkness.generator.User)
    - Returns
       - EntityReturnImpl(entity=sescheraun.WorldOfFutureDarkness.generator.User, querySpaceUid=<gen:0>, path=sescheraun.WorldOfFutureDarkness.generator.User)
    - QuerySpaces
       - EntityQuerySpaceImpl(uid=<gen:0>, entity=sescheraun.WorldOfFutureDarkness.generator.User)
          - SQL table alias mapping - user0_
          - alias suffix - 0_
          - suffixed key columns - {id1_0_0_}

[DEBUG] 2018-10-02 17:32:57.582 [main] EntityLoader - Static select for entity sescheraun.WorldOfFutureDarkness.generator.User [OPTIMISTIC]: select user0_.id as id1_0_0_, user0_.firstName as firstNam2_0_0_, user0_.isDeleted as isDelete3_0_0_, user0_.lastName as lastName4_0_0_, user0_.userName as userName5_0_0_ from user user0_ where user0_.id=?
[DEBUG] 2018-10-02 17:32:57.582 [main] QuerySpacesImpl - Adding QuerySpace : uid = <gen:0> -> org.hibernate.loader.plan.build.internal.spaces.EntityQuerySpaceImpl@3b582111]
[DEBUG] 2018-10-02 17:32:57.582 [main] MetamodelGraphWalker - Visiting attribute path : firstName
[DEBUG] 2018-10-02 17:32:57.582 [main] MetamodelGraphWalker - Visiting attribute path : isDeleted
[DEBUG] 2018-10-02 17:32:57.582 [main] MetamodelGraphWalker - Visiting attribute path : lastName
[DEBUG] 2018-10-02 17:32:57.582 [main] MetamodelGraphWalker - Visiting attribute path : userName
[DEBUG] 2018-10-02 17:32:57.582 [main] FetchStyleLoadPlanBuildingAssociationVisitationStrategy - Building LoadPlan...
[DEBUG] 2018-10-02 17:32:57.583 [main] LoadQueryJoinAndFetchProcessor - processing queryspace <gen:0>
[DEBUG] 2018-10-02 17:32:57.583 [main] LoadPlanTreePrinter - LoadPlan(entity=sescheraun.WorldOfFutureDarkness.generator.User)
    - Returns
       - EntityReturnImpl(entity=sescheraun.WorldOfFutureDarkness.generator.User, querySpaceUid=<gen:0>, path=sescheraun.WorldOfFutureDarkness.generator.User)
    - QuerySpaces
       - EntityQuerySpaceImpl(uid=<gen:0>, entity=sescheraun.WorldOfFutureDarkness.generator.User)
          - SQL table alias mapping - user0_
          - alias suffix - 0_
          - suffixed key columns - {id1_0_0_}

[DEBUG] 2018-10-02 17:32:57.583 [main] EntityLoader - Static select for entity sescheraun.WorldOfFutureDarkness.generator.User [OPTIMISTIC_FORCE_INCREMENT]: select user0_.id as id1_0_0_, user0_.firstName as firstNam2_0_0_, user0_.isDeleted as isDelete3_0_0_, user0_.lastName as lastName4_0_0_, user0_.userName as userName5_0_0_ from user user0_ where user0_.id=?
[DEBUG] 2018-10-02 17:32:57.773 [main] Loader - Static select for action ACTION_MERGE on entity sescheraun.WorldOfFutureDarkness.generator.User: select user0_.id as id1_0_0_, user0_.firstName as firstNam2_0_0_, user0_.isDeleted as isDelete3_0_0_, user0_.lastName as lastName4_0_0_, user0_.userName as userName5_0_0_ from user user0_ where user0_.id=?
[DEBUG] 2018-10-02 17:32:57.774 [main] Loader - Static select for action ACTION_REFRESH on entity sescheraun.WorldOfFutureDarkness.generator.User: select user0_.id as id1_0_0_, user0_.firstName as firstNam2_0_0_, user0_.isDeleted as isDelete3_0_0_, user0_.lastName as lastName4_0_0_, user0_.userName as userName5_0_0_ from user user0_ where user0_.id=?
[DEBUG] 2018-10-02 17:32:57.879 [main] SchemaManagementToolCoordinator - No actions specified; doing nothing
[DEBUG] 2018-10-02 17:32:57.879 [main] JtaPlatformInitiator - No JtaPlatform was specified, checking resolver
[DEBUG] 2018-10-02 17:32:57.882 [main] JtaPlatformResolverInitiator - No JtaPlatformResolver was specified, using default [org.hibernate.engine.transaction.jta.platform.internal.StandardJtaPlatformResolver]
[DEBUG] 2018-10-02 17:32:57.888 [main] StandardJtaPlatformResolver - Could not resolve JtaPlatform, using default [org.hibernate.engine.transaction.jta.platform.internal.NoJtaPlatform]
[DEBUG] 2018-10-02 17:32:57.901 [main] NamedQueryRepository - Checking 0 named HQL queries
[DEBUG] 2018-10-02 17:32:57.901 [main] NamedQueryRepository - Checking 0 named SQL queries
[DEBUG] 2018-10-02 17:32:57.923 [main] SessionFactoryRegistry - Initializing SessionFactoryRegistry : org.hibernate.internal.SessionFactoryRegistry@219f4597
[DEBUG] 2018-10-02 17:32:57.933 [main] SessionFactoryRegistry - Registering SessionFactory: 6d5c369c-5868-444f-a8ae-eb67d5341569 (<unnamed>)
[DEBUG] 2018-10-02 17:32:57.933 [main] SessionFactoryRegistry - Not binding SessionFactory to JNDI, no JNDI name configured
[DEBUG] 2018-10-02 17:32:59.694 [main] StatisticsInitiator - Statistics initialized [enabled=false]
[DEBUG] 2018-10-02 17:32:59.810 [main] CriteriaQueryImpl - Rendered criteria query -> select generatedAlias0 from User as generatedAlias0 where generatedAlias0.isDeleted = false
[DEBUG] 2018-10-02 17:32:59.891 [main] QueryTranslatorFactoryInitiator - QueryTranslatorFactory : org.hibernate.hql.internal.ast.ASTQueryTranslatorFactory@6d64b553
[INFO ] 2018-10-02 17:32:59.891 [main] QueryTranslatorFactoryInitiator - HHH000397: Using ASTQueryTranslatorFactory
[DEBUG] 2018-10-02 17:32:59.970 [main] QueryTranslatorImpl - parse() - HQL: select generatedAlias0 from sescheraun.WorldOfFutureDarkness.generator.User as generatedAlias0 where generatedAlias0.isDeleted = false
[DEBUG] 2018-10-02 17:32:59.985 [main] ErrorCounter - throwQueryException() : no errors
[DEBUG] 2018-10-02 17:32:59.994 [main] QueryTranslatorImpl - --- HQL AST ---
 \-[QUERY] Node: 'query'
    +-[SELECT_FROM] Node: 'SELECT_FROM'
    |  +-[FROM] Node: 'from'
    |  |  \-[RANGE] Node: 'RANGE'
    |  |     +-[DOT] Node: '.'
    |  |     |  +-[DOT] Node: '.'
    |  |     |  |  +-[DOT] Node: '.'
    |  |     |  |  |  +-[IDENT] Node: 'sescheraun'
    |  |     |  |  |  \-[IDENT] Node: 'WorldOfFutureDarkness'
    |  |     |  |  \-[IDENT] Node: 'generator'
    |  |     |  \-[IDENT] Node: 'User'
    |  |     \-[ALIAS] Node: 'generatedAlias0'
    |  \-[SELECT] Node: 'select'
    |     \-[IDENT] Node: 'generatedAlias0'
    \-[WHERE] Node: 'where'
       \-[EQ] Node: '='
          +-[DOT] Node: '.'
          |  +-[IDENT] Node: 'generatedAlias0'
          |  \-[IDENT] Node: 'isDeleted'
          \-[FALSE] Node: 'false'

[DEBUG] 2018-10-02 17:33:00.048 [main] HqlSqlBaseWalker - select << begin [level=1, statement=select]
[DEBUG] 2018-10-02 17:33:00.075 [main] FromElement - FromClause{level=1} : sescheraun.WorldOfFutureDarkness.generator.User (generatedAlias0) -> user0_
[DEBUG] 2018-10-02 17:33:00.077 [main] FromReferenceNode - Resolved : generatedAlias0 -> user0_.id
[DEBUG] 2018-10-02 17:33:00.082 [main] FromReferenceNode - Resolved : generatedAlias0 -> user0_.id
[DEBUG] 2018-10-02 17:33:00.084 [main] DotNode - getDataType() : isDeleted -> org.hibernate.type.BooleanType@5db6b9cd
[DEBUG] 2018-10-02 17:33:00.086 [main] FromReferenceNode - Resolved : generatedAlias0.isDeleted -> user0_.isDeleted
[DEBUG] 2018-10-02 17:33:00.089 [main] HqlSqlBaseWalker - select : finishing up [level=1, statement=select]
[DEBUG] 2018-10-02 17:33:00.090 [main] HqlSqlWalker - processQuery() :  ( SELECT ( {select clause} user0_.id ) ( FromClause{level=1} user user0_ ) ( where ( = ( user0_.isDeleted user0_.id isDeleted ) false ) ) )
[DEBUG] 2018-10-02 17:33:00.112 [main] JoinProcessor - Using FROM fragment [user user0_]
[DEBUG] 2018-10-02 17:33:00.112 [main] HqlSqlBaseWalker - select >> end [level=1, statement=select]
[DEBUG] 2018-10-02 17:33:00.113 [main] QueryTranslatorImpl - --- SQL AST ---
 \-[SELECT] QueryNode: 'SELECT'  querySpaces (user)
    +-[SELECT_CLAUSE] SelectClause: '{select clause}'
    |  +-[ALIAS_REF] IdentNode: 'user0_.id as id1_0_' {alias=generatedAlias0, className=sescheraun.WorldOfFutureDarkness.generator.User, tableAlias=user0_}
    |  \-[SQL_TOKEN] SqlFragment: 'user0_.firstName as firstNam2_0_, user0_.isDeleted as isDelete3_0_, user0_.lastName as lastName4_0_, user0_.userName as userName5_0_'
    +-[FROM] FromClause: 'from' FromClause{level=1, fromElementCounter=1, fromElements=1, fromElementByClassAlias=[generatedAlias0], fromElementByTableAlias=[user0_], fromElementsByPath=[], collectionJoinFromElementsByPath=[], impliedElements=[]}
    |  \-[FROM_FRAGMENT] FromElement: 'user user0_' FromElement{explicit,not a collection join,not a fetch join,fetch non-lazy properties,classAlias=generatedAlias0,role=null,tableName=user,tableAlias=user0_,origin=null,columns={,className=sescheraun.WorldOfFutureDarkness.generator.User}}
    \-[WHERE] SqlNode: 'where'
       \-[EQ] BinaryLogicOperatorNode: '='
          +-[DOT] DotNode: 'user0_.isDeleted' {propertyName=isDeleted,dereferenceType=PRIMITIVE,getPropertyPath=isDeleted,path=generatedAlias0.isDeleted,tableAlias=user0_,className=sescheraun.WorldOfFutureDarkness.generator.User,classAlias=generatedAlias0}
          |  +-[ALIAS_REF] IdentNode: 'user0_.id' {alias=generatedAlias0, className=sescheraun.WorldOfFutureDarkness.generator.User, tableAlias=user0_}
          |  \-[IDENT] IdentNode: 'isDeleted' {originalText=isDeleted}
          \-[FALSE] BooleanLiteralNode: 'false'

[DEBUG] 2018-10-02 17:33:00.113 [main] ErrorCounter - throwQueryException() : no errors
[DEBUG] 2018-10-02 17:33:00.128 [main] QueryTranslatorImpl - HQL: select generatedAlias0 from sescheraun.WorldOfFutureDarkness.generator.User as generatedAlias0 where generatedAlias0.isDeleted = false
[DEBUG] 2018-10-02 17:33:00.128 [main] QueryTranslatorImpl - SQL: select user0_.id as id1_0_, user0_.firstName as firstNam2_0_, user0_.isDeleted as isDelete3_0_, user0_.lastName as lastName4_0_, user0_.userName as userName5_0_ from user user0_ where user0_.isDeleted=0
[DEBUG] 2018-10-02 17:33:00.128 [main] ErrorCounter - throwQueryException() : no errors
[DEBUG] 2018-10-02 17:33:00.173 [main] SQL - select user0_.id as id1_0_, user0_.firstName as firstNam2_0_, user0_.isDeleted as isDelete3_0_, user0_.lastName as lastName4_0_, user0_.userName as userName5_0_ from user user0_ where user0_.isDeleted=0
[DEBUG] 2018-10-02 17:33:00.206 [main] Loader - Result set row: 0
[DEBUG] 2018-10-02 17:33:00.214 [main] Loader - Result row: EntityKey[sescheraun.WorldOfFutureDarkness.generator.User#1]
[DEBUG] 2018-10-02 17:33:00.231 [main] Loader - Result set row: 1
[DEBUG] 2018-10-02 17:33:00.231 [main] Loader - Result row: EntityKey[sescheraun.WorldOfFutureDarkness.generator.User#2]
[DEBUG] 2018-10-02 17:33:00.232 [main] Loader - Result set row: 2
[DEBUG] 2018-10-02 17:33:00.232 [main] Loader - Result row: EntityKey[sescheraun.WorldOfFutureDarkness.generator.User#3]
[DEBUG] 2018-10-02 17:33:00.232 [main] Loader - Result set row: 3
[DEBUG] 2018-10-02 17:33:00.232 [main] Loader - Result row: EntityKey[sescheraun.WorldOfFutureDarkness.generator.User#4]
[DEBUG] 2018-10-02 17:33:00.233 [main] Loader - Result set row: 4
[DEBUG] 2018-10-02 17:33:00.233 [main] Loader - Result row: EntityKey[sescheraun.WorldOfFutureDarkness.generator.User#5]
[DEBUG] 2018-10-02 17:33:00.235 [main] TwoPhaseLoad - Resolving associations for [sescheraun.WorldOfFutureDarkness.generator.User#1]
[DEBUG] 2018-10-02 17:33:00.239 [main] TwoPhaseLoad - Done materializing entity [sescheraun.WorldOfFutureDarkness.generator.User#1]
[DEBUG] 2018-10-02 17:33:00.239 [main] TwoPhaseLoad - Resolving associations for [sescheraun.WorldOfFutureDarkness.generator.User#2]
[DEBUG] 2018-10-02 17:33:00.239 [main] TwoPhaseLoad - Done materializing entity [sescheraun.WorldOfFutureDarkness.generator.User#2]
[DEBUG] 2018-10-02 17:33:00.240 [main] TwoPhaseLoad - Resolving associations for [sescheraun.WorldOfFutureDarkness.generator.User#3]
[DEBUG] 2018-10-02 17:33:00.240 [main] TwoPhaseLoad - Done materializing entity [sescheraun.WorldOfFutureDarkness.generator.User#3]
[DEBUG] 2018-10-02 17:33:00.240 [main] TwoPhaseLoad - Resolving associations for [sescheraun.WorldOfFutureDarkness.generator.User#4]
[DEBUG] 2018-10-02 17:33:00.240 [main] TwoPhaseLoad - Done materializing entity [sescheraun.WorldOfFutureDarkness.generator.User#4]
[DEBUG] 2018-10-02 17:33:00.240 [main] TwoPhaseLoad - Resolving associations for [sescheraun.WorldOfFutureDarkness.generator.User#5]
[DEBUG] 2018-10-02 17:33:00.240 [main] TwoPhaseLoad - Done materializing entity [sescheraun.WorldOfFutureDarkness.generator.User#5]
[DEBUG] 2018-10-02 17:33:00.249 [main] LogicalConnectionManagedImpl - Initiating JDBC connection release from afterTransaction
