[DEBUG] 2018-10-03 12:04:09.440 [main] IntegratorServiceImpl - Adding Integrator [org.hibernate.cfg.beanvalidation.BeanValidationIntegrator].
[DEBUG] 2018-10-03 12:04:09.451 [main] IntegratorServiceImpl - Adding Integrator [org.hibernate.secure.spi.JaccIntegrator].
[DEBUG] 2018-10-03 12:04:09.457 [main] IntegratorServiceImpl - Adding Integrator [org.hibernate.cache.internal.CollectionCacheInvalidator].
[INFO ] 2018-10-03 12:04:09.564 [main] Version - HHH000412: Hibernate Core {5.2.12.Final}
[INFO ] 2018-10-03 12:04:09.569 [main] Environment - HHH000206: hibernate.properties not found
[DEBUG] 2018-10-03 12:04:09.668 [main] LocalXmlResourceResolver - Interpreting public/system identifier : [-//Hibernate/Hibernate Configuration DTD//EN] - [http://www.hibernate.org/dtd/hibernate-configuration-3.0.dtd]
[DEBUG] 2018-10-03 12:04:09.669 [main] LocalXmlResourceResolver - Recognized hibernate-configuration identifier; attempting to resolve on classpath under org/hibernate/
[DEBUG] 2018-10-03 12:04:09.679 [main] JaxbCfgProcessor - cfg.xml document did not define namespaces; wrapping in custom event reader to introduce namespace information
[DEBUG] 2018-10-03 12:04:10.179 [main] ServiceBinding - Overriding existing service binding [org.hibernate.secure.spi.JaccService]
[DEBUG] 2018-10-03 12:04:10.215 [main] RegionFactoryInitiator - Cache region factory : org.hibernate.cache.internal.NoCachingRegionFactory
[INFO ] 2018-10-03 12:04:10.229 [main] Version - HCANN000001: Hibernate Commons Annotations {5.0.1.Final}
[DEBUG] 2018-10-03 12:04:10.268 [main] BasicTypeRegistry - Adding type registration boolean -> org.hibernate.type.BooleanType@5a62b2a4
[DEBUG] 2018-10-03 12:04:10.268 [main] BasicTypeRegistry - Adding type registration boolean -> org.hibernate.type.BooleanType@5a62b2a4
[DEBUG] 2018-10-03 12:04:10.268 [main] BasicTypeRegistry - Adding type registration java.lang.Boolean -> org.hibernate.type.BooleanType@5a62b2a4
[DEBUG] 2018-10-03 12:04:10.270 [main] BasicTypeRegistry - Adding type registration numeric_boolean -> org.hibernate.type.NumericBooleanType@7adbd080
[DEBUG] 2018-10-03 12:04:10.272 [main] BasicTypeRegistry - Adding type registration true_false -> org.hibernate.type.TrueFalseType@54afd745
[DEBUG] 2018-10-03 12:04:10.273 [main] BasicTypeRegistry - Adding type registration yes_no -> org.hibernate.type.YesNoType@263f04ca
[DEBUG] 2018-10-03 12:04:10.276 [main] BasicTypeRegistry - Adding type registration byte -> org.hibernate.type.ByteType@41394595
[DEBUG] 2018-10-03 12:04:10.276 [main] BasicTypeRegistry - Adding type registration byte -> org.hibernate.type.ByteType@41394595
[DEBUG] 2018-10-03 12:04:10.276 [main] BasicTypeRegistry - Adding type registration java.lang.Byte -> org.hibernate.type.ByteType@41394595
[DEBUG] 2018-10-03 12:04:10.278 [main] BasicTypeRegistry - Adding type registration character -> org.hibernate.type.CharacterType@30b34287
[DEBUG] 2018-10-03 12:04:10.278 [main] BasicTypeRegistry - Adding type registration char -> org.hibernate.type.CharacterType@30b34287
[DEBUG] 2018-10-03 12:04:10.278 [main] BasicTypeRegistry - Adding type registration java.lang.Character -> org.hibernate.type.CharacterType@30b34287
[DEBUG] 2018-10-03 12:04:10.281 [main] BasicTypeRegistry - Adding type registration short -> org.hibernate.type.ShortType@327120c8
[DEBUG] 2018-10-03 12:04:10.281 [main] BasicTypeRegistry - Adding type registration short -> org.hibernate.type.ShortType@327120c8
[DEBUG] 2018-10-03 12:04:10.281 [main] BasicTypeRegistry - Adding type registration java.lang.Short -> org.hibernate.type.ShortType@327120c8
[DEBUG] 2018-10-03 12:04:10.283 [main] BasicTypeRegistry - Adding type registration integer -> org.hibernate.type.IntegerType@50305a
[DEBUG] 2018-10-03 12:04:10.283 [main] BasicTypeRegistry - Adding type registration int -> org.hibernate.type.IntegerType@50305a
[DEBUG] 2018-10-03 12:04:10.283 [main] BasicTypeRegistry - Adding type registration java.lang.Integer -> org.hibernate.type.IntegerType@50305a
[DEBUG] 2018-10-03 12:04:10.286 [main] BasicTypeRegistry - Adding type registration long -> org.hibernate.type.LongType@24be2d9c
[DEBUG] 2018-10-03 12:04:10.286 [main] BasicTypeRegistry - Adding type registration long -> org.hibernate.type.LongType@24be2d9c
[DEBUG] 2018-10-03 12:04:10.286 [main] BasicTypeRegistry - Adding type registration java.lang.Long -> org.hibernate.type.LongType@24be2d9c
[DEBUG] 2018-10-03 12:04:10.290 [main] BasicTypeRegistry - Adding type registration float -> org.hibernate.type.FloatType@5a4bef8
[DEBUG] 2018-10-03 12:04:10.290 [main] BasicTypeRegistry - Adding type registration float -> org.hibernate.type.FloatType@5a4bef8
[DEBUG] 2018-10-03 12:04:10.290 [main] BasicTypeRegistry - Adding type registration java.lang.Float -> org.hibernate.type.FloatType@5a4bef8
[DEBUG] 2018-10-03 12:04:10.293 [main] BasicTypeRegistry - Adding type registration double -> org.hibernate.type.DoubleType@6b9267b
[DEBUG] 2018-10-03 12:04:10.293 [main] BasicTypeRegistry - Adding type registration double -> org.hibernate.type.DoubleType@6b9267b
[DEBUG] 2018-10-03 12:04:10.293 [main] BasicTypeRegistry - Adding type registration java.lang.Double -> org.hibernate.type.DoubleType@6b9267b
[DEBUG] 2018-10-03 12:04:10.297 [main] BasicTypeRegistry - Adding type registration big_decimal -> org.hibernate.type.BigDecimalType@57f791c6
[DEBUG] 2018-10-03 12:04:10.297 [main] BasicTypeRegistry - Adding type registration java.math.BigDecimal -> org.hibernate.type.BigDecimalType@57f791c6
[DEBUG] 2018-10-03 12:04:10.298 [main] BasicTypeRegistry - Adding type registration big_integer -> org.hibernate.type.BigIntegerType@c1fca1e
[DEBUG] 2018-10-03 12:04:10.299 [main] BasicTypeRegistry - Adding type registration java.math.BigInteger -> org.hibernate.type.BigIntegerType@c1fca1e
[DEBUG] 2018-10-03 12:04:10.300 [main] BasicTypeRegistry - Adding type registration string -> org.hibernate.type.StringType@73393584
[DEBUG] 2018-10-03 12:04:10.300 [main] BasicTypeRegistry - Adding type registration java.lang.String -> org.hibernate.type.StringType@73393584
[DEBUG] 2018-10-03 12:04:10.302 [main] BasicTypeRegistry - Adding type registration nstring -> org.hibernate.type.StringNVarcharType@1c25b8a7
[DEBUG] 2018-10-03 12:04:10.304 [main] BasicTypeRegistry - Adding type registration ncharacter -> org.hibernate.type.CharacterNCharType@63fd4873
[DEBUG] 2018-10-03 12:04:10.306 [main] BasicTypeRegistry - Adding type registration url -> org.hibernate.type.UrlType@4fdfa676
[DEBUG] 2018-10-03 12:04:10.306 [main] BasicTypeRegistry - Adding type registration java.net.URL -> org.hibernate.type.UrlType@4fdfa676
[DEBUG] 2018-10-03 12:04:10.308 [main] BasicTypeRegistry - Adding type registration Duration -> org.hibernate.type.DurationType@473b3b7a
[DEBUG] 2018-10-03 12:04:10.308 [main] BasicTypeRegistry - Adding type registration java.time.Duration -> org.hibernate.type.DurationType@473b3b7a
[DEBUG] 2018-10-03 12:04:10.349 [main] BasicTypeRegistry - Adding type registration Instant -> org.hibernate.type.InstantType@2d35442b
[DEBUG] 2018-10-03 12:04:10.349 [main] BasicTypeRegistry - Adding type registration java.time.Instant -> org.hibernate.type.InstantType@2d35442b
[DEBUG] 2018-10-03 12:04:10.352 [main] BasicTypeRegistry - Adding type registration LocalDateTime -> org.hibernate.type.LocalDateTimeType@2b46a8c1
[DEBUG] 2018-10-03 12:04:10.352 [main] BasicTypeRegistry - Adding type registration java.time.LocalDateTime -> org.hibernate.type.LocalDateTimeType@2b46a8c1
[DEBUG] 2018-10-03 12:04:10.354 [main] BasicTypeRegistry - Adding type registration LocalDate -> org.hibernate.type.LocalDateType@3a80515c
[DEBUG] 2018-10-03 12:04:10.355 [main] BasicTypeRegistry - Adding type registration java.time.LocalDate -> org.hibernate.type.LocalDateType@3a80515c
[DEBUG] 2018-10-03 12:04:10.357 [main] BasicTypeRegistry - Adding type registration LocalTime -> org.hibernate.type.LocalTimeType@2d8f2f3a
[DEBUG] 2018-10-03 12:04:10.358 [main] BasicTypeRegistry - Adding type registration java.time.LocalTime -> org.hibernate.type.LocalTimeType@2d8f2f3a
[DEBUG] 2018-10-03 12:04:10.360 [main] BasicTypeRegistry - Adding type registration OffsetDateTime -> org.hibernate.type.OffsetDateTimeType@58dea0a5
[DEBUG] 2018-10-03 12:04:10.360 [main] BasicTypeRegistry - Adding type registration java.time.OffsetDateTime -> org.hibernate.type.OffsetDateTimeType@58dea0a5
[DEBUG] 2018-10-03 12:04:10.363 [main] BasicTypeRegistry - Adding type registration OffsetTime -> org.hibernate.type.OffsetTimeType@5167268
[DEBUG] 2018-10-03 12:04:10.363 [main] BasicTypeRegistry - Adding type registration java.time.OffsetTime -> org.hibernate.type.OffsetTimeType@5167268
[DEBUG] 2018-10-03 12:04:10.372 [main] BasicTypeRegistry - Adding type registration ZonedDateTime -> org.hibernate.type.ZonedDateTimeType@58783f6c
[DEBUG] 2018-10-03 12:04:10.372 [main] BasicTypeRegistry - Adding type registration java.time.ZonedDateTime -> org.hibernate.type.ZonedDateTimeType@58783f6c
[DEBUG] 2018-10-03 12:04:10.376 [main] BasicTypeRegistry - Adding type registration date -> org.hibernate.type.DateType@182b435b
[DEBUG] 2018-10-03 12:04:10.376 [main] BasicTypeRegistry - Adding type registration java.sql.Date -> org.hibernate.type.DateType@182b435b
[DEBUG] 2018-10-03 12:04:10.378 [main] BasicTypeRegistry - Adding type registration time -> org.hibernate.type.TimeType@3f2049b6
[DEBUG] 2018-10-03 12:04:10.378 [main] BasicTypeRegistry - Adding type registration java.sql.Time -> org.hibernate.type.TimeType@3f2049b6
[DEBUG] 2018-10-03 12:04:10.381 [main] BasicTypeRegistry - Adding type registration timestamp -> org.hibernate.type.TimestampType@24855019
[DEBUG] 2018-10-03 12:04:10.381 [main] BasicTypeRegistry - Adding type registration java.sql.Timestamp -> org.hibernate.type.TimestampType@24855019
[DEBUG] 2018-10-03 12:04:10.381 [main] BasicTypeRegistry - Adding type registration java.util.Date -> org.hibernate.type.TimestampType@24855019
[DEBUG] 2018-10-03 12:04:10.383 [main] BasicTypeRegistry - Adding type registration dbtimestamp -> org.hibernate.type.DbTimestampType@6f0628de
[DEBUG] 2018-10-03 12:04:10.385 [main] BasicTypeRegistry - Adding type registration calendar -> org.hibernate.type.CalendarType@51b01960
[DEBUG] 2018-10-03 12:04:10.385 [main] BasicTypeRegistry - Adding type registration java.util.Calendar -> org.hibernate.type.CalendarType@51b01960
[DEBUG] 2018-10-03 12:04:10.385 [main] BasicTypeRegistry - Adding type registration java.util.GregorianCalendar -> org.hibernate.type.CalendarType@51b01960
[DEBUG] 2018-10-03 12:04:10.387 [main] BasicTypeRegistry - Adding type registration calendar_date -> org.hibernate.type.CalendarDateType@5cbf9e9f
[DEBUG] 2018-10-03 12:04:10.389 [main] BasicTypeRegistry - Adding type registration locale -> org.hibernate.type.LocaleType@1deb2c43
[DEBUG] 2018-10-03 12:04:10.389 [main] BasicTypeRegistry - Adding type registration java.util.Locale -> org.hibernate.type.LocaleType@1deb2c43
[DEBUG] 2018-10-03 12:04:10.391 [main] BasicTypeRegistry - Adding type registration currency -> org.hibernate.type.CurrencyType@6ca320ab
[DEBUG] 2018-10-03 12:04:10.391 [main] BasicTypeRegistry - Adding type registration java.util.Currency -> org.hibernate.type.CurrencyType@6ca320ab
[DEBUG] 2018-10-03 12:04:10.392 [main] BasicTypeRegistry - Adding type registration timezone -> org.hibernate.type.TimeZoneType@323e8306
[DEBUG] 2018-10-03 12:04:10.393 [main] BasicTypeRegistry - Adding type registration java.util.TimeZone -> org.hibernate.type.TimeZoneType@323e8306
[DEBUG] 2018-10-03 12:04:10.394 [main] BasicTypeRegistry - Adding type registration class -> org.hibernate.type.ClassType@6e9c413e
[DEBUG] 2018-10-03 12:04:10.394 [main] BasicTypeRegistry - Adding type registration java.lang.Class -> org.hibernate.type.ClassType@6e9c413e
[DEBUG] 2018-10-03 12:04:10.397 [main] BasicTypeRegistry - Adding type registration uuid-binary -> org.hibernate.type.UUIDBinaryType@26d10f2e
[DEBUG] 2018-10-03 12:04:10.398 [main] BasicTypeRegistry - Adding type registration java.util.UUID -> org.hibernate.type.UUIDBinaryType@26d10f2e
[DEBUG] 2018-10-03 12:04:10.399 [main] BasicTypeRegistry - Adding type registration uuid-char -> org.hibernate.type.UUIDCharType@22ee2d0
[DEBUG] 2018-10-03 12:04:10.401 [main] BasicTypeRegistry - Adding type registration binary -> org.hibernate.type.BinaryType@54a3ab8f
[DEBUG] 2018-10-03 12:04:10.401 [main] BasicTypeRegistry - Adding type registration byte[] -> org.hibernate.type.BinaryType@54a3ab8f
[DEBUG] 2018-10-03 12:04:10.401 [main] BasicTypeRegistry - Adding type registration [B -> org.hibernate.type.BinaryType@54a3ab8f
[DEBUG] 2018-10-03 12:04:10.403 [main] BasicTypeRegistry - Adding type registration wrapper-binary -> org.hibernate.type.WrapperBinaryType@3ef41c66
[DEBUG] 2018-10-03 12:04:10.403 [main] BasicTypeRegistry - Adding type registration Byte[] -> org.hibernate.type.WrapperBinaryType@3ef41c66
[DEBUG] 2018-10-03 12:04:10.403 [main] BasicTypeRegistry - Adding type registration [Ljava.lang.Byte; -> org.hibernate.type.WrapperBinaryType@3ef41c66
[DEBUG] 2018-10-03 12:04:10.405 [main] BasicTypeRegistry - Adding type registration row_version -> org.hibernate.type.RowVersionType@e041f0c
[DEBUG] 2018-10-03 12:04:10.406 [main] BasicTypeRegistry - Adding type registration image -> org.hibernate.type.ImageType@3a71c100
[DEBUG] 2018-10-03 12:04:10.408 [main] BasicTypeRegistry - Adding type registration characters -> org.hibernate.type.CharArrayType@49ef32e0
[DEBUG] 2018-10-03 12:04:10.408 [main] BasicTypeRegistry - Adding type registration char[] -> org.hibernate.type.CharArrayType@49ef32e0
[DEBUG] 2018-10-03 12:04:10.408 [main] BasicTypeRegistry - Adding type registration [C -> org.hibernate.type.CharArrayType@49ef32e0
[DEBUG] 2018-10-03 12:04:10.410 [main] BasicTypeRegistry - Adding type registration wrapper-characters -> org.hibernate.type.CharacterArrayType@315df4bb
[DEBUG] 2018-10-03 12:04:10.410 [main] BasicTypeRegistry - Adding type registration [Ljava.lang.Character; -> org.hibernate.type.CharacterArrayType@315df4bb
[DEBUG] 2018-10-03 12:04:10.410 [main] BasicTypeRegistry - Adding type registration Character[] -> org.hibernate.type.CharacterArrayType@315df4bb
[DEBUG] 2018-10-03 12:04:10.412 [main] BasicTypeRegistry - Adding type registration text -> org.hibernate.type.TextType@4201a617
[DEBUG] 2018-10-03 12:04:10.414 [main] BasicTypeRegistry - Adding type registration ntext -> org.hibernate.type.NTextType@7a34b7b8
[DEBUG] 2018-10-03 12:04:10.421 [main] BasicTypeRegistry - Adding type registration blob -> org.hibernate.type.BlobType@2fb68ec6
[DEBUG] 2018-10-03 12:04:10.421 [main] BasicTypeRegistry - Adding type registration java.sql.Blob -> org.hibernate.type.BlobType@2fb68ec6
[DEBUG] 2018-10-03 12:04:10.422 [main] BasicTypeRegistry - Adding type registration materialized_blob -> org.hibernate.type.MaterializedBlobType@1c65121
[DEBUG] 2018-10-03 12:04:10.429 [main] BasicTypeRegistry - Adding type registration clob -> org.hibernate.type.ClobType@9257031
[DEBUG] 2018-10-03 12:04:10.430 [main] BasicTypeRegistry - Adding type registration java.sql.Clob -> org.hibernate.type.ClobType@9257031
[DEBUG] 2018-10-03 12:04:10.436 [main] BasicTypeRegistry - Adding type registration nclob -> org.hibernate.type.NClobType@44ea608c
[DEBUG] 2018-10-03 12:04:10.436 [main] BasicTypeRegistry - Adding type registration java.sql.NClob -> org.hibernate.type.NClobType@44ea608c
[DEBUG] 2018-10-03 12:04:10.437 [main] BasicTypeRegistry - Adding type registration materialized_clob -> org.hibernate.type.MaterializedClobType@30457e14
[DEBUG] 2018-10-03 12:04:10.438 [main] BasicTypeRegistry - Adding type registration materialized_nclob -> org.hibernate.type.MaterializedNClobType@3b582111
[DEBUG] 2018-10-03 12:04:10.440 [main] BasicTypeRegistry - Adding type registration serializable -> org.hibernate.type.SerializableType@77e2a6e2
[DEBUG] 2018-10-03 12:04:10.445 [main] BasicTypeRegistry - Adding type registration object -> org.hibernate.type.ObjectType@62e8f862
[DEBUG] 2018-10-03 12:04:10.445 [main] BasicTypeRegistry - Adding type registration java.lang.Object -> org.hibernate.type.ObjectType@62e8f862
[DEBUG] 2018-10-03 12:04:10.446 [main] BasicTypeRegistry - Adding type registration imm_date -> org.hibernate.type.AdaptedImmutableType@74518890
[DEBUG] 2018-10-03 12:04:10.446 [main] BasicTypeRegistry - Adding type registration imm_time -> org.hibernate.type.AdaptedImmutableType@4c5204af
[DEBUG] 2018-10-03 12:04:10.446 [main] BasicTypeRegistry - Adding type registration imm_timestamp -> org.hibernate.type.AdaptedImmutableType@3f3ddbd9
[DEBUG] 2018-10-03 12:04:10.446 [main] BasicTypeRegistry - Adding type registration imm_dbtimestamp -> org.hibernate.type.AdaptedImmutableType@14c053c6
[DEBUG] 2018-10-03 12:04:10.446 [main] BasicTypeRegistry - Adding type registration imm_calendar -> org.hibernate.type.AdaptedImmutableType@6c2d4cc6
[DEBUG] 2018-10-03 12:04:10.446 [main] BasicTypeRegistry - Adding type registration imm_calendar_date -> org.hibernate.type.AdaptedImmutableType@30865a90
[DEBUG] 2018-10-03 12:04:10.446 [main] BasicTypeRegistry - Adding type registration imm_binary -> org.hibernate.type.AdaptedImmutableType@6134ac4a
[DEBUG] 2018-10-03 12:04:10.446 [main] BasicTypeRegistry - Adding type registration imm_serializable -> org.hibernate.type.AdaptedImmutableType@777c9dc9
[INFO ] 2018-10-03 12:04:10.491 [main] C3P0ConnectionProvider - HHH010002: C3P0 using driver: com.mysql.jdbc.Driver at URL: jdbc:mysql://localhost:3306/WorldOfDarknessTest
[INFO ] 2018-10-03 12:04:10.491 [main] C3P0ConnectionProvider - HHH10001001: Connection properties: {user=root, password=****}
[INFO ] 2018-10-03 12:04:10.491 [main] C3P0ConnectionProvider - HHH10001003: Autocommit mode: false
[INFO ] 2018-10-03 12:04:10.704 [main] C3P0ConnectionProvider - HHH10001007: JDBC isolation level: <unknown>
[DEBUG] 2018-10-03 12:04:11.114 [main] JdbcEnvironmentInitiator - Database ->
       name : MySQL
    version : 5.7.23-0ubuntu0.16.04.1
      major : 5
      minor : 7
[DEBUG] 2018-10-03 12:04:11.115 [main] JdbcEnvironmentInitiator - Driver ->
       name : MySQL Connector Java
    version : mysql-connector-java-5.1.39 ( Revision: 3289a357af6d09ecc1a10fd3c26e95183e5790ad )
      major : 5
      minor : 1
[DEBUG] 2018-10-03 12:04:11.115 [main] JdbcEnvironmentInitiator - JDBC version : 4.0
[INFO ] 2018-10-03 12:04:11.145 [main] Dialect - HHH000400: Using dialect: org.hibernate.dialect.MySQL5Dialect
[DEBUG] 2018-10-03 12:04:11.220 [main] IdentifierHelperBuilder - JDBC driver metadata reported database stores quoted identifiers in more than one case
[DEBUG] 2018-10-03 12:04:11.222 [main] IdentifierHelperBuilder - IdentifierCaseStrategy for both quoted and unquoted identifiers was set to the same strategy [MIXED]; that will likely lead to problems in schema update and validation if using quoted identifiers
[DEBUG] 2018-10-03 12:04:11.355 [main] DefaultIdentifierGeneratorFactory - Registering IdentifierGenerator strategy [uuid2] -> [org.hibernate.id.UUIDGenerator]
[DEBUG] 2018-10-03 12:04:11.355 [main] DefaultIdentifierGeneratorFactory - Registering IdentifierGenerator strategy [guid] -> [org.hibernate.id.GUIDGenerator]
[DEBUG] 2018-10-03 12:04:11.356 [main] DefaultIdentifierGeneratorFactory - Registering IdentifierGenerator strategy [uuid] -> [org.hibernate.id.UUIDHexGenerator]
[DEBUG] 2018-10-03 12:04:11.356 [main] DefaultIdentifierGeneratorFactory - Registering IdentifierGenerator strategy [uuid.hex] -> [org.hibernate.id.UUIDHexGenerator]
[DEBUG] 2018-10-03 12:04:11.356 [main] DefaultIdentifierGeneratorFactory - Registering IdentifierGenerator strategy [assigned] -> [org.hibernate.id.Assigned]
[DEBUG] 2018-10-03 12:04:11.357 [main] DefaultIdentifierGeneratorFactory - Registering IdentifierGenerator strategy [identity] -> [org.hibernate.id.IdentityGenerator]
[DEBUG] 2018-10-03 12:04:11.357 [main] DefaultIdentifierGeneratorFactory - Registering IdentifierGenerator strategy [select] -> [org.hibernate.id.SelectGenerator]
[DEBUG] 2018-10-03 12:04:11.358 [main] DefaultIdentifierGeneratorFactory - Registering IdentifierGenerator strategy [sequence] -> [org.hibernate.id.enhanced.SequenceStyleGenerator]
[DEBUG] 2018-10-03 12:04:11.359 [main] DefaultIdentifierGeneratorFactory - Registering IdentifierGenerator strategy [seqhilo] -> [org.hibernate.id.SequenceHiLoGenerator]
[DEBUG] 2018-10-03 12:04:11.359 [main] DefaultIdentifierGeneratorFactory - Registering IdentifierGenerator strategy [increment] -> [org.hibernate.id.IncrementGenerator]
[DEBUG] 2018-10-03 12:04:11.359 [main] DefaultIdentifierGeneratorFactory - Registering IdentifierGenerator strategy [foreign] -> [org.hibernate.id.ForeignGenerator]
[DEBUG] 2018-10-03 12:04:11.360 [main] DefaultIdentifierGeneratorFactory - Registering IdentifierGenerator strategy [sequence-identity] -> [org.hibernate.id.SequenceIdentityGenerator]
[DEBUG] 2018-10-03 12:04:11.360 [main] DefaultIdentifierGeneratorFactory - Registering IdentifierGenerator strategy [enhanced-sequence] -> [org.hibernate.id.enhanced.SequenceStyleGenerator]
[DEBUG] 2018-10-03 12:04:11.360 [main] DefaultIdentifierGeneratorFactory - Registering IdentifierGenerator strategy [enhanced-table] -> [org.hibernate.id.enhanced.TableGenerator]
[DEBUG] 2018-10-03 12:04:11.403 [main] Namespace - Created database namespace [logicalName=Name{catalog=null, schema=null}, physicalName=Name{catalog=null, schema=null}]
[DEBUG] 2018-10-03 12:04:11.441 [main] AnnotationBinder - Binding entity from annotated class: sescheraun.WorldOfFutureDarkness.generator.User
[DEBUG] 2018-10-03 12:04:11.470 [main] Ejb3Column - Binding column: Ejb3DiscriminatorColumn{logicalColumnName'DTYPE', discriminatorTypeName='string'}
[DEBUG] 2018-10-03 12:04:11.478 [main] EntityBinder - Import with entity name User
[DEBUG] 2018-10-03 12:04:11.485 [main] EntityBinder - Bind entity sescheraun.WorldOfFutureDarkness.generator.User on table user
[DEBUG] 2018-10-03 12:04:11.542 [main] Ejb3Column - Binding column: Ejb3Column{table=org.hibernate.mapping.Table(user), mappingColumn=id, insertable=true, updatable=true, unique=false}
[DEBUG] 2018-10-03 12:04:11.545 [main] PropertyBinder - MetadataSourceProcessor property id with lazy=false
[DEBUG] 2018-10-03 12:04:11.546 [main] AbstractPropertyHolder - Attempting to locate auto-apply AttributeConverter for property [sescheraun.WorldOfFutureDarkness.generator.User:id]
[DEBUG] 2018-10-03 12:04:11.547 [main] SimpleValueBinder - building SimpleValue for id
[DEBUG] 2018-10-03 12:04:11.552 [main] PropertyBinder - Building property id
[DEBUG] 2018-10-03 12:04:11.563 [main] Ejb3Column - Binding column: Ejb3Column{table=org.hibernate.mapping.Table(user), mappingColumn=authenticator, insertable=true, updatable=true, unique=false}
[DEBUG] 2018-10-03 12:04:11.563 [main] PropertyBinder - MetadataSourceProcessor property authenticator with lazy=false
[DEBUG] 2018-10-03 12:04:11.564 [main] AbstractPropertyHolder - Attempting to locate auto-apply AttributeConverter for property [sescheraun.WorldOfFutureDarkness.generator.User:authenticator]
[DEBUG] 2018-10-03 12:04:11.564 [main] SimpleValueBinder - building SimpleValue for authenticator
[DEBUG] 2018-10-03 12:04:11.564 [main] PropertyBinder - Building property authenticator
[DEBUG] 2018-10-03 12:04:11.564 [main] Ejb3Column - Binding column: Ejb3Column{table=org.hibernate.mapping.Table(user), mappingColumn=EmailAddress, insertable=true, updatable=true, unique=false}
[DEBUG] 2018-10-03 12:04:11.564 [main] PropertyBinder - MetadataSourceProcessor property emailAddress with lazy=false
[DEBUG] 2018-10-03 12:04:11.564 [main] AbstractPropertyHolder - Attempting to locate auto-apply AttributeConverter for property [sescheraun.WorldOfFutureDarkness.generator.User:emailAddress]
[DEBUG] 2018-10-03 12:04:11.564 [main] SimpleValueBinder - building SimpleValue for emailAddress
[DEBUG] 2018-10-03 12:04:11.564 [main] PropertyBinder - Building property emailAddress
[DEBUG] 2018-10-03 12:04:11.564 [main] Ejb3Column - Binding column: Ejb3Column{table=org.hibernate.mapping.Table(user), mappingColumn=firstName, insertable=true, updatable=true, unique=false}
[DEBUG] 2018-10-03 12:04:11.564 [main] PropertyBinder - MetadataSourceProcessor property firstName with lazy=false
[DEBUG] 2018-10-03 12:04:11.564 [main] AbstractPropertyHolder - Attempting to locate auto-apply AttributeConverter for property [sescheraun.WorldOfFutureDarkness.generator.User:firstName]
[DEBUG] 2018-10-03 12:04:11.564 [main] SimpleValueBinder - building SimpleValue for firstName
[DEBUG] 2018-10-03 12:04:11.565 [main] PropertyBinder - Building property firstName
[DEBUG] 2018-10-03 12:04:11.565 [main] Ejb3Column - Binding column: Ejb3Column{table=org.hibernate.mapping.Table(user), mappingColumn=isDeleted, insertable=true, updatable=true, unique=false}
[DEBUG] 2018-10-03 12:04:11.565 [main] PropertyBinder - MetadataSourceProcessor property isDeleted with lazy=false
[DEBUG] 2018-10-03 12:04:11.565 [main] AbstractPropertyHolder - Attempting to locate auto-apply AttributeConverter for property [sescheraun.WorldOfFutureDarkness.generator.User:isDeleted]
[DEBUG] 2018-10-03 12:04:11.565 [main] SimpleValueBinder - building SimpleValue for isDeleted
[DEBUG] 2018-10-03 12:04:11.565 [main] PropertyBinder - Building property isDeleted
[DEBUG] 2018-10-03 12:04:11.565 [main] Ejb3Column - Binding column: Ejb3Column{table=org.hibernate.mapping.Table(user), mappingColumn=lastName, insertable=true, updatable=true, unique=false}
[DEBUG] 2018-10-03 12:04:11.565 [main] PropertyBinder - MetadataSourceProcessor property lastName with lazy=false
[DEBUG] 2018-10-03 12:04:11.565 [main] AbstractPropertyHolder - Attempting to locate auto-apply AttributeConverter for property [sescheraun.WorldOfFutureDarkness.generator.User:lastName]
[DEBUG] 2018-10-03 12:04:11.565 [main] SimpleValueBinder - building SimpleValue for lastName
[DEBUG] 2018-10-03 12:04:11.565 [main] PropertyBinder - Building property lastName
[DEBUG] 2018-10-03 12:04:11.566 [main] Ejb3Column - Binding column: Ejb3Column{table=org.hibernate.mapping.Table(user), mappingColumn=phoneNumber, insertable=true, updatable=true, unique=false}
[DEBUG] 2018-10-03 12:04:11.566 [main] PropertyBinder - MetadataSourceProcessor property phoneNumber with lazy=false
[DEBUG] 2018-10-03 12:04:11.566 [main] AbstractPropertyHolder - Attempting to locate auto-apply AttributeConverter for property [sescheraun.WorldOfFutureDarkness.generator.User:phoneNumber]
[DEBUG] 2018-10-03 12:04:11.566 [main] SimpleValueBinder - building SimpleValue for phoneNumber
[DEBUG] 2018-10-03 12:04:11.566 [main] PropertyBinder - Building property phoneNumber
[DEBUG] 2018-10-03 12:04:11.566 [main] Ejb3Column - Binding column: Ejb3Column{table=org.hibernate.mapping.Table(user), mappingColumn=userName, insertable=true, updatable=true, unique=false}
[DEBUG] 2018-10-03 12:04:11.566 [main] PropertyBinder - MetadataSourceProcessor property userName with lazy=false
[DEBUG] 2018-10-03 12:04:11.566 [main] AbstractPropertyHolder - Attempting to locate auto-apply AttributeConverter for property [sescheraun.WorldOfFutureDarkness.generator.User:userName]
[DEBUG] 2018-10-03 12:04:11.566 [main] SimpleValueBinder - building SimpleValue for userName
[DEBUG] 2018-10-03 12:04:11.566 [main] PropertyBinder - Building property userName
[DEBUG] 2018-10-03 12:04:11.569 [main] SimpleValueBinder - Starting fillSimpleValue for id
[DEBUG] 2018-10-03 12:04:11.569 [main] SimpleValueBinder - Starting fillSimpleValue for authenticator
[DEBUG] 2018-10-03 12:04:11.569 [main] SimpleValueBinder - Starting fillSimpleValue for emailAddress
[DEBUG] 2018-10-03 12:04:11.569 [main] SimpleValueBinder - Starting fillSimpleValue for firstName
[DEBUG] 2018-10-03 12:04:11.569 [main] SimpleValueBinder - Starting fillSimpleValue for isDeleted
[DEBUG] 2018-10-03 12:04:11.569 [main] SimpleValueBinder - Starting fillSimpleValue for lastName
[DEBUG] 2018-10-03 12:04:11.569 [main] SimpleValueBinder - Starting fillSimpleValue for phoneNumber
[DEBUG] 2018-10-03 12:04:11.569 [main] SimpleValueBinder - Starting fillSimpleValue for userName
[DEBUG] 2018-10-03 12:04:11.571 [main] PrimaryKey - Forcing column [id] to be non-null as it is part of the primary key for table [user]
[DEBUG] 2018-10-03 12:04:11.637 [main] SessionFactoryImpl - Building session factory
[DEBUG] 2018-10-03 12:04:11.639 [main] Settings - SessionFactory name : null
[DEBUG] 2018-10-03 12:04:11.639 [main] Settings - Automatic flush during beforeCompletion(): enabled
[DEBUG] 2018-10-03 12:04:11.639 [main] Settings - Automatic session close at end of transaction: disabled
[DEBUG] 2018-10-03 12:04:11.639 [main] Settings - Statistics: disabled
[DEBUG] 2018-10-03 12:04:11.639 [main] Settings - Deleted entity synthetic identifier rollback: disabled
[DEBUG] 2018-10-03 12:04:11.639 [main] Settings - Default entity-mode: pojo
[DEBUG] 2018-10-03 12:04:11.639 [main] Settings - Check Nullability in Core (should be disabled when Bean Validation is on): enabled
[DEBUG] 2018-10-03 12:04:11.639 [main] Settings - Allow initialization of lazy state outside session : disabled
[DEBUG] 2018-10-03 12:04:11.639 [main] Settings - Using BatchFetchStyle : LEGACY
[DEBUG] 2018-10-03 12:04:11.639 [main] Settings - Default batch fetch size: -1
[DEBUG] 2018-10-03 12:04:11.639 [main] Settings - Maximum outer join fetch depth: 2
[DEBUG] 2018-10-03 12:04:11.639 [main] Settings - Default null ordering: NONE
[DEBUG] 2018-10-03 12:04:11.640 [main] Settings - Order SQL updates by primary key: disabled
[DEBUG] 2018-10-03 12:04:11.640 [main] Settings - Order SQL inserts for batching: disabled
[DEBUG] 2018-10-03 12:04:11.640 [main] Settings - multi-tenancy strategy : NONE
[DEBUG] 2018-10-03 12:04:11.640 [main] Settings - JTA Track by Thread: enabled
[DEBUG] 2018-10-03 12:04:11.640 [main] Settings - Query language substitutions: {}
[DEBUG] 2018-10-03 12:04:11.640 [main] Settings - JPA query language strict compliance: disabled
[DEBUG] 2018-10-03 12:04:11.640 [main] Settings - Named query checking : enabled
[DEBUG] 2018-10-03 12:04:11.640 [main] Settings - Second-level cache: enabled
[DEBUG] 2018-10-03 12:04:11.640 [main] Settings - Second-level query cache: disabled
[DEBUG] 2018-10-03 12:04:11.640 [main] Settings - Second-level query cache factory: org.hibernate.cache.internal.StandardQueryCacheFactory@4e6f2bb5
[DEBUG] 2018-10-03 12:04:11.640 [main] Settings - Second-level cache region prefix: null
[DEBUG] 2018-10-03 12:04:11.640 [main] Settings - Optimize second-level cache for minimal puts: disabled
[DEBUG] 2018-10-03 12:04:11.640 [main] Settings - Structured second-level cache entries: disabled
[DEBUG] 2018-10-03 12:04:11.640 [main] Settings - Second-level cache direct-reference entries: disabled
[DEBUG] 2018-10-03 12:04:11.640 [main] Settings - Automatic eviction of collection cache: disabled
[DEBUG] 2018-10-03 12:04:11.640 [main] Settings - JDBC batch size: 15
[DEBUG] 2018-10-03 12:04:11.640 [main] Settings - JDBC batch updates for versioned data: enabled
[DEBUG] 2018-10-03 12:04:11.640 [main] Settings - Scrollable result sets: enabled
[DEBUG] 2018-10-03 12:04:11.640 [main] Settings - Wrap result sets: disabled
[DEBUG] 2018-10-03 12:04:11.640 [main] Settings - JDBC3 getGeneratedKeys(): enabled
[DEBUG] 2018-10-03 12:04:11.640 [main] Settings - JDBC result set fetch size: null
[DEBUG] 2018-10-03 12:04:11.640 [main] Settings - Connection release mode: AFTER_TRANSACTION
[DEBUG] 2018-10-03 12:04:11.641 [main] Settings - Generate SQL with comments: disabled
[DEBUG] 2018-10-03 12:04:11.737 [main] SessionFactoryImpl - Session factory constructed with filter configurations : {}
[DEBUG] 2018-10-03 12:04:11.738 [main] SessionFactoryImpl - Instantiating session factory with properties: {sun.desktop=gnome, awt.toolkit=sun.awt.X11.XToolkit, file.encoding.pkg=sun.io, java.specification.version=1.8, hibernate.c3p0.idle_test_period=3000, sun.cpu.isalist=, sun.jnu.encoding=UTF-8, hibernate.c3p0.min_size=5, java.class.path=/home/student/intellij/lib/idea_rt.jar:/home/student/intellij/plugins/junit/lib/junit-rt.jar:/home/student/intellij/plugins/junit/lib/junit5-rt.jar:/usr/lib/jvm/java-8-oracle/jre/lib/charsets.jar:/usr/lib/jvm/java-8-oracle/jre/lib/deploy.jar:/usr/lib/jvm/java-8-oracle/jre/lib/ext/cldrdata.jar:/usr/lib/jvm/java-8-oracle/jre/lib/ext/dnsns.jar:/usr/lib/jvm/java-8-oracle/jre/lib/ext/jaccess.jar:/usr/lib/jvm/java-8-oracle/jre/lib/ext/jfxrt.jar:/usr/lib/jvm/java-8-oracle/jre/lib/ext/localedata.jar:/usr/lib/jvm/java-8-oracle/jre/lib/ext/nashorn.jar:/usr/lib/jvm/java-8-oracle/jre/lib/ext/sunec.jar:/usr/lib/jvm/java-8-oracle/jre/lib/ext/sunjce_provider.jar:/usr/lib/jvm/java-8-oracle/jre/lib/ext/sunpkcs11.jar:/usr/lib/jvm/java-8-oracle/jre/lib/ext/zipfs.jar:/usr/lib/jvm/java-8-oracle/jre/lib/javaws.jar:/usr/lib/jvm/java-8-oracle/jre/lib/jce.jar:/usr/lib/jvm/java-8-oracle/jre/lib/jfr.jar:/usr/lib/jvm/java-8-oracle/jre/lib/jfxswt.jar:/usr/lib/jvm/java-8-oracle/jre/lib/jsse.jar:/usr/lib/jvm/java-8-oracle/jre/lib/management-agent.jar:/usr/lib/jvm/java-8-oracle/jre/lib/plugin.jar:/usr/lib/jvm/java-8-oracle/jre/lib/resources.jar:/usr/lib/jvm/java-8-oracle/jre/lib/rt.jar:/home/student/IdeaProjects/indieproject/target/test-classes:/home/student/IdeaProjects/indieproject/target/classes:/home/student/.m2/repository/org/junit/jupiter/junit-jupiter-engine/5.0.0/junit-jupiter-engine-5.0.0.jar:/home/student/.m2/repository/org/apiguardian/apiguardian-api/1.0.0/apiguardian-api-1.0.0.jar:/home/student/.m2/repository/org/junit/platform/junit-platform-engine/1.0.0/junit-platform-engine-1.0.0.jar:/home/student/.m2/repository/org/junit/platform/junit-platform-commons/1.0.0/junit-platform-commons-1.0.0.jar:/home/student/.m2/repository/org/opentest4j/opentest4j/1.0.0/opentest4j-1.0.0.jar:/home/student/.m2/repository/org/junit/jupiter/junit-jupiter-api/5.0.0/junit-jupiter-api-5.0.0.jar:/home/student/.m2/repository/junit/junit/4.12/junit-4.12.jar:/home/student/.m2/repository/org/hamcrest/hamcrest-core/1.3/hamcrest-core-1.3.jar:/home/student/.m2/repository/org/junit/platform/junit-platform-runner/1.0.0/junit-platform-runner-1.0.0.jar:/home/student/.m2/repository/org/junit/platform/junit-platform-launcher/1.0.0/junit-platform-launcher-1.0.0.jar:/home/student/.m2/repository/org/junit/platform/junit-platform-suite-api/1.0.0/junit-platform-suite-api-1.0.0.jar:/home/student/.m2/repository/org/junit/vintage/junit-vintage-engine/4.12.0/junit-vintage-engine-4.12.0.jar:/home/student/.m2/repository/javax/javaee-web-api/7.0/javaee-web-api-7.0.jar:/home/student/.m2/repository/org/apache/logging/log4j/log4j-api/2.10.0/log4j-api-2.10.0.jar:/home/student/.m2/repository/org/apache/logging/log4j/log4j-core/2.10.0/log4j-core-2.10.0.jar:/home/student/.m2/repository/org/hibernate/hibernate-core/5.2.12.Final/hibernate-core-5.2.12.Final.jar:/home/student/.m2/repository/org/jboss/logging/jboss-logging/3.3.0.Final/jboss-logging-3.3.0.Final.jar:/home/student/.m2/repository/org/hibernate/javax/persistence/hibernate-jpa-2.1-api/1.0.0.Final/hibernate-jpa-2.1-api-1.0.0.Final.jar:/home/student/.m2/repository/org/javassist/javassist/3.20.0-GA/javassist-3.20.0-GA.jar:/home/student/.m2/repository/antlr/antlr/2.7.7/antlr-2.7.7.jar:/home/student/.m2/repository/org/jboss/spec/javax/transaction/jboss-transaction-api_1.2_spec/1.0.1.Final/jboss-transaction-api_1.2_spec-1.0.1.Final.jar:/home/student/.m2/repository/org/jboss/jandex/2.0.3.Final/jandex-2.0.3.Final.jar:/home/student/.m2/repository/com/fasterxml/classmate/1.3.0/classmate-1.3.0.jar:/home/student/.m2/repository/dom4j/dom4j/1.6.1/dom4j-1.6.1.jar:/home/student/.m2/repository/org/hibernate/common/hibernate-commons-annotations/5.0.1.Final/hibernate-commons-annotations-5.0.1.Final.jar:/home/student/.m2/repository/org/hibernate/hibernate-c3p0/5.2.12.Final/hibernate-c3p0-5.2.12.Final.jar:/home/student/.m2/repository/com/mchange/c3p0/0.9.5.2/c3p0-0.9.5.2.jar:/home/student/.m2/repository/com/mchange/mchange-commons-java/0.2.11/mchange-commons-java-0.2.11.jar:/home/student/.m2/repository/mysql/mysql-connector-java/5.1.39/mysql-connector-java-5.1.39.jar:/home/student/.m2/repository/jstl/jstl/1.2/jstl-1.2.jar:/home/student/intellij/lib/rt/debugger-agent.jar, java.vm.vendor=Oracle Corporation, sun.arch.data.model=64, idea.test.cyclic.buffer.size=1048576, java.vendor.url=http://java.oracle.com/, user.timezone=America/Chicago, os.name=Linux, java.vm.specification.version=1.8, user.country=US, sun.java.launcher=SUN_STANDARD, sun.boot.library.path=/usr/lib/jvm/java-8-oracle/jre/lib/amd64, sun.java.command=com.intellij.rt.execution.junit.JUnitStarter -ideVersion5 -junit5 sescheraun.WorldOfFutureDarkness.persistance.UserDAOTest,deleteUser, sun.cpu.endian=little, hibernate.c3p0.max_statements=50, user.home=/home/student, user.language=en, java.specification.vendor=Oracle Corporation, java.home=/usr/lib/jvm/java-8-oracle/jre, file.separator=/, line.separator=
, hibernate.c3p0.timeout=300, intellij.debug.agent=true, java.vm.specification.vendor=Oracle Corporation, java.specification.name=Java Platform API Specification, java.awt.graphicsenv=sun.awt.X11GraphicsEnvironment, sun.boot.class.path=/usr/lib/jvm/java-8-oracle/jre/lib/resources.jar:/usr/lib/jvm/java-8-oracle/jre/lib/rt.jar:/usr/lib/jvm/java-8-oracle/jre/lib/sunrsasign.jar:/usr/lib/jvm/java-8-oracle/jre/lib/jsse.jar:/usr/lib/jvm/java-8-oracle/jre/lib/jce.jar:/usr/lib/jvm/java-8-oracle/jre/lib/charsets.jar:/usr/lib/jvm/java-8-oracle/jre/lib/jfr.jar:/usr/lib/jvm/java-8-oracle/jre/classes:/home/student/intellij/lib/rt/debugger-agent-storage.jar, connection.password=student, sun.management.compiler=HotSpot 64-Bit Tiered Compilers, hibernate.c3p0.max_size=20, java.runtime.version=1.8.0_181-b13, user.name=student, path.separator=:, hibernate.connection.username=root, os.version=4.4.0-137-generic, java.endorsed.dirs=/usr/lib/jvm/java-8-oracle/jre/lib/endorsed, java.runtime.name=Java(TM) SE Runtime Environment, hibernate.connection.url=jdbc:mysql://localhost:3306/WorldOfDarknessTest, file.encoding=UTF-8, java.vm.name=Java HotSpot(TM) 64-Bit Server VM, hibernate.connection.driver_class=com.mysql.jdbc.Driver, java.vendor.url.bug=http://bugreport.sun.com/bugreport/, java.io.tmpdir=/tmp, jboss.modules.system.pkgs=com.intellij.rt, java.version=1.8.0_181, user.dir=/home/student/IdeaProjects/indieproject, os.arch=amd64, connection.username=root, java.vm.specification.name=Java Virtual Machine Specification, hibernate.connection.password=****, java.awt.printerjob=sun.print.PSPrinterJob, sun.os.patch.level=unknown, connection.driver_class=com.mysql.jdbc.Driver, hibernate.boot.CfgXmlAccessService.key=org.hibernate.boot.cfgxml.spi.LoadedConfig@7899de11, java.library.path=/usr/java/packages/lib/amd64:/usr/lib64:/lib64:/lib:/usr/lib, java.vm.info=mixed mode, java.vendor=Oracle Corporation, java.vm.version=25.181-b13, hibernate.bytecode.use_reflection_optimizer=false, java.ext.dirs=/usr/lib/jvm/java-8-oracle/jre/lib/ext:/usr/java/packages/lib/ext, sun.io.unicode.encoding=UnicodeLittle, connection.url=jdbc:mysql://localhost:3306/WorldOfDarknessTest, java.class.version=52.0}
[DEBUG] 2018-10-03 12:04:11.768 [main] TypeSafeActivator - Unable to acquire Bean Validation ValidatorFactory, skipping activation
[DEBUG] 2018-10-03 12:04:11.768 [main] JaccIntegrator - Skipping JACC integration as it was not enabled
[DEBUG] 2018-10-03 12:04:11.771 [main] SessionFactoryImpl - Instantiated session factory
[DEBUG] 2018-10-03 12:04:11.834 [main] ClassLoaderAccessImpl - Not known whether passed class name [sescheraun.WorldOfFutureDarkness.generator.User] is safe
[DEBUG] 2018-10-03 12:04:11.834 [main] ClassLoaderAccessImpl - No temp ClassLoader provided; using live ClassLoader for loading potentially unsafe class : sescheraun.WorldOfFutureDarkness.generator.User
[DEBUG] 2018-10-03 12:04:11.886 [main] ClassLoaderAccessImpl - Not known whether passed class name [sescheraun.WorldOfFutureDarkness.generator.User] is safe
[DEBUG] 2018-10-03 12:04:11.886 [main] ClassLoaderAccessImpl - No temp ClassLoader provided; using live ClassLoader for loading potentially unsafe class : sescheraun.WorldOfFutureDarkness.generator.User
[DEBUG] 2018-10-03 12:04:11.990 [main] AbstractEntityPersister - Static SQL for entity: sescheraun.WorldOfFutureDarkness.generator.User
[DEBUG] 2018-10-03 12:04:11.990 [main] AbstractEntityPersister -  Version select: select id from user where id =?
[DEBUG] 2018-10-03 12:04:11.990 [main] AbstractEntityPersister -  Snapshot select: select user_.id, user_.authenticator as authenti2_0_, user_.EmailAddress as EmailAdd3_0_, user_.firstName as firstNam4_0_, user_.isDeleted as isDelete5_0_, user_.lastName as lastName6_0_, user_.phoneNumber as phoneNum7_0_, user_.userName as userName8_0_ from user user_ where user_.id=?
[DEBUG] 2018-10-03 12:04:11.990 [main] AbstractEntityPersister -  Insert 0: insert into user (authenticator, EmailAddress, firstName, isDeleted, lastName, phoneNumber, userName, id) values (?, ?, ?, ?, ?, ?, ?, ?)
[DEBUG] 2018-10-03 12:04:11.990 [main] AbstractEntityPersister -  Update 0: update user set authenticator=?, EmailAddress=?, firstName=?, isDeleted=?, lastName=?, phoneNumber=?, userName=? where id=?
[DEBUG] 2018-10-03 12:04:11.990 [main] AbstractEntityPersister -  Delete 0: delete from user where id=?
[DEBUG] 2018-10-03 12:04:11.990 [main] AbstractEntityPersister -  Identity insert: insert into user (authenticator, EmailAddress, firstName, isDeleted, lastName, phoneNumber, userName) values (?, ?, ?, ?, ?, ?, ?)
[DEBUG] 2018-10-03 12:04:12.035 [main] QuerySpacesImpl - Adding QuerySpace : uid = <gen:0> -> org.hibernate.loader.plan.build.internal.spaces.EntityQuerySpaceImpl@34b9eb03]
[DEBUG] 2018-10-03 12:04:12.038 [main] MetamodelGraphWalker - Visiting attribute path : authenticator
[DEBUG] 2018-10-03 12:04:12.038 [main] MetamodelGraphWalker - Visiting attribute path : emailAddress
[DEBUG] 2018-10-03 12:04:12.038 [main] MetamodelGraphWalker - Visiting attribute path : firstName
[DEBUG] 2018-10-03 12:04:12.038 [main] MetamodelGraphWalker - Visiting attribute path : isDeleted
[DEBUG] 2018-10-03 12:04:12.038 [main] MetamodelGraphWalker - Visiting attribute path : lastName
[DEBUG] 2018-10-03 12:04:12.038 [main] MetamodelGraphWalker - Visiting attribute path : phoneNumber
[DEBUG] 2018-10-03 12:04:12.038 [main] MetamodelGraphWalker - Visiting attribute path : userName
[DEBUG] 2018-10-03 12:04:12.039 [main] FetchStyleLoadPlanBuildingAssociationVisitationStrategy - Building LoadPlan...
[DEBUG] 2018-10-03 12:04:12.063 [main] LoadQueryJoinAndFetchProcessor - processing queryspace <gen:0>
[DEBUG] 2018-10-03 12:04:12.072 [main] LoadPlanTreePrinter - LoadPlan(entity=sescheraun.WorldOfFutureDarkness.generator.User)
    - Returns
       - EntityReturnImpl(entity=sescheraun.WorldOfFutureDarkness.generator.User, querySpaceUid=<gen:0>, path=sescheraun.WorldOfFutureDarkness.generator.User)
    - QuerySpaces
       - EntityQuerySpaceImpl(uid=<gen:0>, entity=sescheraun.WorldOfFutureDarkness.generator.User)
          - SQL table alias mapping - user0_
          - alias suffix - 0_
          - suffixed key columns - {id1_0_0_}

[DEBUG] 2018-10-03 12:04:12.076 [main] EntityLoader - Static select for entity sescheraun.WorldOfFutureDarkness.generator.User [NONE]: select user0_.id as id1_0_0_, user0_.authenticator as authenti2_0_0_, user0_.EmailAddress as EmailAdd3_0_0_, user0_.firstName as firstNam4_0_0_, user0_.isDeleted as isDelete5_0_0_, user0_.lastName as lastName6_0_0_, user0_.phoneNumber as phoneNum7_0_0_, user0_.userName as userName8_0_0_ from user user0_ where user0_.id=?
[DEBUG] 2018-10-03 12:04:12.076 [main] QuerySpacesImpl - Adding QuerySpace : uid = <gen:0> -> org.hibernate.loader.plan.build.internal.spaces.EntityQuerySpaceImpl@61ecbee9]
[DEBUG] 2018-10-03 12:04:12.076 [main] MetamodelGraphWalker - Visiting attribute path : authenticator
[DEBUG] 2018-10-03 12:04:12.076 [main] MetamodelGraphWalker - Visiting attribute path : emailAddress
[DEBUG] 2018-10-03 12:04:12.076 [main] MetamodelGraphWalker - Visiting attribute path : firstName
[DEBUG] 2018-10-03 12:04:12.076 [main] MetamodelGraphWalker - Visiting attribute path : isDeleted
[DEBUG] 2018-10-03 12:04:12.076 [main] MetamodelGraphWalker - Visiting attribute path : lastName
[DEBUG] 2018-10-03 12:04:12.077 [main] MetamodelGraphWalker - Visiting attribute path : phoneNumber
[DEBUG] 2018-10-03 12:04:12.077 [main] MetamodelGraphWalker - Visiting attribute path : userName
[DEBUG] 2018-10-03 12:04:12.077 [main] FetchStyleLoadPlanBuildingAssociationVisitationStrategy - Building LoadPlan...
[DEBUG] 2018-10-03 12:04:12.077 [main] LoadQueryJoinAndFetchProcessor - processing queryspace <gen:0>
[DEBUG] 2018-10-03 12:04:12.077 [main] LoadPlanTreePrinter - LoadPlan(entity=sescheraun.WorldOfFutureDarkness.generator.User)
    - Returns
       - EntityReturnImpl(entity=sescheraun.WorldOfFutureDarkness.generator.User, querySpaceUid=<gen:0>, path=sescheraun.WorldOfFutureDarkness.generator.User)
    - QuerySpaces
       - EntityQuerySpaceImpl(uid=<gen:0>, entity=sescheraun.WorldOfFutureDarkness.generator.User)
          - SQL table alias mapping - user0_
          - alias suffix - 0_
          - suffixed key columns - {id1_0_0_}

[DEBUG] 2018-10-03 12:04:12.077 [main] EntityLoader - Static select for entity sescheraun.WorldOfFutureDarkness.generator.User [READ]: select user0_.id as id1_0_0_, user0_.authenticator as authenti2_0_0_, user0_.EmailAddress as EmailAdd3_0_0_, user0_.firstName as firstNam4_0_0_, user0_.isDeleted as isDelete5_0_0_, user0_.lastName as lastName6_0_0_, user0_.phoneNumber as phoneNum7_0_0_, user0_.userName as userName8_0_0_ from user user0_ where user0_.id=?
[DEBUG] 2018-10-03 12:04:12.077 [main] QuerySpacesImpl - Adding QuerySpace : uid = <gen:0> -> org.hibernate.loader.plan.build.internal.spaces.EntityQuerySpaceImpl@2538bc06]
[DEBUG] 2018-10-03 12:04:12.077 [main] MetamodelGraphWalker - Visiting attribute path : authenticator
[DEBUG] 2018-10-03 12:04:12.077 [main] MetamodelGraphWalker - Visiting attribute path : emailAddress
[DEBUG] 2018-10-03 12:04:12.077 [main] MetamodelGraphWalker - Visiting attribute path : firstName
[DEBUG] 2018-10-03 12:04:12.077 [main] MetamodelGraphWalker - Visiting attribute path : isDeleted
[DEBUG] 2018-10-03 12:04:12.077 [main] MetamodelGraphWalker - Visiting attribute path : lastName
[DEBUG] 2018-10-03 12:04:12.077 [main] MetamodelGraphWalker - Visiting attribute path : phoneNumber
[DEBUG] 2018-10-03 12:04:12.077 [main] MetamodelGraphWalker - Visiting attribute path : userName
[DEBUG] 2018-10-03 12:04:12.077 [main] FetchStyleLoadPlanBuildingAssociationVisitationStrategy - Building LoadPlan...
[DEBUG] 2018-10-03 12:04:12.078 [main] LoadQueryJoinAndFetchProcessor - processing queryspace <gen:0>
[DEBUG] 2018-10-03 12:04:12.078 [main] LoadPlanTreePrinter - LoadPlan(entity=sescheraun.WorldOfFutureDarkness.generator.User)
    - Returns
       - EntityReturnImpl(entity=sescheraun.WorldOfFutureDarkness.generator.User, querySpaceUid=<gen:0>, path=sescheraun.WorldOfFutureDarkness.generator.User)
    - QuerySpaces
       - EntityQuerySpaceImpl(uid=<gen:0>, entity=sescheraun.WorldOfFutureDarkness.generator.User)
          - SQL table alias mapping - user0_
          - alias suffix - 0_
          - suffixed key columns - {id1_0_0_}

[DEBUG] 2018-10-03 12:04:12.078 [main] EntityLoader - Static select for entity sescheraun.WorldOfFutureDarkness.generator.User [UPGRADE]: select user0_.id as id1_0_0_, user0_.authenticator as authenti2_0_0_, user0_.EmailAddress as EmailAdd3_0_0_, user0_.firstName as firstNam4_0_0_, user0_.isDeleted as isDelete5_0_0_, user0_.lastName as lastName6_0_0_, user0_.phoneNumber as phoneNum7_0_0_, user0_.userName as userName8_0_0_ from user user0_ where user0_.id=? for update
[DEBUG] 2018-10-03 12:04:12.078 [main] QuerySpacesImpl - Adding QuerySpace : uid = <gen:0> -> org.hibernate.loader.plan.build.internal.spaces.EntityQuerySpaceImpl@656922a0]
[DEBUG] 2018-10-03 12:04:12.078 [main] MetamodelGraphWalker - Visiting attribute path : authenticator
[DEBUG] 2018-10-03 12:04:12.078 [main] MetamodelGraphWalker - Visiting attribute path : emailAddress
[DEBUG] 2018-10-03 12:04:12.079 [main] MetamodelGraphWalker - Visiting attribute path : firstName
[DEBUG] 2018-10-03 12:04:12.079 [main] MetamodelGraphWalker - Visiting attribute path : isDeleted
[DEBUG] 2018-10-03 12:04:12.079 [main] MetamodelGraphWalker - Visiting attribute path : lastName
[DEBUG] 2018-10-03 12:04:12.079 [main] MetamodelGraphWalker - Visiting attribute path : phoneNumber
[DEBUG] 2018-10-03 12:04:12.079 [main] MetamodelGraphWalker - Visiting attribute path : userName
[DEBUG] 2018-10-03 12:04:12.079 [main] FetchStyleLoadPlanBuildingAssociationVisitationStrategy - Building LoadPlan...
[DEBUG] 2018-10-03 12:04:12.080 [main] LoadQueryJoinAndFetchProcessor - processing queryspace <gen:0>
[DEBUG] 2018-10-03 12:04:12.080 [main] LoadPlanTreePrinter - LoadPlan(entity=sescheraun.WorldOfFutureDarkness.generator.User)
    - Returns
       - EntityReturnImpl(entity=sescheraun.WorldOfFutureDarkness.generator.User, querySpaceUid=<gen:0>, path=sescheraun.WorldOfFutureDarkness.generator.User)
    - QuerySpaces
       - EntityQuerySpaceImpl(uid=<gen:0>, entity=sescheraun.WorldOfFutureDarkness.generator.User)
          - SQL table alias mapping - user0_
          - alias suffix - 0_
          - suffixed key columns - {id1_0_0_}

[DEBUG] 2018-10-03 12:04:12.080 [main] EntityLoader - Static select for entity sescheraun.WorldOfFutureDarkness.generator.User [UPGRADE_NOWAIT]: select user0_.id as id1_0_0_, user0_.authenticator as authenti2_0_0_, user0_.EmailAddress as EmailAdd3_0_0_, user0_.firstName as firstNam4_0_0_, user0_.isDeleted as isDelete5_0_0_, user0_.lastName as lastName6_0_0_, user0_.phoneNumber as phoneNum7_0_0_, user0_.userName as userName8_0_0_ from user user0_ where user0_.id=? for update
[DEBUG] 2018-10-03 12:04:12.080 [main] QuerySpacesImpl - Adding QuerySpace : uid = <gen:0> -> org.hibernate.loader.plan.build.internal.spaces.EntityQuerySpaceImpl@2440022a]
[DEBUG] 2018-10-03 12:04:12.080 [main] MetamodelGraphWalker - Visiting attribute path : authenticator
[DEBUG] 2018-10-03 12:04:12.080 [main] MetamodelGraphWalker - Visiting attribute path : emailAddress
[DEBUG] 2018-10-03 12:04:12.080 [main] MetamodelGraphWalker - Visiting attribute path : firstName
[DEBUG] 2018-10-03 12:04:12.080 [main] MetamodelGraphWalker - Visiting attribute path : isDeleted
[DEBUG] 2018-10-03 12:04:12.080 [main] MetamodelGraphWalker - Visiting attribute path : lastName
[DEBUG] 2018-10-03 12:04:12.080 [main] MetamodelGraphWalker - Visiting attribute path : phoneNumber
[DEBUG] 2018-10-03 12:04:12.080 [main] MetamodelGraphWalker - Visiting attribute path : userName
[DEBUG] 2018-10-03 12:04:12.080 [main] FetchStyleLoadPlanBuildingAssociationVisitationStrategy - Building LoadPlan...
[DEBUG] 2018-10-03 12:04:12.080 [main] LoadQueryJoinAndFetchProcessor - processing queryspace <gen:0>
[DEBUG] 2018-10-03 12:04:12.081 [main] LoadPlanTreePrinter - LoadPlan(entity=sescheraun.WorldOfFutureDarkness.generator.User)
    - Returns
       - EntityReturnImpl(entity=sescheraun.WorldOfFutureDarkness.generator.User, querySpaceUid=<gen:0>, path=sescheraun.WorldOfFutureDarkness.generator.User)
    - QuerySpaces
       - EntityQuerySpaceImpl(uid=<gen:0>, entity=sescheraun.WorldOfFutureDarkness.generator.User)
          - SQL table alias mapping - user0_
          - alias suffix - 0_
          - suffixed key columns - {id1_0_0_}

[DEBUG] 2018-10-03 12:04:12.081 [main] EntityLoader - Static select for entity sescheraun.WorldOfFutureDarkness.generator.User [UPGRADE_SKIPLOCKED]: select user0_.id as id1_0_0_, user0_.authenticator as authenti2_0_0_, user0_.EmailAddress as EmailAdd3_0_0_, user0_.firstName as firstNam4_0_0_, user0_.isDeleted as isDelete5_0_0_, user0_.lastName as lastName6_0_0_, user0_.phoneNumber as phoneNum7_0_0_, user0_.userName as userName8_0_0_ from user user0_ where user0_.id=? for update
[DEBUG] 2018-10-03 12:04:12.081 [main] QuerySpacesImpl - Adding QuerySpace : uid = <gen:0> -> org.hibernate.loader.plan.build.internal.spaces.EntityQuerySpaceImpl@5f2de715]
[DEBUG] 2018-10-03 12:04:12.081 [main] MetamodelGraphWalker - Visiting attribute path : authenticator
[DEBUG] 2018-10-03 12:04:12.081 [main] MetamodelGraphWalker - Visiting attribute path : emailAddress
[DEBUG] 2018-10-03 12:04:12.081 [main] MetamodelGraphWalker - Visiting attribute path : firstName
[DEBUG] 2018-10-03 12:04:12.081 [main] MetamodelGraphWalker - Visiting attribute path : isDeleted
[DEBUG] 2018-10-03 12:04:12.081 [main] MetamodelGraphWalker - Visiting attribute path : lastName
[DEBUG] 2018-10-03 12:04:12.081 [main] MetamodelGraphWalker - Visiting attribute path : phoneNumber
[DEBUG] 2018-10-03 12:04:12.081 [main] MetamodelGraphWalker - Visiting attribute path : userName
[DEBUG] 2018-10-03 12:04:12.081 [main] FetchStyleLoadPlanBuildingAssociationVisitationStrategy - Building LoadPlan...
[DEBUG] 2018-10-03 12:04:12.081 [main] LoadQueryJoinAndFetchProcessor - processing queryspace <gen:0>
[DEBUG] 2018-10-03 12:04:12.081 [main] LoadPlanTreePrinter - LoadPlan(entity=sescheraun.WorldOfFutureDarkness.generator.User)
    - Returns
       - EntityReturnImpl(entity=sescheraun.WorldOfFutureDarkness.generator.User, querySpaceUid=<gen:0>, path=sescheraun.WorldOfFutureDarkness.generator.User)
    - QuerySpaces
       - EntityQuerySpaceImpl(uid=<gen:0>, entity=sescheraun.WorldOfFutureDarkness.generator.User)
          - SQL table alias mapping - user0_
          - alias suffix - 0_
          - suffixed key columns - {id1_0_0_}

[DEBUG] 2018-10-03 12:04:12.081 [main] EntityLoader - Static select for entity sescheraun.WorldOfFutureDarkness.generator.User [FORCE]: select user0_.id as id1_0_0_, user0_.authenticator as authenti2_0_0_, user0_.EmailAddress as EmailAdd3_0_0_, user0_.firstName as firstNam4_0_0_, user0_.isDeleted as isDelete5_0_0_, user0_.lastName as lastName6_0_0_, user0_.phoneNumber as phoneNum7_0_0_, user0_.userName as userName8_0_0_ from user user0_ where user0_.id=? for update
[DEBUG] 2018-10-03 12:04:12.081 [main] QuerySpacesImpl - Adding QuerySpace : uid = <gen:0> -> org.hibernate.loader.plan.build.internal.spaces.EntityQuerySpaceImpl@7d57dbb5]
[DEBUG] 2018-10-03 12:04:12.081 [main] MetamodelGraphWalker - Visiting attribute path : authenticator
[DEBUG] 2018-10-03 12:04:12.082 [main] MetamodelGraphWalker - Visiting attribute path : emailAddress
[DEBUG] 2018-10-03 12:04:12.082 [main] MetamodelGraphWalker - Visiting attribute path : firstName
[DEBUG] 2018-10-03 12:04:12.082 [main] MetamodelGraphWalker - Visiting attribute path : isDeleted
[DEBUG] 2018-10-03 12:04:12.082 [main] MetamodelGraphWalker - Visiting attribute path : lastName
[DEBUG] 2018-10-03 12:04:12.082 [main] MetamodelGraphWalker - Visiting attribute path : phoneNumber
[DEBUG] 2018-10-03 12:04:12.082 [main] MetamodelGraphWalker - Visiting attribute path : userName
[DEBUG] 2018-10-03 12:04:12.082 [main] FetchStyleLoadPlanBuildingAssociationVisitationStrategy - Building LoadPlan...
[DEBUG] 2018-10-03 12:04:12.082 [main] LoadQueryJoinAndFetchProcessor - processing queryspace <gen:0>
[DEBUG] 2018-10-03 12:04:12.082 [main] LoadPlanTreePrinter - LoadPlan(entity=sescheraun.WorldOfFutureDarkness.generator.User)
    - Returns
       - EntityReturnImpl(entity=sescheraun.WorldOfFutureDarkness.generator.User, querySpaceUid=<gen:0>, path=sescheraun.WorldOfFutureDarkness.generator.User)
    - QuerySpaces
       - EntityQuerySpaceImpl(uid=<gen:0>, entity=sescheraun.WorldOfFutureDarkness.generator.User)
          - SQL table alias mapping - user0_
          - alias suffix - 0_
          - suffixed key columns - {id1_0_0_}

[DEBUG] 2018-10-03 12:04:12.082 [main] EntityLoader - Static select for entity sescheraun.WorldOfFutureDarkness.generator.User [PESSIMISTIC_READ]: select user0_.id as id1_0_0_, user0_.authenticator as authenti2_0_0_, user0_.EmailAddress as EmailAdd3_0_0_, user0_.firstName as firstNam4_0_0_, user0_.isDeleted as isDelete5_0_0_, user0_.lastName as lastName6_0_0_, user0_.phoneNumber as phoneNum7_0_0_, user0_.userName as userName8_0_0_ from user user0_ where user0_.id=? lock in share mode
[DEBUG] 2018-10-03 12:04:12.082 [main] QuerySpacesImpl - Adding QuerySpace : uid = <gen:0> -> org.hibernate.loader.plan.build.internal.spaces.EntityQuerySpaceImpl@532e27ab]
[DEBUG] 2018-10-03 12:04:12.082 [main] MetamodelGraphWalker - Visiting attribute path : authenticator
[DEBUG] 2018-10-03 12:04:12.082 [main] MetamodelGraphWalker - Visiting attribute path : emailAddress
[DEBUG] 2018-10-03 12:04:12.082 [main] MetamodelGraphWalker - Visiting attribute path : firstName
[DEBUG] 2018-10-03 12:04:12.082 [main] MetamodelGraphWalker - Visiting attribute path : isDeleted
[DEBUG] 2018-10-03 12:04:12.082 [main] MetamodelGraphWalker - Visiting attribute path : lastName
[DEBUG] 2018-10-03 12:04:12.082 [main] MetamodelGraphWalker - Visiting attribute path : phoneNumber
[DEBUG] 2018-10-03 12:04:12.082 [main] MetamodelGraphWalker - Visiting attribute path : userName
[DEBUG] 2018-10-03 12:04:12.082 [main] FetchStyleLoadPlanBuildingAssociationVisitationStrategy - Building LoadPlan...
[DEBUG] 2018-10-03 12:04:12.083 [main] LoadQueryJoinAndFetchProcessor - processing queryspace <gen:0>
[DEBUG] 2018-10-03 12:04:12.083 [main] LoadPlanTreePrinter - LoadPlan(entity=sescheraun.WorldOfFutureDarkness.generator.User)
    - Returns
       - EntityReturnImpl(entity=sescheraun.WorldOfFutureDarkness.generator.User, querySpaceUid=<gen:0>, path=sescheraun.WorldOfFutureDarkness.generator.User)
    - QuerySpaces
       - EntityQuerySpaceImpl(uid=<gen:0>, entity=sescheraun.WorldOfFutureDarkness.generator.User)
          - SQL table alias mapping - user0_
          - alias suffix - 0_
          - suffixed key columns - {id1_0_0_}

[DEBUG] 2018-10-03 12:04:12.083 [main] EntityLoader - Static select for entity sescheraun.WorldOfFutureDarkness.generator.User [PESSIMISTIC_WRITE]: select user0_.id as id1_0_0_, user0_.authenticator as authenti2_0_0_, user0_.EmailAddress as EmailAdd3_0_0_, user0_.firstName as firstNam4_0_0_, user0_.isDeleted as isDelete5_0_0_, user0_.lastName as lastName6_0_0_, user0_.phoneNumber as phoneNum7_0_0_, user0_.userName as userName8_0_0_ from user user0_ where user0_.id=? for update
[DEBUG] 2018-10-03 12:04:12.083 [main] QuerySpacesImpl - Adding QuerySpace : uid = <gen:0> -> org.hibernate.loader.plan.build.internal.spaces.EntityQuerySpaceImpl@5f95f1e1]
[DEBUG] 2018-10-03 12:04:12.083 [main] MetamodelGraphWalker - Visiting attribute path : authenticator
[DEBUG] 2018-10-03 12:04:12.083 [main] MetamodelGraphWalker - Visiting attribute path : emailAddress
[DEBUG] 2018-10-03 12:04:12.083 [main] MetamodelGraphWalker - Visiting attribute path : firstName
[DEBUG] 2018-10-03 12:04:12.083 [main] MetamodelGraphWalker - Visiting attribute path : isDeleted
[DEBUG] 2018-10-03 12:04:12.083 [main] MetamodelGraphWalker - Visiting attribute path : lastName
[DEBUG] 2018-10-03 12:04:12.083 [main] MetamodelGraphWalker - Visiting attribute path : phoneNumber
[DEBUG] 2018-10-03 12:04:12.083 [main] MetamodelGraphWalker - Visiting attribute path : userName
[DEBUG] 2018-10-03 12:04:12.083 [main] FetchStyleLoadPlanBuildingAssociationVisitationStrategy - Building LoadPlan...
[DEBUG] 2018-10-03 12:04:12.083 [main] LoadQueryJoinAndFetchProcessor - processing queryspace <gen:0>
[DEBUG] 2018-10-03 12:04:12.083 [main] LoadPlanTreePrinter - LoadPlan(entity=sescheraun.WorldOfFutureDarkness.generator.User)
    - Returns
       - EntityReturnImpl(entity=sescheraun.WorldOfFutureDarkness.generator.User, querySpaceUid=<gen:0>, path=sescheraun.WorldOfFutureDarkness.generator.User)
    - QuerySpaces
       - EntityQuerySpaceImpl(uid=<gen:0>, entity=sescheraun.WorldOfFutureDarkness.generator.User)
          - SQL table alias mapping - user0_
          - alias suffix - 0_
          - suffixed key columns - {id1_0_0_}

[DEBUG] 2018-10-03 12:04:12.083 [main] EntityLoader - Static select for entity sescheraun.WorldOfFutureDarkness.generator.User [PESSIMISTIC_FORCE_INCREMENT]: select user0_.id as id1_0_0_, user0_.authenticator as authenti2_0_0_, user0_.EmailAddress as EmailAdd3_0_0_, user0_.firstName as firstNam4_0_0_, user0_.isDeleted as isDelete5_0_0_, user0_.lastName as lastName6_0_0_, user0_.phoneNumber as phoneNum7_0_0_, user0_.userName as userName8_0_0_ from user user0_ where user0_.id=? for update
[DEBUG] 2018-10-03 12:04:12.084 [main] QuerySpacesImpl - Adding QuerySpace : uid = <gen:0> -> org.hibernate.loader.plan.build.internal.spaces.EntityQuerySpaceImpl@459b6c53]
[DEBUG] 2018-10-03 12:04:12.084 [main] MetamodelGraphWalker - Visiting attribute path : authenticator
[DEBUG] 2018-10-03 12:04:12.084 [main] MetamodelGraphWalker - Visiting attribute path : emailAddress
[DEBUG] 2018-10-03 12:04:12.084 [main] MetamodelGraphWalker - Visiting attribute path : firstName
[DEBUG] 2018-10-03 12:04:12.084 [main] MetamodelGraphWalker - Visiting attribute path : isDeleted
[DEBUG] 2018-10-03 12:04:12.084 [main] MetamodelGraphWalker - Visiting attribute path : lastName
[DEBUG] 2018-10-03 12:04:12.084 [main] MetamodelGraphWalker - Visiting attribute path : phoneNumber
[DEBUG] 2018-10-03 12:04:12.084 [main] MetamodelGraphWalker - Visiting attribute path : userName
[DEBUG] 2018-10-03 12:04:12.084 [main] FetchStyleLoadPlanBuildingAssociationVisitationStrategy - Building LoadPlan...
[DEBUG] 2018-10-03 12:04:12.084 [main] LoadQueryJoinAndFetchProcessor - processing queryspace <gen:0>
[DEBUG] 2018-10-03 12:04:12.084 [main] LoadPlanTreePrinter - LoadPlan(entity=sescheraun.WorldOfFutureDarkness.generator.User)
    - Returns
       - EntityReturnImpl(entity=sescheraun.WorldOfFutureDarkness.generator.User, querySpaceUid=<gen:0>, path=sescheraun.WorldOfFutureDarkness.generator.User)
    - QuerySpaces
       - EntityQuerySpaceImpl(uid=<gen:0>, entity=sescheraun.WorldOfFutureDarkness.generator.User)
          - SQL table alias mapping - user0_
          - alias suffix - 0_
          - suffixed key columns - {id1_0_0_}

[DEBUG] 2018-10-03 12:04:12.084 [main] EntityLoader - Static select for entity sescheraun.WorldOfFutureDarkness.generator.User [OPTIMISTIC]: select user0_.id as id1_0_0_, user0_.authenticator as authenti2_0_0_, user0_.EmailAddress as EmailAdd3_0_0_, user0_.firstName as firstNam4_0_0_, user0_.isDeleted as isDelete5_0_0_, user0_.lastName as lastName6_0_0_, user0_.phoneNumber as phoneNum7_0_0_, user0_.userName as userName8_0_0_ from user user0_ where user0_.id=?
[DEBUG] 2018-10-03 12:04:12.084 [main] QuerySpacesImpl - Adding QuerySpace : uid = <gen:0> -> org.hibernate.loader.plan.build.internal.spaces.EntityQuerySpaceImpl@490c7a83]
[DEBUG] 2018-10-03 12:04:12.084 [main] MetamodelGraphWalker - Visiting attribute path : authenticator
[DEBUG] 2018-10-03 12:04:12.084 [main] MetamodelGraphWalker - Visiting attribute path : emailAddress
[DEBUG] 2018-10-03 12:04:12.084 [main] MetamodelGraphWalker - Visiting attribute path : firstName
[DEBUG] 2018-10-03 12:04:12.084 [main] MetamodelGraphWalker - Visiting attribute path : isDeleted
[DEBUG] 2018-10-03 12:04:12.084 [main] MetamodelGraphWalker - Visiting attribute path : lastName
[DEBUG] 2018-10-03 12:04:12.084 [main] MetamodelGraphWalker - Visiting attribute path : phoneNumber
[DEBUG] 2018-10-03 12:04:12.084 [main] MetamodelGraphWalker - Visiting attribute path : userName
[DEBUG] 2018-10-03 12:04:12.084 [main] FetchStyleLoadPlanBuildingAssociationVisitationStrategy - Building LoadPlan...
[DEBUG] 2018-10-03 12:04:12.085 [main] LoadQueryJoinAndFetchProcessor - processing queryspace <gen:0>
[DEBUG] 2018-10-03 12:04:12.085 [main] LoadPlanTreePrinter - LoadPlan(entity=sescheraun.WorldOfFutureDarkness.generator.User)
    - Returns
       - EntityReturnImpl(entity=sescheraun.WorldOfFutureDarkness.generator.User, querySpaceUid=<gen:0>, path=sescheraun.WorldOfFutureDarkness.generator.User)
    - QuerySpaces
       - EntityQuerySpaceImpl(uid=<gen:0>, entity=sescheraun.WorldOfFutureDarkness.generator.User)
          - SQL table alias mapping - user0_
          - alias suffix - 0_
          - suffixed key columns - {id1_0_0_}

[DEBUG] 2018-10-03 12:04:12.085 [main] EntityLoader - Static select for entity sescheraun.WorldOfFutureDarkness.generator.User [OPTIMISTIC_FORCE_INCREMENT]: select user0_.id as id1_0_0_, user0_.authenticator as authenti2_0_0_, user0_.EmailAddress as EmailAdd3_0_0_, user0_.firstName as firstNam4_0_0_, user0_.isDeleted as isDelete5_0_0_, user0_.lastName as lastName6_0_0_, user0_.phoneNumber as phoneNum7_0_0_, user0_.userName as userName8_0_0_ from user user0_ where user0_.id=?
[DEBUG] 2018-10-03 12:04:12.115 [main] Loader - Static select for action ACTION_MERGE on entity sescheraun.WorldOfFutureDarkness.generator.User: select user0_.id as id1_0_0_, user0_.authenticator as authenti2_0_0_, user0_.EmailAddress as EmailAdd3_0_0_, user0_.firstName as firstNam4_0_0_, user0_.isDeleted as isDelete5_0_0_, user0_.lastName as lastName6_0_0_, user0_.phoneNumber as phoneNum7_0_0_, user0_.userName as userName8_0_0_ from user user0_ where user0_.id=?
[DEBUG] 2018-10-03 12:04:12.115 [main] Loader - Static select for action ACTION_REFRESH on entity sescheraun.WorldOfFutureDarkness.generator.User: select user0_.id as id1_0_0_, user0_.authenticator as authenti2_0_0_, user0_.EmailAddress as EmailAdd3_0_0_, user0_.firstName as firstNam4_0_0_, user0_.isDeleted as isDelete5_0_0_, user0_.lastName as lastName6_0_0_, user0_.phoneNumber as phoneNum7_0_0_, user0_.userName as userName8_0_0_ from user user0_ where user0_.id=?
[DEBUG] 2018-10-03 12:04:12.164 [main] SchemaManagementToolCoordinator - No actions specified; doing nothing
[DEBUG] 2018-10-03 12:04:12.164 [main] JtaPlatformInitiator - No JtaPlatform was specified, checking resolver
[DEBUG] 2018-10-03 12:04:12.165 [main] JtaPlatformResolverInitiator - No JtaPlatformResolver was specified, using default [org.hibernate.engine.transaction.jta.platform.internal.StandardJtaPlatformResolver]
[DEBUG] 2018-10-03 12:04:12.171 [main] StandardJtaPlatformResolver - Could not resolve JtaPlatform, using default [org.hibernate.engine.transaction.jta.platform.internal.NoJtaPlatform]
[DEBUG] 2018-10-03 12:04:12.172 [main] NamedQueryRepository - Checking 0 named HQL queries
[DEBUG] 2018-10-03 12:04:12.172 [main] NamedQueryRepository - Checking 0 named SQL queries
[DEBUG] 2018-10-03 12:04:12.176 [main] SessionFactoryRegistry - Initializing SessionFactoryRegistry : org.hibernate.internal.SessionFactoryRegistry@7301eebe
[DEBUG] 2018-10-03 12:04:12.178 [main] SessionFactoryRegistry - Registering SessionFactory: 15c2dd4d-d499-4aaf-a908-f25c2cb42a38 (<unnamed>)
[DEBUG] 2018-10-03 12:04:12.178 [main] SessionFactoryRegistry - Not binding SessionFactory to JNDI, no JNDI name configured
[DEBUG] 2018-10-03 12:04:16.455 [main] StatisticsInitiator - Statistics initialized [enabled=false]
[DEBUG] 2018-10-03 12:04:16.559 [main] SQL - select user0_.id as id1_0_0_, user0_.authenticator as authenti2_0_0_, user0_.EmailAddress as EmailAdd3_0_0_, user0_.firstName as firstNam4_0_0_, user0_.isDeleted as isDelete5_0_0_, user0_.lastName as lastName6_0_0_, user0_.phoneNumber as phoneNum7_0_0_, user0_.userName as userName8_0_0_ from user user0_ where user0_.id=?
[DEBUG] 2018-10-03 12:04:16.620 [main] ResultSetProcessorImpl - Starting ResultSet row #0
[DEBUG] 2018-10-03 12:04:16.623 [main] EntityReferenceInitializerImpl - On call to EntityIdentifierReaderImpl#resolve, EntityKey was already known; should only happen on root returns with an optional identifier specified
[DEBUG] 2018-10-03 12:04:16.686 [main] TwoPhaseLoad - Resolving associations for [sescheraun.WorldOfFutureDarkness.generator.User#1]
[DEBUG] 2018-10-03 12:04:16.697 [main] TwoPhaseLoad - Done materializing entity [sescheraun.WorldOfFutureDarkness.generator.User#1]
[DEBUG] 2018-10-03 12:04:16.698 [main] ResourceRegistryStandardImpl - HHH000387: ResultSet's statement was not registered
[DEBUG] 2018-10-03 12:04:16.698 [main] AbstractLoadPlanBasedEntityLoader - Done entity load : sescheraun.WorldOfFutureDarkness.generator.User#1
[DEBUG] 2018-10-03 12:04:16.699 [main] LogicalConnectionManagedImpl - Initiating JDBC connection release from afterTransaction
[DEBUG] 2018-10-03 12:04:23.990 [main] CriteriaQueryImpl - Rendered criteria query -> select generatedAlias0 from User as generatedAlias0 where generatedAlias0.isDeleted = false
[DEBUG] 2018-10-03 12:04:24.060 [main] QueryTranslatorFactoryInitiator - QueryTranslatorFactory : org.hibernate.hql.internal.ast.ASTQueryTranslatorFactory@45658133
[INFO ] 2018-10-03 12:04:24.061 [main] QueryTranslatorFactoryInitiator - HHH000397: Using ASTQueryTranslatorFactory
[DEBUG] 2018-10-03 12:04:24.204 [main] QueryTranslatorImpl - parse() - HQL: select generatedAlias0 from sescheraun.WorldOfFutureDarkness.generator.User as generatedAlias0 where generatedAlias0.isDeleted = false
[DEBUG] 2018-10-03 12:04:24.240 [main] ErrorCounter - throwQueryException() : no errors
[DEBUG] 2018-10-03 12:04:24.258 [main] QueryTranslatorImpl - --- HQL AST ---
 \-[QUERY] Node: 'query'
    +-[SELECT_FROM] Node: 'SELECT_FROM'
    |  +-[FROM] Node: 'from'
    |  |  \-[RANGE] Node: 'RANGE'
    |  |     +-[DOT] Node: '.'
    |  |     |  +-[DOT] Node: '.'
    |  |     |  |  +-[DOT] Node: '.'
    |  |     |  |  |  +-[IDENT] Node: 'sescheraun'
    |  |     |  |  |  \-[IDENT] Node: 'WorldOfFutureDarkness'
    |  |     |  |  \-[IDENT] Node: 'generator'
    |  |     |  \-[IDENT] Node: 'User'
    |  |     \-[ALIAS] Node: 'generatedAlias0'
    |  \-[SELECT] Node: 'select'
    |     \-[IDENT] Node: 'generatedAlias0'
    \-[WHERE] Node: 'where'
       \-[EQ] Node: '='
          +-[DOT] Node: '.'
          |  +-[IDENT] Node: 'generatedAlias0'
          |  \-[IDENT] Node: 'isDeleted'
          \-[FALSE] Node: 'false'

[DEBUG] 2018-10-03 12:04:24.420 [main] HqlSqlBaseWalker - select << begin [level=1, statement=select]
[DEBUG] 2018-10-03 12:04:24.494 [main] FromElement - FromClause{level=1} : sescheraun.WorldOfFutureDarkness.generator.User (generatedAlias0) -> user0_
[DEBUG] 2018-10-03 12:04:24.498 [main] FromReferenceNode - Resolved : generatedAlias0 -> user0_.id
[DEBUG] 2018-10-03 12:04:24.511 [main] FromReferenceNode - Resolved : generatedAlias0 -> user0_.id
[DEBUG] 2018-10-03 12:04:24.516 [main] DotNode - getDataType() : isDeleted -> org.hibernate.type.BooleanType@5a62b2a4
[DEBUG] 2018-10-03 12:04:24.519 [main] FromReferenceNode - Resolved : generatedAlias0.isDeleted -> user0_.isDeleted
[DEBUG] 2018-10-03 12:04:24.527 [main] HqlSqlBaseWalker - select : finishing up [level=1, statement=select]
[DEBUG] 2018-10-03 12:04:24.528 [main] HqlSqlWalker - processQuery() :  ( SELECT ( {select clause} user0_.id ) ( FromClause{level=1} user user0_ ) ( where ( = ( user0_.isDeleted user0_.id isDeleted ) false ) ) )
[DEBUG] 2018-10-03 12:04:24.571 [main] JoinProcessor - Using FROM fragment [user user0_]
[DEBUG] 2018-10-03 12:04:24.571 [main] HqlSqlBaseWalker - select >> end [level=1, statement=select]
[DEBUG] 2018-10-03 12:04:24.574 [main] QueryTranslatorImpl - --- SQL AST ---
 \-[SELECT] QueryNode: 'SELECT'  querySpaces (user)
    +-[SELECT_CLAUSE] SelectClause: '{select clause}'
    |  +-[ALIAS_REF] IdentNode: 'user0_.id as id1_0_' {alias=generatedAlias0, className=sescheraun.WorldOfFutureDarkness.generator.User, tableAlias=user0_}
    |  \-[SQL_TOKEN] SqlFragment: 'user0_.authenticator as authenti2_0_, user0_.EmailAddress as EmailAdd3_0_, user0_.firstName as firstNam4_0_, user0_.isDeleted as isDelete5_0_, user0_.lastName as lastName6_0_, user0_.phoneNumber as phoneNum7_0_, user0_.userName as userName8_0_'
    +-[FROM] FromClause: 'from' FromClause{level=1, fromElementCounter=1, fromElements=1, fromElementByClassAlias=[generatedAlias0], fromElementByTableAlias=[user0_], fromElementsByPath=[], collectionJoinFromElementsByPath=[], impliedElements=[]}
    |  \-[FROM_FRAGMENT] FromElement: 'user user0_' FromElement{explicit,not a collection join,not a fetch join,fetch non-lazy properties,classAlias=generatedAlias0,role=null,tableName=user,tableAlias=user0_,origin=null,columns={,className=sescheraun.WorldOfFutureDarkness.generator.User}}
    \-[WHERE] SqlNode: 'where'
       \-[EQ] BinaryLogicOperatorNode: '='
          +-[DOT] DotNode: 'user0_.isDeleted' {propertyName=isDeleted,dereferenceType=PRIMITIVE,getPropertyPath=isDeleted,path=generatedAlias0.isDeleted,tableAlias=user0_,className=sescheraun.WorldOfFutureDarkness.generator.User,classAlias=generatedAlias0}
          |  +-[ALIAS_REF] IdentNode: 'user0_.id' {alias=generatedAlias0, className=sescheraun.WorldOfFutureDarkness.generator.User, tableAlias=user0_}
          |  \-[IDENT] IdentNode: 'isDeleted' {originalText=isDeleted}
          \-[FALSE] BooleanLiteralNode: 'false'

[DEBUG] 2018-10-03 12:04:24.576 [main] ErrorCounter - throwQueryException() : no errors
[DEBUG] 2018-10-03 12:04:24.599 [main] QueryTranslatorImpl - HQL: select generatedAlias0 from sescheraun.WorldOfFutureDarkness.generator.User as generatedAlias0 where generatedAlias0.isDeleted = false
[DEBUG] 2018-10-03 12:04:24.599 [main] QueryTranslatorImpl - SQL: select user0_.id as id1_0_, user0_.authenticator as authenti2_0_, user0_.EmailAddress as EmailAdd3_0_, user0_.firstName as firstNam4_0_, user0_.isDeleted as isDelete5_0_, user0_.lastName as lastName6_0_, user0_.phoneNumber as phoneNum7_0_, user0_.userName as userName8_0_ from user user0_ where user0_.isDeleted=0
[DEBUG] 2018-10-03 12:04:24.599 [main] ErrorCounter - throwQueryException() : no errors
[DEBUG] 2018-10-03 12:04:24.650 [main] SQL - select user0_.id as id1_0_, user0_.authenticator as authenti2_0_, user0_.EmailAddress as EmailAdd3_0_, user0_.firstName as firstNam4_0_, user0_.isDeleted as isDelete5_0_, user0_.lastName as lastName6_0_, user0_.phoneNumber as phoneNum7_0_, user0_.userName as userName8_0_ from user user0_ where user0_.isDeleted=0
[DEBUG] 2018-10-03 12:04:24.656 [main] Loader - Result set row: 0
[DEBUG] 2018-10-03 12:04:24.662 [main] Loader - Result row: EntityKey[sescheraun.WorldOfFutureDarkness.generator.User#1]
[DEBUG] 2018-10-03 12:04:24.663 [main] Loader - Result set row: 1
[DEBUG] 2018-10-03 12:04:24.663 [main] Loader - Result row: EntityKey[sescheraun.WorldOfFutureDarkness.generator.User#2]
[DEBUG] 2018-10-03 12:04:24.664 [main] Loader - Result set row: 2
[DEBUG] 2018-10-03 12:04:24.665 [main] Loader - Result row: EntityKey[sescheraun.WorldOfFutureDarkness.generator.User#3]
[DEBUG] 2018-10-03 12:04:24.665 [main] Loader - Result set row: 3
[DEBUG] 2018-10-03 12:04:24.666 [main] Loader - Result row: EntityKey[sescheraun.WorldOfFutureDarkness.generator.User#4]
[DEBUG] 2018-10-03 12:04:24.666 [main] Loader - Result set row: 4
[DEBUG] 2018-10-03 12:04:24.667 [main] Loader - Result row: EntityKey[sescheraun.WorldOfFutureDarkness.generator.User#5]
[DEBUG] 2018-10-03 12:04:24.668 [main] TwoPhaseLoad - Resolving associations for [sescheraun.WorldOfFutureDarkness.generator.User#1]
[DEBUG] 2018-10-03 12:04:24.668 [main] TwoPhaseLoad - Done materializing entity [sescheraun.WorldOfFutureDarkness.generator.User#1]
[DEBUG] 2018-10-03 12:04:24.669 [main] TwoPhaseLoad - Resolving associations for [sescheraun.WorldOfFutureDarkness.generator.User#2]
[DEBUG] 2018-10-03 12:04:24.669 [main] TwoPhaseLoad - Done materializing entity [sescheraun.WorldOfFutureDarkness.generator.User#2]
[DEBUG] 2018-10-03 12:04:24.669 [main] TwoPhaseLoad - Resolving associations for [sescheraun.WorldOfFutureDarkness.generator.User#3]
[DEBUG] 2018-10-03 12:04:24.670 [main] TwoPhaseLoad - Done materializing entity [sescheraun.WorldOfFutureDarkness.generator.User#3]
[DEBUG] 2018-10-03 12:04:24.670 [main] TwoPhaseLoad - Resolving associations for [sescheraun.WorldOfFutureDarkness.generator.User#4]
[DEBUG] 2018-10-03 12:04:24.671 [main] TwoPhaseLoad - Done materializing entity [sescheraun.WorldOfFutureDarkness.generator.User#4]
[DEBUG] 2018-10-03 12:04:24.671 [main] TwoPhaseLoad - Resolving associations for [sescheraun.WorldOfFutureDarkness.generator.User#5]
[DEBUG] 2018-10-03 12:04:24.672 [main] TwoPhaseLoad - Done materializing entity [sescheraun.WorldOfFutureDarkness.generator.User#5]
[DEBUG] 2018-10-03 12:04:24.684 [main] LogicalConnectionManagedImpl - Initiating JDBC connection release from afterTransaction
